[2026-05-08 16:29:10] [I] Duration before logging system: 0.0187958s
[2026-05-08 16:29:10] [I] LuaSTG Nexus v0.1.2
[2026-05-08 16:29:10] [I] [luastg] 初始化引擎
[2026-05-08 16:29:10] [I] [luastg] 初始化对象池，容量32768
[2026-05-08 16:29:10] [I] [luastg] 初始化luajit引擎
[2026-05-08 16:29:10] [I] [luajit] LuaJIT 2.1.1778074285
[2026-05-08 16:29:10] [I] [luajit] 注册标准库与内置包
[2026-05-08 16:29:10] [I] [luajit] [0] E:\STG\LuaSTG-Future\LuaSTG-Data\LuaSTG-Nex_Data\LuaSTGSub.exe
[2026-05-08 16:29:10] [I] [luastg] load configuration from script 'launch'
[2026-05-08 16:29:10] [I] [core] System: Windows 11 25H2
[2026-05-08 16:29:10] [I] [core] Kernel: NT OS Kernel 10.0.26100.8246 Kernel32 10.0.26100.8246
[2026-05-08 16:29:10] [I] [core] CPU: 11th Gen Intel(R) Core(TM) i5-1155G7 @ 2.50GHz
[2026-05-08 16:29:10] [I] [core] [GraphicsDevice] initializing...
[2026-05-08 16:29:10] [I] [core] [GraphicsDevice] enumerate physical devices
[2026-05-08 16:29:10] [I] [core] [GraphicsDeviceManager] Graphics System details:
    Features:
        Present allow tearing (Windows DXGI): supported
    Physical devices:
        Intel(R) Iris(R) Xe Graphics:
            Direct3D feature level: 12.1
            VendorId: 0x00008086
            DeviceId: 0x00009a49
            SubSysId: 0x1372152d
            Revision: 3
            Dedicated video memory: 134217728 (128.000MiB)
            Dedicated system memory: 0 (0B)
            Shared system memory: 4181356544 (3.894GiB)
            Adapter LUID: 00000000-00009c5c
            Flags: ACG_COMPATIBLE SUPPORT_MONITORED_FENCES KEYED_MUTEX_CONFORMANCE
            Graphics preemption granularity: PRIMITIVE_BOUNDARY
            Compute preemption granularity: THREAD_GROUP_BOUNDARY
    Physical devices (unmet requirements):
        Microsoft Basic Render Driver:
            Direct3D feature level: 12.1
            VendorId: 0x00001414
            DeviceId: 0x0000008c
            SubSysId: 0x00000000
            Revision: 0
            Dedicated video memory: 0 (0B)
            Dedicated system memory: 0 (0B)
            Shared system memory: 4181356544 (3.894GiB)
            Adapter LUID: 00000000-0000a233
            Flags: SOFTWARE ACG_COMPATIBLE SUPPORT_MONITORED_FENCES KEYED_MUTEX_CONFORMANCE
            Graphics preemption granularity: INSTRUCTION_BOUNDARY
            Compute preemption granularity: INSTRUCTION_BOUNDARY
[2026-05-08 16:29:10] [I] [core] [GraphicsDevice] current physical device: Intel(R) Iris(R) Xe Graphics
[2026-05-08 16:29:10] [I] [core] [GraphicsDevice] device feature support details:
    Direct3D feature level: 12.1
    Threading:
        Driver concurrent creates: supported
        Driver command lists: not supported
    Doubles:
        Double precision float shader ops: not supported
    Direct3D 10.x hardware options:
        ComputeShaders + Raw/StructuredBuffers via shader 4.x: supported
    Direct3D 11 options:
        Output merger logic op: supported
        UAV only rendering forced sample count: supported
        Discard APIs seen by driver: supported
        Flags for update and copy seen by driver: supported
        Clear view: supported
        Copy with overlap: supported
        ConstantBuffer partial update: supported
        ConstantBuffer offsetting: supported
        Map no overwrite on dynamic ConstantBuffer: supported
        Map no overwrite on dynamic buffer SRV: supported
        Multisample RTV with forced sample count one: supported
        SAD4 shader instructions: supported
        Extended doubles shader instructions: not supported
        Extended resource sharing: supported
    Architecture info:
        Tile based deferred renderer: no
    Direct3D 9 options:
        Full non-pow2 texture support: supported
    Shader min precision support:
        Pixel shader min precision: 16bit
        All other shader stages min precision: 16bit
    Direct3D 9 shadow support:
        Supports depth as texture with less-equal comparison filter: supported
    Direct3D 11 options 1:
        Tiled resources tier: 2
        Min max filtering: supported
        Clear view also supports depth only formats: supported
        Map on default buffers: supported
    Direct3D 9 simple instancing support:
        Simple instancing supported: supported
    Marker support:
        Profile: supported
    Direct3D 9 options 1:
        Full non-pow2 texture supported: supported
        Depth as texture with less-equal comparison filter supported: supported
        Simple instancing supported: supported
        TextureCube face RenderTarget with non cube DepthStencil supported: supported
    Direct3D 11 options 1:
        PS specified stencil ref supported: supported
        Typed UAV load additional formats: supported
        ROVs supported: supported
        Conservative rasterization tier: 3
        Tiled resources tier: 3
        Map on default textures: supported
        Standard swizzle: not supported
        Unified memory architecture: supported
    Direct3D 11 options 3:
        VP and RT array index from any shader feeding rasterizer: supported
    GPU virtual address support:
        Max GPU virtual address bits per resource: 44
        Max GPU virtual address bits per process: 47
    Direct3D 11 options 4:
        Extended NV12 shared texture supported: supported
    Shader cache:
        Support flags: NONE
    Direct3D 11 options 5:
        Shared resource tier: 3
    Displayable:
        Displayable texture: not supported
        Shared resource tier: 3
[2026-05-08 16:29:10] [I] [core] [GraphicsDevice] device format support details:
    R32G32B32A32_TYPELESS: TEXTURE1D TEXTURE2D TEXTURE3D TEXTURECUBE MIP CPU_LOCKABLE CAST_WITHIN_BIT_LAYOUT TILED SHAREABLE
    R32G32B32A32_FLOAT: BUFFER IA_VERTEX_BUFFER SO_BUFFER TEXTURE1D TEXTURE2D TEXTURE3D TEXTURECUBE SHADER_LOAD SHADER_SAMPLE MIP MIP_AUTOGEN RENDER_TARGET BLENDABLE CPU_LOCKABLE MULTISAMPLE_RESOLVE CAST_WITHIN_BIT_LAYOUT MULTISAMPLE_RENDERTARGET MULTISAMPLE_LOAD SHADER_GATHER TYPED_UNORDERED_ACCESS_VIEW UAV_TYPED_LOAD UAV_TYPED_STORE TILED SHAREABLE
    R32G32B32A32_UINT: BUFFER IA_VERTEX_BUFFER SO_BUFFER TEXTURE1D TEXTURE2D TEXTURE3D TEXTURECUBE SHADER_LOAD MIP RENDER_TARGET CPU_LOCKABLE CAST_WITHIN_BIT_LAYOUT MULTISAMPLE_RENDERTARGET MULTISAMPLE_LOAD TYPED_UNORDERED_ACCESS_VIEW UAV_TYPED_LOAD UAV_TYPED_STORE OUTPUT_MERGER_LOGIC_OP TILED SHAREABLE
    R32G32B32A32_SINT: BUFFER IA_VERTEX_BUFFER SO_BUFFER TEXTURE1D TEXTURE2D TEXTURE3D TEXTURECUBE SHADER_LOAD MIP RENDER_TARGET CPU_LOCKABLE CAST_WITHIN_BIT_LAYOUT MULTISAMPLE_RENDERTARGET MULTISAMPLE_LOAD TYPED_UNORDERED_ACCESS_VIEW UAV_TYPED_LOAD UAV_TYPED_STORE TILED SHAREABLE
    R32G32B32_TYPELESS: TEXTURE1D TEXTURE2D TEXTURE3D TEXTURECUBE MIP CPU_LOCKABLE CAST_WITHIN_BIT_LAYOUT
    R32G32B32_FLOAT: BUFFER IA_VERTEX_BUFFER SO_BUFFER TEXTURE1D TEXTURE2D TEXTURE3D TEXTURECUBE SHADER_LOAD SHADER_SAMPLE MIP CPU_LOCKABLE MULTISAMPLE_RESOLVE CAST_WITHIN_BIT_LAYOUT MULTISAMPLE_LOAD
    R32G32B32_UINT: BUFFER IA_VERTEX_BUFFER SO_BUFFER TEXTURE1D TEXTURE2D TEXTURE3D TEXTURECUBE SHADER_LOAD MIP CPU_LOCKABLE CAST_WITHIN_BIT_LAYOUT MULTISAMPLE_LOAD OUTPUT_MERGER_LOGIC_OP
    R32G32B32_SINT: BUFFER IA_VERTEX_BUFFER SO_BUFFER TEXTURE1D TEXTURE2D TEXTURE3D TEXTURECUBE SHADER_LOAD MIP CPU_LOCKABLE CAST_WITHIN_BIT_LAYOUT MULTISAMPLE_LOAD
    R16G16B16A16_TYPELESS: TEXTURE1D TEXTURE2D TEXTURE3D TEXTURECUBE MIP CPU_LOCKABLE CAST_WITHIN_BIT_LAYOUT TILED SHAREABLE
    R16G16B16A16_FLOAT: BUFFER IA_VERTEX_BUFFER TEXTURE1D TEXTURE2D TEXTURE3D TEXTURECUBE SHADER_LOAD SHADER_SAMPLE MIP MIP_AUTOGEN RENDER_TARGET BLENDABLE CPU_LOCKABLE MULTISAMPLE_RESOLVE DISPLAY CAST_WITHIN_BIT_LAYOUT MULTISAMPLE_RENDERTARGET MULTISAMPLE_LOAD SHADER_GATHER TYPED_UNORDERED_ACCESS_VIEW VIDEO_PROCESSOR_OUTPUT UAV_TYPED_LOAD UAV_TYPED_STORE TILED SHAREABLE DISPLAYABLE
    R16G16B16A16_UNORM: BUFFER IA_VERTEX_BUFFER TEXTURE1D TEXTURE2D TEXTURE3D TEXTURECUBE SHADER_LOAD SHADER_SAMPLE MIP MIP_AUTOGEN RENDER_TARGET BLENDABLE CPU_LOCKABLE MULTISAMPLE_RESOLVE CAST_WITHIN_BIT_LAYOUT MULTISAMPLE_RENDERTARGET MULTISAMPLE_LOAD SHADER_GATHER TYPED_UNORDERED_ACCESS_VIEW UAV_TYPED_LOAD UAV_TYPED_STORE TILED SHAREABLE
    R16G16B16A16_UINT: BUFFER IA_VERTEX_BUFFER TEXTURE1D TEXTURE2D TEXTURE3D TEXTURECUBE SHADER_LOAD MIP RENDER_TARGET CPU_LOCKABLE CAST_WITHIN_BIT_LAYOUT MULTISAMPLE_RENDERTARGET MULTISAMPLE_LOAD TYPED_UNORDERED_ACCESS_VIEW UAV_TYPED_LOAD UAV_TYPED_STORE OUTPUT_MERGER_LOGIC_OP TILED SHAREABLE
    R16G16B16A16_SNORM: BUFFER IA_VERTEX_BUFFER TEXTURE1D TEXTURE2D TEXTURE3D TEXTURECUBE SHADER_LOAD SHADER_SAMPLE MIP MIP_AUTOGEN RENDER_TARGET BLENDABLE CPU_LOCKABLE MULTISAMPLE_RESOLVE CAST_WITHIN_BIT_LAYOUT MULTISAMPLE_RENDERTARGET MULTISAMPLE_LOAD SHADER_GATHER TYPED_UNORDERED_ACCESS_VIEW UAV_TYPED_LOAD UAV_TYPED_STORE TILED SHAREABLE
    R16G16B16A16_SINT: BUFFER IA_VERTEX_BUFFER TEXTURE1D TEXTURE2D TEXTURE3D TEXTURECUBE SHADER_LOAD MIP RENDER_TARGET CPU_LOCKABLE CAST_WITHIN_BIT_LAYOUT MULTISAMPLE_RENDERTARGET MULTISAMPLE_LOAD TYPED_UNORDERED_ACCESS_VIEW UAV_TYPED_LOAD UAV_TYPED_STORE TILED SHAREABLE
    R32G32_TYPELESS: TEXTURE1D TEXTURE2D TEXTURE3D TEXTURECUBE MIP CPU_LOCKABLE CAST_WITHIN_BIT_LAYOUT TILED
    R32G32_FLOAT: BUFFER IA_VERTEX_BUFFER SO_BUFFER TEXTURE1D TEXTURE2D TEXTURE3D TEXTURECUBE SHADER_LOAD SHADER_SAMPLE MIP MIP_AUTOGEN RENDER_TARGET BLENDABLE CPU_LOCKABLE MULTISAMPLE_RESOLVE CAST_WITHIN_BIT_LAYOUT MULTISAMPLE_RENDERTARGET MULTISAMPLE_LOAD SHADER_GATHER TYPED_UNORDERED_ACCESS_VIEW UAV_TYPED_LOAD UAV_TYPED_STORE TILED
    R32G32_UINT: BUFFER IA_VERTEX_BUFFER SO_BUFFER TEXTURE1D TEXTURE2D TEXTURE3D TEXTURECUBE SHADER_LOAD MIP RENDER_TARGET CPU_LOCKABLE CAST_WITHIN_BIT_LAYOUT MULTISAMPLE_RENDERTARGET MULTISAMPLE_LOAD TYPED_UNORDERED_ACCESS_VIEW UAV_TYPED_LOAD UAV_TYPED_STORE OUTPUT_MERGER_LOGIC_OP TILED
    R32G32_SINT: BUFFER IA_VERTEX_BUFFER SO_BUFFER TEXTURE1D TEXTURE2D TEXTURE3D TEXTURECUBE SHADER_LOAD MIP RENDER_TARGET CPU_LOCKABLE CAST_WITHIN_BIT_LAYOUT MULTISAMPLE_RENDERTARGET MULTISAMPLE_LOAD TYPED_UNORDERED_ACCESS_VIEW UAV_TYPED_LOAD UAV_TYPED_STORE TILED
    R32G8X24_TYPELESS: TEXTURE1D TEXTURE2D TEXTURECUBE MIP CPU_LOCKABLE CAST_WITHIN_BIT_LAYOUT
    D32_FLOAT_S8X24_UINT: TEXTURE1D TEXTURE2D TEXTURECUBE MIP DEPTH_STENCIL CPU_LOCKABLE CAST_WITHIN_BIT_LAYOUT MULTISAMPLE_RENDERTARGET
    R32_FLOAT_X8X24_TYPELESS: TEXTURE1D TEXTURE2D TEXTURECUBE SHADER_LOAD SHADER_SAMPLE SHADER_SAMPLE_COMPARISON MIP CPU_LOCKABLE CAST_WITHIN_BIT_LAYOUT MULTISAMPLE_LOAD SHADER_GATHER SHADER_GATHER_COMPARISON
    X32_TYPELESS_G8X24_UINT: TEXTURE1D TEXTURE2D TEXTURECUBE SHADER_LOAD MIP CPU_LOCKABLE CAST_WITHIN_BIT_LAYOUT MULTISAMPLE_LOAD
    R10G10B10A2_TYPELESS: TEXTURE1D TEXTURE2D TEXTURE3D TEXTURECUBE MIP CPU_LOCKABLE CAST_WITHIN_BIT_LAYOUT TILED SHAREABLE
    R10G10B10A2_UNORM: BUFFER IA_VERTEX_BUFFER TEXTURE1D TEXTURE2D TEXTURE3D TEXTURECUBE SHADER_LOAD SHADER_SAMPLE MIP MIP_AUTOGEN RENDER_TARGET BLENDABLE CPU_LOCKABLE MULTISAMPLE_RESOLVE DISPLAY CAST_WITHIN_BIT_LAYOUT MULTISAMPLE_RENDERTARGET MULTISAMPLE_LOAD SHADER_GATHER BACK_BUFFER_CAST TYPED_UNORDERED_ACCESS_VIEW VIDEO_PROCESSOR_OUTPUT VIDEO_PROCESSOR_INPUT UAV_TYPED_STORE TILED SHAREABLE MULTIPLANE_OVERLAY DISPLAYABLE
    R10G10B10A2_UINT: BUFFER IA_VERTEX_BUFFER TEXTURE1D TEXTURE2D TEXTURE3D TEXTURECUBE SHADER_LOAD MIP RENDER_TARGET CPU_LOCKABLE CAST_WITHIN_BIT_LAYOUT MULTISAMPLE_RENDERTARGET MULTISAMPLE_LOAD TYPED_UNORDERED_ACCESS_VIEW UAV_TYPED_STORE OUTPUT_MERGER_LOGIC_OP TILED SHAREABLE
    R11G11B10_FLOAT: BUFFER IA_VERTEX_BUFFER TEXTURE1D TEXTURE2D TEXTURE3D TEXTURECUBE SHADER_LOAD SHADER_SAMPLE MIP MIP_AUTOGEN RENDER_TARGET BLENDABLE CPU_LOCKABLE MULTISAMPLE_RESOLVE MULTISAMPLE_RENDERTARGET MULTISAMPLE_LOAD SHADER_GATHER TYPED_UNORDERED_ACCESS_VIEW UAV_TYPED_STORE TILED SHAREABLE
    R8G8B8A8_TYPELESS: TEXTURE1D TEXTURE2D TEXTURE3D TEXTURECUBE MIP CPU_LOCKABLE CAST_WITHIN_BIT_LAYOUT TILED SHAREABLE
    R8G8B8A8_UNORM: BUFFER IA_VERTEX_BUFFER TEXTURE1D TEXTURE2D TEXTURE3D TEXTURECUBE SHADER_LOAD SHADER_SAMPLE MIP MIP_AUTOGEN RENDER_TARGET BLENDABLE CPU_LOCKABLE MULTISAMPLE_RESOLVE DISPLAY CAST_WITHIN_BIT_LAYOUT MULTISAMPLE_RENDERTARGET MULTISAMPLE_LOAD SHADER_GATHER BACK_BUFFER_CAST TYPED_UNORDERED_ACCESS_VIEW VIDEO_PROCESSOR_OUTPUT VIDEO_PROCESSOR_INPUT UAV_TYPED_LOAD UAV_TYPED_STORE TILED SHAREABLE DISPLAYABLE
    R8G8B8A8_UNORM_SRGB: TEXTURE1D TEXTURE2D TEXTURE3D TEXTURECUBE SHADER_LOAD SHADER_SAMPLE MIP MIP_AUTOGEN RENDER_TARGET BLENDABLE CPU_LOCKABLE MULTISAMPLE_RESOLVE DISPLAY CAST_WITHIN_BIT_LAYOUT MULTISAMPLE_RENDERTARGET MULTISAMPLE_LOAD SHADER_GATHER BACK_BUFFER_CAST VIDEO_PROCESSOR_OUTPUT TILED SHAREABLE
    R8G8B8A8_UINT: BUFFER IA_VERTEX_BUFFER TEXTURE1D TEXTURE2D TEXTURE3D TEXTURECUBE SHADER_LOAD MIP RENDER_TARGET CPU_LOCKABLE CAST_WITHIN_BIT_LAYOUT MULTISAMPLE_RENDERTARGET MULTISAMPLE_LOAD TYPED_UNORDERED_ACCESS_VIEW UAV_TYPED_LOAD UAV_TYPED_STORE OUTPUT_MERGER_LOGIC_OP TILED SHAREABLE
    R8G8B8A8_SNORM: BUFFER IA_VERTEX_BUFFER TEXTURE1D TEXTURE2D TEXTURE3D TEXTURECUBE SHADER_LOAD SHADER_SAMPLE MIP MIP_AUTOGEN RENDER_TARGET BLENDABLE CPU_LOCKABLE MULTISAMPLE_RESOLVE CAST_WITHIN_BIT_LAYOUT MULTISAMPLE_RENDERTARGET MULTISAMPLE_LOAD SHADER_GATHER TYPED_UNORDERED_ACCESS_VIEW UAV_TYPED_LOAD UAV_TYPED_STORE TILED SHAREABLE
    R8G8B8A8_SINT: BUFFER IA_VERTEX_BUFFER TEXTURE1D TEXTURE2D TEXTURE3D TEXTURECUBE SHADER_LOAD MIP RENDER_TARGET CPU_LOCKABLE CAST_WITHIN_BIT_LAYOUT MULTISAMPLE_RENDERTARGET MULTISAMPLE_LOAD TYPED_UNORDERED_ACCESS_VIEW UAV_TYPED_LOAD UAV_TYPED_STORE TILED SHAREABLE
    R16G16_TYPELESS: TEXTURE1D TEXTURE2D TEXTURE3D TEXTURECUBE MIP CPU_LOCKABLE CAST_WITHIN_BIT_LAYOUT TILED SHAREABLE
    R16G16_FLOAT: BUFFER IA_VERTEX_BUFFER TEXTURE1D TEXTURE2D TEXTURE3D TEXTURECUBE SHADER_LOAD SHADER_SAMPLE MIP MIP_AUTOGEN RENDER_TARGET BLENDABLE CPU_LOCKABLE MULTISAMPLE_RESOLVE CAST_WITHIN_BIT_LAYOUT MULTISAMPLE_RENDERTARGET MULTISAMPLE_LOAD SHADER_GATHER TYPED_UNORDERED_ACCESS_VIEW UAV_TYPED_STORE TILED SHAREABLE
    R16G16_UNORM: BUFFER IA_VERTEX_BUFFER TEXTURE1D TEXTURE2D TEXTURE3D TEXTURECUBE SHADER_LOAD SHADER_SAMPLE MIP MIP_AUTOGEN RENDER_TARGET BLENDABLE CPU_LOCKABLE MULTISAMPLE_RESOLVE CAST_WITHIN_BIT_LAYOUT MULTISAMPLE_RENDERTARGET MULTISAMPLE_LOAD SHADER_GATHER TYPED_UNORDERED_ACCESS_VIEW UAV_TYPED_LOAD UAV_TYPED_STORE TILED SHAREABLE
    R16G16_UINT: BUFFER IA_VERTEX_BUFFER TEXTURE1D TEXTURE2D TEXTURE3D TEXTURECUBE SHADER_LOAD MIP RENDER_TARGET CPU_LOCKABLE CAST_WITHIN_BIT_LAYOUT MULTISAMPLE_RENDERTARGET MULTISAMPLE_LOAD TYPED_UNORDERED_ACCESS_VIEW UAV_TYPED_LOAD UAV_TYPED_STORE OUTPUT_MERGER_LOGIC_OP TILED SHAREABLE
    R16G16_SNORM: BUFFER IA_VERTEX_BUFFER TEXTURE1D TEXTURE2D TEXTURE3D TEXTURECUBE SHADER_LOAD SHADER_SAMPLE MIP MIP_AUTOGEN RENDER_TARGET BLENDABLE CPU_LOCKABLE MULTISAMPLE_RESOLVE CAST_WITHIN_BIT_LAYOUT MULTISAMPLE_RENDERTARGET MULTISAMPLE_LOAD SHADER_GATHER TYPED_UNORDERED_ACCESS_VIEW UAV_TYPED_LOAD UAV_TYPED_STORE TILED SHAREABLE
    R16G16_SINT: BUFFER IA_VERTEX_BUFFER TEXTURE1D TEXTURE2D TEXTURE3D TEXTURECUBE SHADER_LOAD MIP RENDER_TARGET CPU_LOCKABLE CAST_WITHIN_BIT_LAYOUT MULTISAMPLE_RENDERTARGET MULTISAMPLE_LOAD TYPED_UNORDERED_ACCESS_VIEW UAV_TYPED_LOAD UAV_TYPED_STORE TILED SHAREABLE
    R32_TYPELESS: TEXTURE1D TEXTURE2D TEXTURE3D TEXTURECUBE MIP CPU_LOCKABLE CAST_WITHIN_BIT_LAYOUT TILED SHAREABLE
    D32_FLOAT: TEXTURE1D TEXTURE2D TEXTURECUBE MIP DEPTH_STENCIL CPU_LOCKABLE CAST_WITHIN_BIT_LAYOUT MULTISAMPLE_RENDERTARGET TILED SHAREABLE
    R32_FLOAT: BUFFER IA_VERTEX_BUFFER SO_BUFFER TEXTURE1D TEXTURE2D TEXTURE3D TEXTURECUBE SHADER_LOAD SHADER_SAMPLE SHADER_SAMPLE_COMPARISON MIP MIP_AUTOGEN RENDER_TARGET BLENDABLE CPU_LOCKABLE MULTISAMPLE_RESOLVE CAST_WITHIN_BIT_LAYOUT MULTISAMPLE_RENDERTARGET MULTISAMPLE_LOAD SHADER_GATHER TYPED_UNORDERED_ACCESS_VIEW SHADER_GATHER_COMPARISON UAV_ATOMIC_EXCHANGE UAV_TYPED_LOAD UAV_TYPED_STORE TILED SHAREABLE
    R32_UINT: BUFFER IA_VERTEX_BUFFER IA_INDEX_BUFFER SO_BUFFER TEXTURE1D TEXTURE2D TEXTURE3D TEXTURECUBE SHADER_LOAD MIP RENDER_TARGET CPU_LOCKABLE CAST_WITHIN_BIT_LAYOUT MULTISAMPLE_RENDERTARGET MULTISAMPLE_LOAD TYPED_UNORDERED_ACCESS_VIEW UAV_ATOMIC_ADD UAV_ATOMIC_BITWISE_OPS UAV_ATOMIC_COMPARE_STORE_OR_COMPARE_EXCHANGE UAV_ATOMIC_EXCHANGE UAV_ATOMIC_SIGNED_MIN_OR_MAX UAV_ATOMIC_UNSIGNED_MIN_OR_MAX UAV_TYPED_LOAD UAV_TYPED_STORE OUTPUT_MERGER_LOGIC_OP TILED SHAREABLE
    R32_SINT: BUFFER IA_VERTEX_BUFFER SO_BUFFER TEXTURE1D TEXTURE2D TEXTURE3D TEXTURECUBE SHADER_LOAD MIP RENDER_TARGET CPU_LOCKABLE CAST_WITHIN_BIT_LAYOUT MULTISAMPLE_RENDERTARGET MULTISAMPLE_LOAD TYPED_UNORDERED_ACCESS_VIEW UAV_ATOMIC_ADD UAV_ATOMIC_BITWISE_OPS UAV_ATOMIC_COMPARE_STORE_OR_COMPARE_EXCHANGE UAV_ATOMIC_EXCHANGE UAV_ATOMIC_SIGNED_MIN_OR_MAX UAV_ATOMIC_UNSIGNED_MIN_OR_MAX UAV_TYPED_LOAD UAV_TYPED_STORE TILED SHAREABLE
    R24G8_TYPELESS: TEXTURE1D TEXTURE2D TEXTURECUBE MIP CPU_LOCKABLE CAST_WITHIN_BIT_LAYOUT
    D24_UNORM_S8_UINT: TEXTURE1D TEXTURE2D TEXTURECUBE MIP DEPTH_STENCIL CPU_LOCKABLE CAST_WITHIN_BIT_LAYOUT MULTISAMPLE_RENDERTARGET
    R24_UNORM_X8_TYPELESS: TEXTURE1D TEXTURE2D TEXTURECUBE SHADER_LOAD SHADER_SAMPLE SHADER_SAMPLE_COMPARISON MIP CPU_LOCKABLE CAST_WITHIN_BIT_LAYOUT MULTISAMPLE_LOAD SHADER_GATHER SHADER_GATHER_COMPARISON
    X24_TYPELESS_G8_UINT: TEXTURE1D TEXTURE2D TEXTURECUBE SHADER_LOAD MIP CPU_LOCKABLE CAST_WITHIN_BIT_LAYOUT MULTISAMPLE_LOAD
    R8G8_TYPELESS: TEXTURE1D TEXTURE2D TEXTURE3D TEXTURECUBE MIP CPU_LOCKABLE CAST_WITHIN_BIT_LAYOUT TILED SHAREABLE
    R8G8_UNORM: BUFFER IA_VERTEX_BUFFER TEXTURE1D TEXTURE2D TEXTURE3D TEXTURECUBE SHADER_LOAD SHADER_SAMPLE MIP MIP_AUTOGEN RENDER_TARGET BLENDABLE CPU_LOCKABLE MULTISAMPLE_RESOLVE CAST_WITHIN_BIT_LAYOUT MULTISAMPLE_RENDERTARGET MULTISAMPLE_LOAD SHADER_GATHER TYPED_UNORDERED_ACCESS_VIEW UAV_TYPED_LOAD UAV_TYPED_STORE TILED SHAREABLE
    R8G8_UINT: BUFFER IA_VERTEX_BUFFER TEXTURE1D TEXTURE2D TEXTURE3D TEXTURECUBE SHADER_LOAD MIP RENDER_TARGET CPU_LOCKABLE CAST_WITHIN_BIT_LAYOUT MULTISAMPLE_RENDERTARGET MULTISAMPLE_LOAD TYPED_UNORDERED_ACCESS_VIEW UAV_TYPED_LOAD UAV_TYPED_STORE OUTPUT_MERGER_LOGIC_OP TILED SHAREABLE
    R8G8_SNORM: BUFFER IA_VERTEX_BUFFER TEXTURE1D TEXTURE2D TEXTURE3D TEXTURECUBE SHADER_LOAD SHADER_SAMPLE MIP MIP_AUTOGEN RENDER_TARGET BLENDABLE CPU_LOCKABLE MULTISAMPLE_RESOLVE CAST_WITHIN_BIT_LAYOUT MULTISAMPLE_RENDERTARGET MULTISAMPLE_LOAD SHADER_GATHER TYPED_UNORDERED_ACCESS_VIEW UAV_TYPED_LOAD UAV_TYPED_STORE TILED SHAREABLE
    R8G8_SINT: BUFFER IA_VERTEX_BUFFER TEXTURE1D TEXTURE2D TEXTURE3D TEXTURECUBE SHADER_LOAD MIP RENDER_TARGET CPU_LOCKABLE CAST_WITHIN_BIT_LAYOUT MULTISAMPLE_RENDERTARGET MULTISAMPLE_LOAD TYPED_UNORDERED_ACCESS_VIEW UAV_TYPED_LOAD UAV_TYPED_STORE TILED SHAREABLE
    R16_TYPELESS: TEXTURE1D TEXTURE2D TEXTURE3D TEXTURECUBE MIP CPU_LOCKABLE CAST_WITHIN_BIT_LAYOUT TILED SHAREABLE
    R16_FLOAT: BUFFER IA_VERTEX_BUFFER TEXTURE1D TEXTURE2D TEXTURE3D TEXTURECUBE SHADER_LOAD SHADER_SAMPLE MIP MIP_AUTOGEN RENDER_TARGET BLENDABLE CPU_LOCKABLE MULTISAMPLE_RESOLVE CAST_WITHIN_BIT_LAYOUT MULTISAMPLE_RENDERTARGET MULTISAMPLE_LOAD SHADER_GATHER TYPED_UNORDERED_ACCESS_VIEW UAV_TYPED_LOAD UAV_TYPED_STORE TILED SHAREABLE
    D16_UNORM: TEXTURE1D TEXTURE2D TEXTURECUBE MIP DEPTH_STENCIL CPU_LOCKABLE CAST_WITHIN_BIT_LAYOUT MULTISAMPLE_RENDERTARGET TILED SHAREABLE
    R16_UNORM: BUFFER IA_VERTEX_BUFFER TEXTURE1D TEXTURE2D TEXTURE3D TEXTURECUBE SHADER_LOAD SHADER_SAMPLE SHADER_SAMPLE_COMPARISON MIP MIP_AUTOGEN RENDER_TARGET BLENDABLE CPU_LOCKABLE MULTISAMPLE_RESOLVE CAST_WITHIN_BIT_LAYOUT MULTISAMPLE_RENDERTARGET MULTISAMPLE_LOAD SHADER_GATHER TYPED_UNORDERED_ACCESS_VIEW SHADER_GATHER_COMPARISON UAV_TYPED_LOAD UAV_TYPED_STORE TILED SHAREABLE
    R16_UINT: BUFFER IA_VERTEX_BUFFER IA_INDEX_BUFFER TEXTURE1D TEXTURE2D TEXTURE3D TEXTURECUBE SHADER_LOAD MIP RENDER_TARGET CPU_LOCKABLE CAST_WITHIN_BIT_LAYOUT MULTISAMPLE_RENDERTARGET MULTISAMPLE_LOAD TYPED_UNORDERED_ACCESS_VIEW UAV_TYPED_LOAD UAV_TYPED_STORE OUTPUT_MERGER_LOGIC_OP TILED SHAREABLE
    R16_SNORM: BUFFER IA_VERTEX_BUFFER TEXTURE1D TEXTURE2D TEXTURE3D TEXTURECUBE SHADER_LOAD SHADER_SAMPLE MIP MIP_AUTOGEN RENDER_TARGET BLENDABLE CPU_LOCKABLE MULTISAMPLE_RESOLVE CAST_WITHIN_BIT_LAYOUT MULTISAMPLE_RENDERTARGET MULTISAMPLE_LOAD SHADER_GATHER TYPED_UNORDERED_ACCESS_VIEW UAV_TYPED_LOAD UAV_TYPED_STORE TILED SHAREABLE
    R16_SINT: BUFFER IA_VERTEX_BUFFER TEXTURE1D TEXTURE2D TEXTURE3D TEXTURECUBE SHADER_LOAD MIP RENDER_TARGET CPU_LOCKABLE CAST_WITHIN_BIT_LAYOUT MULTISAMPLE_RENDERTARGET MULTISAMPLE_LOAD TYPED_UNORDERED_ACCESS_VIEW UAV_TYPED_LOAD UAV_TYPED_STORE TILED SHAREABLE
    R8_TYPELESS: TEXTURE1D TEXTURE2D TEXTURE3D TEXTURECUBE MIP CPU_LOCKABLE CAST_WITHIN_BIT_LAYOUT TILED SHAREABLE
    R8_UNORM: BUFFER IA_VERTEX_BUFFER TEXTURE1D TEXTURE2D TEXTURE3D TEXTURECUBE SHADER_LOAD SHADER_SAMPLE MIP MIP_AUTOGEN RENDER_TARGET BLENDABLE CPU_LOCKABLE MULTISAMPLE_RESOLVE CAST_WITHIN_BIT_LAYOUT MULTISAMPLE_RENDERTARGET MULTISAMPLE_LOAD SHADER_GATHER TYPED_UNORDERED_ACCESS_VIEW UAV_TYPED_LOAD UAV_TYPED_STORE TILED SHAREABLE
    R8_UINT: BUFFER IA_VERTEX_BUFFER TEXTURE1D TEXTURE2D TEXTURE3D TEXTURECUBE SHADER_LOAD MIP RENDER_TARGET CPU_LOCKABLE CAST_WITHIN_BIT_LAYOUT MULTISAMPLE_RENDERTARGET MULTISAMPLE_LOAD TYPED_UNORDERED_ACCESS_VIEW UAV_TYPED_LOAD UAV_TYPED_STORE OUTPUT_MERGER_LOGIC_OP TILED SHAREABLE
    R8_SNORM: BUFFER IA_VERTEX_BUFFER TEXTURE1D TEXTURE2D TEXTURE3D TEXTURECUBE SHADER_LOAD SHADER_SAMPLE MIP MIP_AUTOGEN RENDER_TARGET BLENDABLE CPU_LOCKABLE MULTISAMPLE_RESOLVE CAST_WITHIN_BIT_LAYOUT MULTISAMPLE_RENDERTARGET MULTISAMPLE_LOAD SHADER_GATHER TYPED_UNORDERED_ACCESS_VIEW UAV_TYPED_LOAD UAV_TYPED_STORE TILED SHAREABLE
    R8_SINT: BUFFER IA_VERTEX_BUFFER TEXTURE1D TEXTURE2D TEXTURE3D TEXTURECUBE SHADER_LOAD MIP RENDER_TARGET CPU_LOCKABLE CAST_WITHIN_BIT_LAYOUT MULTISAMPLE_RENDERTARGET MULTISAMPLE_LOAD TYPED_UNORDERED_ACCESS_VIEW UAV_TYPED_LOAD UAV_TYPED_STORE TILED SHAREABLE
    A8_UNORM: TEXTURE1D TEXTURE2D TEXTURE3D TEXTURECUBE SHADER_LOAD SHADER_SAMPLE MIP MIP_AUTOGEN RENDER_TARGET BLENDABLE CPU_LOCKABLE MULTISAMPLE_RESOLVE MULTISAMPLE_RENDERTARGET MULTISAMPLE_LOAD SHADER_GATHER TYPED_UNORDERED_ACCESS_VIEW UAV_TYPED_LOAD UAV_TYPED_STORE TILED SHAREABLE
    R1_UNORM:
    R9G9B9E5_SHAREDEXP: TEXTURE1D TEXTURE2D TEXTURE3D TEXTURECUBE SHADER_LOAD SHADER_SAMPLE MIP CPU_LOCKABLE SHADER_GATHER TILED SHAREABLE
    R8G8_B8G8_UNORM: TEXTURE1D TEXTURE2D TEXTURE3D TEXTURECUBE SHADER_LOAD SHADER_SAMPLE MIP CPU_LOCKABLE SHADER_GATHER
    G8R8_G8B8_UNORM: TEXTURE1D TEXTURE2D TEXTURE3D TEXTURECUBE SHADER_LOAD SHADER_SAMPLE MIP CPU_LOCKABLE SHADER_GATHER
    BC1_TYPELESS: TEXTURE2D TEXTURE3D TEXTURECUBE MIP CPU_LOCKABLE CAST_WITHIN_BIT_LAYOUT TILED SHAREABLE
    BC1_UNORM: TEXTURE2D TEXTURE3D TEXTURECUBE SHADER_LOAD SHADER_SAMPLE MIP CPU_LOCKABLE CAST_WITHIN_BIT_LAYOUT SHADER_GATHER TILED SHAREABLE
    BC1_UNORM_SRGB: TEXTURE2D TEXTURE3D TEXTURECUBE SHADER_LOAD SHADER_SAMPLE MIP CPU_LOCKABLE CAST_WITHIN_BIT_LAYOUT SHADER_GATHER TILED SHAREABLE
    BC2_TYPELESS: TEXTURE2D TEXTURE3D TEXTURECUBE MIP CPU_LOCKABLE CAST_WITHIN_BIT_LAYOUT TILED SHAREABLE
    BC2_UNORM: TEXTURE2D TEXTURE3D TEXTURECUBE SHADER_LOAD SHADER_SAMPLE MIP CPU_LOCKABLE CAST_WITHIN_BIT_LAYOUT SHADER_GATHER TILED SHAREABLE
    BC2_UNORM_SRGB: TEXTURE2D TEXTURE3D TEXTURECUBE SHADER_LOAD SHADER_SAMPLE MIP CPU_LOCKABLE CAST_WITHIN_BIT_LAYOUT SHADER_GATHER TILED SHAREABLE
    BC3_TYPELESS: TEXTURE2D TEXTURE3D TEXTURECUBE MIP CPU_LOCKABLE CAST_WITHIN_BIT_LAYOUT TILED SHAREABLE
    BC3_UNORM: TEXTURE2D TEXTURE3D TEXTURECUBE SHADER_LOAD SHADER_SAMPLE MIP CPU_LOCKABLE CAST_WITHIN_BIT_LAYOUT SHADER_GATHER TILED SHAREABLE
    BC3_UNORM_SRGB: TEXTURE2D TEXTURE3D TEXTURECUBE SHADER_LOAD SHADER_SAMPLE MIP CPU_LOCKABLE CAST_WITHIN_BIT_LAYOUT SHADER_GATHER TILED SHAREABLE
    BC4_TYPELESS: TEXTURE2D TEXTURE3D TEXTURECUBE MIP CPU_LOCKABLE CAST_WITHIN_BIT_LAYOUT TILED
    BC4_UNORM: TEXTURE2D TEXTURE3D TEXTURECUBE SHADER_LOAD SHADER_SAMPLE MIP CPU_LOCKABLE CAST_WITHIN_BIT_LAYOUT SHADER_GATHER TILED
    BC4_SNORM: TEXTURE2D TEXTURE3D TEXTURECUBE SHADER_LOAD SHADER_SAMPLE MIP CPU_LOCKABLE CAST_WITHIN_BIT_LAYOUT SHADER_GATHER TILED
    BC5_TYPELESS: TEXTURE2D TEXTURE3D TEXTURECUBE MIP CPU_LOCKABLE CAST_WITHIN_BIT_LAYOUT TILED
    BC5_UNORM: TEXTURE2D TEXTURE3D TEXTURECUBE SHADER_LOAD SHADER_SAMPLE MIP CPU_LOCKABLE CAST_WITHIN_BIT_LAYOUT SHADER_GATHER TILED
    BC5_SNORM: TEXTURE2D TEXTURE3D TEXTURECUBE SHADER_LOAD SHADER_SAMPLE MIP CPU_LOCKABLE CAST_WITHIN_BIT_LAYOUT SHADER_GATHER TILED
    B5G6R5_UNORM: BUFFER TEXTURE1D TEXTURE2D TEXTURE3D TEXTURECUBE SHADER_LOAD SHADER_SAMPLE MIP MIP_AUTOGEN RENDER_TARGET BLENDABLE CPU_LOCKABLE MULTISAMPLE_RESOLVE MULTISAMPLE_RENDERTARGET MULTISAMPLE_LOAD SHADER_GATHER TILED
    B5G5R5A1_UNORM: BUFFER TEXTURE1D TEXTURE2D TEXTURE3D TEXTURECUBE SHADER_LOAD SHADER_SAMPLE MIP MIP_AUTOGEN RENDER_TARGET BLENDABLE CPU_LOCKABLE MULTISAMPLE_RESOLVE MULTISAMPLE_RENDERTARGET MULTISAMPLE_LOAD SHADER_GATHER TILED
    B8G8R8A8_UNORM: BUFFER IA_VERTEX_BUFFER TEXTURE1D TEXTURE2D TEXTURE3D TEXTURECUBE SHADER_LOAD SHADER_SAMPLE MIP MIP_AUTOGEN RENDER_TARGET BLENDABLE CPU_LOCKABLE MULTISAMPLE_RESOLVE DISPLAY CAST_WITHIN_BIT_LAYOUT MULTISAMPLE_RENDERTARGET MULTISAMPLE_LOAD SHADER_GATHER BACK_BUFFER_CAST TYPED_UNORDERED_ACCESS_VIEW VIDEO_PROCESSOR_OUTPUT VIDEO_PROCESSOR_INPUT UAV_TYPED_LOAD UAV_TYPED_STORE TILED SHAREABLE DISPLAYABLE
    B8G8R8X8_UNORM: BUFFER IA_VERTEX_BUFFER TEXTURE1D TEXTURE2D TEXTURE3D TEXTURECUBE SHADER_LOAD SHADER_SAMPLE MIP MIP_AUTOGEN RENDER_TARGET BLENDABLE CPU_LOCKABLE MULTISAMPLE_RESOLVE CAST_WITHIN_BIT_LAYOUT MULTISAMPLE_RENDERTARGET MULTISAMPLE_LOAD SHADER_GATHER VIDEO_PROCESSOR_OUTPUT VIDEO_PROCESSOR_INPUT TILED SHAREABLE
    R10G10B10_XR_BIAS_A2_UNORM: TEXTURE2D CPU_LOCKABLE DISPLAY CAST_WITHIN_BIT_LAYOUT BACK_BUFFER_CAST VIDEO_PROCESSOR_OUTPUT TILED SHAREABLE
    B8G8R8A8_TYPELESS: TEXTURE1D TEXTURE2D TEXTURE3D TEXTURECUBE MIP CPU_LOCKABLE CAST_WITHIN_BIT_LAYOUT TILED SHAREABLE
    B8G8R8A8_UNORM_SRGB: TEXTURE1D TEXTURE2D TEXTURE3D TEXTURECUBE SHADER_LOAD SHADER_SAMPLE MIP MIP_AUTOGEN RENDER_TARGET BLENDABLE CPU_LOCKABLE MULTISAMPLE_RESOLVE DISPLAY CAST_WITHIN_BIT_LAYOUT MULTISAMPLE_RENDERTARGET MULTISAMPLE_LOAD SHADER_GATHER BACK_BUFFER_CAST VIDEO_PROCESSOR_OUTPUT TILED SHAREABLE
    B8G8R8X8_TYPELESS: TEXTURE1D TEXTURE2D TEXTURE3D TEXTURECUBE MIP CPU_LOCKABLE CAST_WITHIN_BIT_LAYOUT TILED SHAREABLE
    B8G8R8X8_UNORM_SRGB: TEXTURE1D TEXTURE2D TEXTURE3D TEXTURECUBE SHADER_LOAD SHADER_SAMPLE MIP MIP_AUTOGEN RENDER_TARGET BLENDABLE CPU_LOCKABLE MULTISAMPLE_RESOLVE CAST_WITHIN_BIT_LAYOUT MULTISAMPLE_RENDERTARGET MULTISAMPLE_LOAD SHADER_GATHER TILED SHAREABLE
    BC6H_TYPELESS: TEXTURE2D TEXTURE3D TEXTURECUBE MIP CPU_LOCKABLE CAST_WITHIN_BIT_LAYOUT TILED
    BC6H_UF16: TEXTURE2D TEXTURE3D TEXTURECUBE SHADER_LOAD SHADER_SAMPLE MIP CPU_LOCKABLE CAST_WITHIN_BIT_LAYOUT SHADER_GATHER TILED
    BC6H_SF16: TEXTURE2D TEXTURE3D TEXTURECUBE SHADER_LOAD SHADER_SAMPLE MIP CPU_LOCKABLE CAST_WITHIN_BIT_LAYOUT SHADER_GATHER TILED
    BC7_TYPELESS: TEXTURE2D TEXTURE3D TEXTURECUBE MIP CPU_LOCKABLE CAST_WITHIN_BIT_LAYOUT TILED
    BC7_UNORM: TEXTURE2D TEXTURE3D TEXTURECUBE SHADER_LOAD SHADER_SAMPLE MIP CPU_LOCKABLE CAST_WITHIN_BIT_LAYOUT SHADER_GATHER TILED
    BC7_UNORM_SRGB: TEXTURE2D TEXTURE3D TEXTURECUBE SHADER_LOAD SHADER_SAMPLE MIP CPU_LOCKABLE CAST_WITHIN_BIT_LAYOUT SHADER_GATHER TILED
    AYUV: TEXTURE2D SHADER_LOAD SHADER_SAMPLE MIP MIP_AUTOGEN RENDER_TARGET BLENDABLE CPU_LOCKABLE SHADER_GATHER TYPED_UNORDERED_ACCESS_VIEW DECODER_OUTPUT VIDEO_PROCESSOR_OUTPUT VIDEO_PROCESSOR_INPUT UAV_TYPED_STORE SHAREABLE
    Y410: TEXTURE2D SHADER_LOAD SHADER_SAMPLE CPU_LOCKABLE SHADER_GATHER TYPED_UNORDERED_ACCESS_VIEW DECODER_OUTPUT VIDEO_PROCESSOR_OUTPUT VIDEO_PROCESSOR_INPUT UAV_TYPED_STORE SHAREABLE
    Y416: TEXTURE2D SHADER_LOAD SHADER_SAMPLE MIP CPU_LOCKABLE SHADER_GATHER TYPED_UNORDERED_ACCESS_VIEW DECODER_OUTPUT VIDEO_PROCESSOR_OUTPUT VIDEO_PROCESSOR_INPUT UAV_TYPED_STORE SHAREABLE
    NV12: TEXTURE2D SHADER_LOAD SHADER_SAMPLE RENDER_TARGET BLENDABLE CPU_LOCKABLE SHADER_GATHER TYPED_UNORDERED_ACCESS_VIEW DECODER_OUTPUT VIDEO_PROCESSOR_OUTPUT VIDEO_PROCESSOR_INPUT VIDEO_ENCODER UAV_TYPED_STORE SHAREABLE MULTIPLANE_OVERLAY DISPLAYABLE
    P010: TEXTURE2D SHADER_LOAD SHADER_SAMPLE RENDER_TARGET BLENDABLE CPU_LOCKABLE SHADER_GATHER TYPED_UNORDERED_ACCESS_VIEW DECODER_OUTPUT VIDEO_PROCESSOR_OUTPUT VIDEO_PROCESSOR_INPUT VIDEO_ENCODER UAV_TYPED_STORE SHAREABLE
    P016: TEXTURE2D SHADER_LOAD SHADER_SAMPLE RENDER_TARGET BLENDABLE CPU_LOCKABLE SHADER_GATHER TYPED_UNORDERED_ACCESS_VIEW DECODER_OUTPUT VIDEO_PROCESSOR_OUTPUT VIDEO_PROCESSOR_INPUT UAV_TYPED_STORE SHAREABLE
    420_OPAQUE: TEXTURE2D DECODER_OUTPUT VIDEO_PROCESSOR_OUTPUT VIDEO_PROCESSOR_INPUT SHAREABLE
    YUY2: TEXTURE2D SHADER_LOAD SHADER_SAMPLE CPU_LOCKABLE SHADER_GATHER TYPED_UNORDERED_ACCESS_VIEW DECODER_OUTPUT VIDEO_PROCESSOR_OUTPUT VIDEO_PROCESSOR_INPUT UAV_TYPED_STORE SHAREABLE MULTIPLANE_OVERLAY DISPLAYABLE
    Y210: TEXTURE2D SHADER_LOAD SHADER_SAMPLE CPU_LOCKABLE SHADER_GATHER TYPED_UNORDERED_ACCESS_VIEW DECODER_OUTPUT VIDEO_PROCESSOR_OUTPUT VIDEO_PROCESSOR_INPUT UAV_TYPED_STORE SHAREABLE MULTIPLANE_OVERLAY
    Y216: TEXTURE2D SHADER_LOAD SHADER_SAMPLE CPU_LOCKABLE SHADER_GATHER TYPED_UNORDERED_ACCESS_VIEW DECODER_OUTPUT VIDEO_PROCESSOR_OUTPUT VIDEO_PROCESSOR_INPUT UAV_TYPED_STORE SHAREABLE MULTIPLANE_OVERLAY
    NV11:
    AI44: TEXTURE2D CPU_LOCKABLE VIDEO_PROCESSOR_INPUT
    IA44: TEXTURE2D CPU_LOCKABLE VIDEO_PROCESSOR_INPUT
    P8: TEXTURE2D CPU_LOCKABLE VIDEO_PROCESSOR_INPUT
    A8P8: TEXTURE2D CPU_LOCKABLE VIDEO_PROCESSOR_INPUT
    B4G4R4A4_UNORM: BUFFER TEXTURE1D TEXTURE2D TEXTURE3D TEXTURECUBE SHADER_LOAD SHADER_SAMPLE MIP MIP_AUTOGEN RENDER_TARGET BLENDABLE CPU_LOCKABLE MULTISAMPLE_RESOLVE MULTISAMPLE_RENDERTARGET MULTISAMPLE_LOAD SHADER_GATHER TILED
    P208:
    V208:
    V408:
    SAMPLER_FEEDBACK_MIN_MIP_OPAQUE:
    SAMPLER_FEEDBACK_MIP_REGION_USED_OPAQUE:
    A4B4G4R4_UNORM:
[2026-05-08 16:29:10] [I] [core] [GraphicsDevice] initialization complete
[2026-05-08 16:29:10] [I] [core] Graphics Device: Intel(R) Iris(R) Xe Graphics
    Direct Flip Support: true
    Independent Flip Support: true
    Present Allow Tearing: true
[2026-05-08 16:29:10] [I] [core] Display Output: Intel(R) Iris(R) Xe Graphics -> \\.\DISPLAY1
    Overlays Support: true
    Multi Plane Overlay:
        Support: true
        Max Planes: 3
        Max RGB Planes: 3
        Max YUV Planes: 2
        Overlay Capabilities:
            Rotation: true
            Rotation Without Independent Flip: false
            Vertical Flip: false
            Horizontal Flip: true
            Stretch RGB: true
            Stretch YUV: true
            Bilinear Filter: true
            High Filter: true
            Shared: false
            Immediate: true
            Plane 0 For Virtual Mode Only: false
            Version 3 DDI Support: true
        Max Stretch Factor: 21.00x
        Max Shrink Factor: 0.33x
    Hardware Composition:
        Fullscreen: true
        Windowed: true
        Cursor Stretched: false
[2026-05-08 16:29:10] [I] [core] [SwapChain] creating...
[2026-05-08 16:29:10] [I] [core] [SwapChain] created:
    Display Mode: 640x480
    Buffer Count: 3
    Swap Effect: FLIP_DISCARD
    Present Allow Tearing: true
    Frame Latency Waitable Object: true
[2026-05-08 16:29:10] [I] [core] [Renderer] initializing...
[2026-05-08 16:29:10] [I] [core] [Renderer] initialization complete
[2026-05-08 16:29:10] [I] [luastg] 成功创建了 0 个控制器
[2026-05-08 16:29:10] [I] [core] Display Output: Intel(R) Iris(R) Xe Graphics -> \\.\DISPLAY1
    Overlays Support: true
    Multi Plane Overlay:
        Support: true
        Max Planes: 3
        Max RGB Planes: 3
        Max YUV Planes: 2
        Overlay Capabilities:
            Rotation: true
            Rotation Without Independent Flip: false
            Vertical Flip: false
            Horizontal Flip: true
            Stretch RGB: true
            Stretch YUV: true
            Bilinear Filter: true
            High Filter: true
            Shared: false
            Immediate: true
            Plane 0 For Virtual Mode Only: false
            Version 3 DDI Support: true
        Max Stretch Factor: 21.00x
        Max Shrink Factor: 0.33x
    Hardware Composition:
        Fullscreen: true
        Windowed: true
        Cursor Stretched: false
[2026-05-08 16:29:10] [I] [core] [SwapChain] creating...
[2026-05-08 16:29:10] [I] [core] [SwapChain] created:
    Display Mode: 640x480
    Buffer Count: 3
    Swap Effect: FLIP_DISCARD
    Present Allow Tearing: true
    Frame Latency Waitable Object: true
[2026-05-08 16:29:10] [I] [luastg] loading main script
[2026-05-08 16:29:10] [I] [luastg] main script 'core.lua' loaded
[2026-05-08 16:29:10] [I] [luastg] 初始化完成
[2026-05-08 16:29:10] [I] [lua] [thlib.runtime] init
[2026-05-08 16:29:10] [I] [luastg] 加载脚本'root.lua'
[2026-05-08 16:29:10] [I] [lua] [mod/Test] root.lua loaded
[2026-05-08 16:29:10] [I] [luastg] 加载脚本'script.lua'
[2026-05-08 16:29:10] [I] [lua] [test_unit] init x=320.00 y=240.00 rot=0.00 vx=2.00 vy=0.00
[2026-05-08 16:29:10] [I] Duration of initialization: 0.335855s
[2026-05-08 16:29:10] [I] [luastg] 开始更新&渲染循环
[2026-05-08 16:29:10] [I] [lua] [test_unit] timer=1 x=322.00 y=240.00 rot=2.00 vx=2.00 vy=0.07
[2026-05-08 16:29:10] [I] [lua] [test_unit] timer=2 x=324.00 y=240.07 rot=4.00 vx=2.00 vy=0.14
[2026-05-08 16:29:10] [I] [lua] [test_unit] timer=3 x=325.99 y=240.21 rot=6.00 vx=1.99 vy=0.21
[2026-05-08 16:29:10] [I] [lua] [test_unit] timer=4 x=327.98 y=240.42 rot=8.00 vx=1.98 vy=0.28
[2026-05-08 16:29:10] [I] [lua] [test_unit] timer=5 x=329.96 y=240.70 rot=10.00 vx=1.97 vy=0.35
[2026-05-08 16:29:11] [I] [lua] [test_unit] timer=6 x=331.93 y=241.04 rot=12.00 vx=1.96 vy=0.42
[2026-05-08 16:29:11] [I] [lua] [test_unit] timer=7 x=333.89 y=241.46 rot=14.00 vx=1.94 vy=0.48
[2026-05-08 16:29:11] [I] [lua] [test_unit] timer=8 x=335.83 y=241.94 rot=16.00 vx=1.92 vy=0.55
[2026-05-08 16:29:11] [I] [lua] [test_unit] timer=9 x=337.75 y=242.49 rot=18.00 vx=1.90 vy=0.62
[2026-05-08 16:29:11] [I] [lua] [test_unit] timer=10 x=339.65 y=243.11 rot=20.00 vx=1.88 vy=0.68
[2026-05-08 16:29:11] [I] [lua] [test_unit] timer=11 x=341.53 y=243.80 rot=22.00 vx=1.85 vy=0.75
[2026-05-08 16:29:11] [I] [lua] [test_unit] timer=12 x=343.39 y=244.55 rot=24.00 vx=1.83 vy=0.81
[2026-05-08 16:29:11] [I] [lua] [test_unit] timer=13 x=345.22 y=245.36 rot=26.00 vx=1.80 vy=0.88
[2026-05-08 16:29:11] [I] [lua] [test_unit] timer=14 x=347.01 y=246.24 rot=28.00 vx=1.77 vy=0.94
[2026-05-08 16:29:11] [I] [lua] [test_unit] timer=15 x=348.78 y=247.18 rot=30.00 vx=1.73 vy=1.00
[2026-05-08 16:29:11] [I] [lua] [test_unit] timer=16 x=350.51 y=248.18 rot=32.00 vx=1.70 vy=1.06
[2026-05-08 16:29:11] [I] [lua] [test_unit] timer=17 x=352.21 y=249.24 rot=34.00 vx=1.66 vy=1.12
[2026-05-08 16:29:11] [I] [lua] [test_unit] timer=18 x=353.87 y=250.35 rot=36.00 vx=1.62 vy=1.18
[2026-05-08 16:29:11] [I] [lua] [test_unit] timer=19 x=355.48 y=251.53 rot=38.00 vx=1.58 vy=1.23
[2026-05-08 16:29:11] [I] [lua] [test_unit] timer=20 x=357.06 y=252.76 rot=40.00 vx=1.53 vy=1.29
[2026-05-08 16:29:11] [I] [lua] [test_unit] timer=21 x=358.59 y=254.05 rot=42.00 vx=1.49 vy=1.34
[2026-05-08 16:29:11] [I] [lua] [test_unit] timer=22 x=360.08 y=255.38 rot=44.00 vx=1.44 vy=1.39
[2026-05-08 16:29:11] [I] [lua] [test_unit] timer=23 x=361.52 y=256.77 rot=46.00 vx=1.39 vy=1.44
[2026-05-08 16:29:11] [I] [lua] [test_unit] timer=24 x=362.91 y=258.21 rot=48.00 vx=1.34 vy=1.49
[2026-05-08 16:29:11] [I] [lua] [test_unit] timer=25 x=364.24 y=259.70 rot=50.00 vx=1.29 vy=1.53
[2026-05-08 16:29:11] [I] [lua] [test_unit] timer=26 x=365.53 y=261.23 rot=52.00 vx=1.23 vy=1.58
[2026-05-08 16:29:11] [I] [lua] [test_unit] timer=27 x=366.76 y=262.81 rot=54.00 vx=1.18 vy=1.62
[2026-05-08 16:29:11] [I] [lua] [test_unit] timer=28 x=367.94 y=264.42 rot=56.00 vx=1.12 vy=1.66
[2026-05-08 16:29:11] [I] [lua] [test_unit] timer=29 x=369.05 y=266.08 rot=58.00 vx=1.06 vy=1.70
[2026-05-08 16:29:11] [I] [lua] [test_unit] timer=30 x=370.11 y=267.78 rot=60.00 vx=1.00 vy=1.73
[2026-05-08 16:29:11] [I] [lua] [test_unit] timer=31 x=371.11 y=269.51 rot=62.00 vx=0.94 vy=1.77
[2026-05-08 16:29:11] [I] [lua] [test_unit] timer=32 x=372.05 y=271.28 rot=64.00 vx=0.88 vy=1.80
[2026-05-08 16:29:11] [I] [lua] [test_unit] timer=33 x=372.93 y=273.07 rot=66.00 vx=0.81 vy=1.83
[2026-05-08 16:29:11] [I] [lua] [test_unit] timer=34 x=373.74 y=274.90 rot=68.00 vx=0.75 vy=1.85
[2026-05-08 16:29:11] [I] [lua] [test_unit] timer=35 x=374.49 y=276.76 rot=70.00 vx=0.68 vy=1.88
[2026-05-08 16:29:11] [I] [lua] [test_unit] timer=36 x=375.18 y=278.64 rot=72.00 vx=0.62 vy=1.90
[2026-05-08 16:29:11] [I] [lua] [test_unit] timer=37 x=375.80 y=280.54 rot=74.00 vx=0.55 vy=1.92
[2026-05-08 16:29:11] [I] [lua] [test_unit] timer=38 x=376.35 y=282.46 rot=76.00 vx=0.48 vy=1.94
[2026-05-08 16:29:11] [I] [lua] [test_unit] timer=39 x=376.83 y=284.40 rot=78.00 vx=0.42 vy=1.96
[2026-05-08 16:29:11] [I] [lua] [test_unit] timer=40 x=377.25 y=286.36 rot=80.00 vx=0.35 vy=1.97
[2026-05-08 16:29:11] [I] [lua] [test_unit] timer=41 x=377.59 y=288.33 rot=82.00 vx=0.28 vy=1.98
[2026-05-08 16:29:11] [I] [lua] [test_unit] timer=42 x=377.87 y=290.31 rot=84.00 vx=0.21 vy=1.99
[2026-05-08 16:29:11] [I] [lua] [test_unit] timer=43 x=378.08 y=292.30 rot=86.00 vx=0.14 vy=2.00
[2026-05-08 16:29:11] [I] [lua] [test_unit] timer=44 x=378.22 y=294.29 rot=88.00 vx=0.07 vy=2.00
[2026-05-08 16:29:11] [I] [lua] [test_unit] timer=45 x=378.29 y=296.29 rot=90.00 vx=0.00 vy=2.00
[2026-05-08 16:29:11] [I] [lua] [test_unit] timer=46 x=378.29 y=298.29 rot=92.00 vx=-0.07 vy=2.00
[2026-05-08 16:29:11] [I] [lua] [test_unit] timer=47 x=378.22 y=300.29 rot=94.00 vx=-0.14 vy=2.00
[2026-05-08 16:29:11] [I] [lua] [test_unit] timer=48 x=378.08 y=302.28 rot=96.00 vx=-0.21 vy=1.99
[2026-05-08 16:29:11] [I] [lua] [test_unit] timer=49 x=377.87 y=304.27 rot=98.00 vx=-0.28 vy=1.98
[2026-05-08 16:29:11] [I] [lua] [test_unit] timer=50 x=377.59 y=306.25 rot=100.00 vx=-0.35 vy=1.97
[2026-05-08 16:29:11] [I] [lua] [test_unit] timer=51 x=377.25 y=308.22 rot=102.00 vx=-0.42 vy=1.96
[2026-05-08 16:29:11] [I] [lua] [test_unit] timer=52 x=376.83 y=310.18 rot=104.00 vx=-0.48 vy=1.94
[2026-05-08 16:29:11] [I] [lua] [test_unit] timer=53 x=376.35 y=312.12 rot=106.00 vx=-0.55 vy=1.92
[2026-05-08 16:29:11] [I] [lua] [test_unit] timer=54 x=375.80 y=314.04 rot=108.00 vx=-0.62 vy=1.90
[2026-05-08 16:29:11] [I] [lua] [test_unit] timer=55 x=375.18 y=315.94 rot=110.00 vx=-0.68 vy=1.88
[2026-05-08 16:29:11] [I] [lua] [test_unit] timer=56 x=374.49 y=317.82 rot=112.00 vx=-0.75 vy=1.85
[2026-05-08 16:29:11] [I] [lua] [test_unit] timer=57 x=373.74 y=319.68 rot=114.00 vx=-0.81 vy=1.83
[2026-05-08 16:29:11] [I] [lua] [test_unit] timer=58 x=372.93 y=321.51 rot=116.00 vx=-0.88 vy=1.80
[2026-05-08 16:29:11] [I] [lua] [test_unit] timer=59 x=372.05 y=323.30 rot=118.00 vx=-0.94 vy=1.77
[2026-05-08 16:29:11] [I] [lua] [test_unit] timer=60 x=371.11 y=325.07 rot=120.00 vx=-1.00 vy=1.73
[2026-05-08 16:29:11] [I] [lua] [test_unit] timer=61 x=370.11 y=326.80 rot=122.00 vx=-1.06 vy=1.70
[2026-05-08 16:29:11] [I] [lua] [test_unit] timer=62 x=369.05 y=328.50 rot=124.00 vx=-1.12 vy=1.66
[2026-05-08 16:29:11] [I] [lua] [test_unit] timer=63 x=367.94 y=330.16 rot=126.00 vx=-1.18 vy=1.62
[2026-05-08 16:29:11] [I] [lua] [test_unit] timer=64 x=366.76 y=331.77 rot=128.00 vx=-1.23 vy=1.58
[2026-05-08 16:29:11] [I] [lua] [test_unit] timer=65 x=365.53 y=333.35 rot=130.00 vx=-1.29 vy=1.53
[2026-05-08 16:29:12] [I] [lua] [test_unit] timer=66 x=364.24 y=334.88 rot=132.00 vx=-1.34 vy=1.49
[2026-05-08 16:29:12] [I] [lua] [test_unit] timer=67 x=362.91 y=336.37 rot=134.00 vx=-1.39 vy=1.44
[2026-05-08 16:29:12] [I] [lua] [test_unit] timer=68 x=361.52 y=337.81 rot=136.00 vx=-1.44 vy=1.39
[2026-05-08 16:29:12] [I] [lua] [test_unit] timer=69 x=360.08 y=339.20 rot=138.00 vx=-1.49 vy=1.34
[2026-05-08 16:29:12] [I] [lua] [test_unit] timer=70 x=358.59 y=340.53 rot=140.00 vx=-1.53 vy=1.29
[2026-05-08 16:29:12] [I] [lua] [test_unit] timer=71 x=357.06 y=341.82 rot=142.00 vx=-1.58 vy=1.23
[2026-05-08 16:29:12] [I] [lua] [test_unit] timer=72 x=355.48 y=343.05 rot=144.00 vx=-1.62 vy=1.18
[2026-05-08 16:29:12] [I] [lua] [test_unit] timer=73 x=353.87 y=344.23 rot=146.00 vx=-1.66 vy=1.12
[2026-05-08 16:29:12] [I] [lua] [test_unit] timer=74 x=352.21 y=345.34 rot=148.00 vx=-1.70 vy=1.06
[2026-05-08 16:29:12] [I] [lua] [test_unit] timer=75 x=350.51 y=346.40 rot=150.00 vx=-1.73 vy=1.00
[2026-05-08 16:29:12] [I] [lua] [test_unit] timer=76 x=348.78 y=347.40 rot=152.00 vx=-1.77 vy=0.94
[2026-05-08 16:29:12] [I] [lua] [test_unit] timer=77 x=347.01 y=348.34 rot=154.00 vx=-1.80 vy=0.88
[2026-05-08 16:29:12] [I] [lua] [test_unit] timer=78 x=345.22 y=349.22 rot=156.00 vx=-1.83 vy=0.81
[2026-05-08 16:29:12] [I] [lua] [test_unit] timer=79 x=343.39 y=350.03 rot=158.00 vx=-1.85 vy=0.75
[2026-05-08 16:29:12] [I] [lua] [test_unit] timer=80 x=341.53 y=350.78 rot=160.00 vx=-1.88 vy=0.68
[2026-05-08 16:29:12] [I] [lua] [test_unit] timer=81 x=339.65 y=351.47 rot=162.00 vx=-1.90 vy=0.62
[2026-05-08 16:29:12] [I] [lua] [test_unit] timer=82 x=337.75 y=352.08 rot=164.00 vx=-1.92 vy=0.55
[2026-05-08 16:29:12] [I] [lua] [test_unit] timer=83 x=335.83 y=352.64 rot=166.00 vx=-1.94 vy=0.48
[2026-05-08 16:29:12] [I] [lua] [test_unit] timer=84 x=333.89 y=353.12 rot=168.00 vx=-1.96 vy=0.42
[2026-05-08 16:29:12] [I] [lua] [test_unit] timer=85 x=331.93 y=353.54 rot=170.00 vx=-1.97 vy=0.35
[2026-05-08 16:29:12] [I] [lua] [test_unit] timer=86 x=329.96 y=353.88 rot=172.00 vx=-1.98 vy=0.28
[2026-05-08 16:29:12] [I] [lua] [test_unit] timer=87 x=327.98 y=354.16 rot=174.00 vx=-1.99 vy=0.21
[2026-05-08 16:29:12] [I] [lua] [test_unit] timer=88 x=325.99 y=354.37 rot=176.00 vx=-2.00 vy=0.14
[2026-05-08 16:29:12] [I] [lua] [test_unit] timer=89 x=324.00 y=354.51 rot=178.00 vx=-2.00 vy=0.07
[2026-05-08 16:29:12] [I] [lua] [test_unit] timer=90 x=322.00 y=354.58 rot=180.00 vx=-2.00 vy=-0.00
[2026-05-08 16:29:12] [I] [lua] [test_unit] timer=91 x=320.00 y=354.58 rot=-178.00 vx=-2.00 vy=-0.07
[2026-05-08 16:29:12] [I] [lua] [test_unit] timer=92 x=318.00 y=354.51 rot=-176.00 vx=-2.00 vy=-0.14
[2026-05-08 16:29:12] [I] [lua] [test_unit] timer=93 x=316.01 y=354.37 rot=-174.00 vx=-1.99 vy=-0.21
[2026-05-08 16:29:12] [I] [lua] [test_unit] timer=94 x=314.02 y=354.16 rot=-172.00 vx=-1.98 vy=-0.28
[2026-05-08 16:29:12] [I] [lua] [test_unit] timer=95 x=312.04 y=353.88 rot=-170.00 vx=-1.97 vy=-0.35
[2026-05-08 16:29:12] [I] [lua] [test_unit] timer=96 x=310.07 y=353.54 rot=-168.00 vx=-1.96 vy=-0.42
[2026-05-08 16:29:12] [I] [lua] [test_unit] timer=97 x=308.11 y=353.12 rot=-166.00 vx=-1.94 vy=-0.48
[2026-05-08 16:29:12] [I] [lua] [test_unit] timer=98 x=306.17 y=352.64 rot=-164.00 vx=-1.92 vy=-0.55
[2026-05-08 16:29:12] [I] [lua] [test_unit] timer=99 x=304.25 y=352.08 rot=-162.00 vx=-1.90 vy=-0.62
[2026-05-08 16:29:12] [I] [lua] [test_unit] timer=100 x=302.35 y=351.47 rot=-160.00 vx=-1.88 vy=-0.68
[2026-05-08 16:29:12] [I] [lua] [test_unit] timer=101 x=300.47 y=350.78 rot=-158.00 vx=-1.85 vy=-0.75
[2026-05-08 16:29:12] [I] [lua] [test_unit] timer=102 x=298.61 y=350.03 rot=-156.00 vx=-1.83 vy=-0.81
[2026-05-08 16:29:12] [I] [lua] [test_unit] timer=103 x=296.78 y=349.22 rot=-154.00 vx=-1.80 vy=-0.88
[2026-05-08 16:29:12] [I] [lua] [test_unit] timer=104 x=294.99 y=348.34 rot=-152.00 vx=-1.77 vy=-0.94
[2026-05-08 16:29:12] [I] [lua] [test_unit] timer=105 x=293.22 y=347.40 rot=-150.00 vx=-1.73 vy=-1.00
[2026-05-08 16:29:12] [I] [lua] [test_unit] timer=106 x=291.49 y=346.40 rot=-148.00 vx=-1.70 vy=-1.06
[2026-05-08 16:29:12] [I] [lua] [test_unit] timer=107 x=289.79 y=345.34 rot=-146.00 vx=-1.66 vy=-1.12
[2026-05-08 16:29:12] [I] [lua] [test_unit] timer=108 x=288.13 y=344.23 rot=-144.00 vx=-1.62 vy=-1.18
[2026-05-08 16:29:12] [I] [lua] [test_unit] timer=109 x=286.52 y=343.05 rot=-142.00 vx=-1.58 vy=-1.23
[2026-05-08 16:29:12] [I] [lua] [test_unit] timer=110 x=284.94 y=341.82 rot=-140.00 vx=-1.53 vy=-1.29
[2026-05-08 16:29:12] [I] [lua] [test_unit] timer=111 x=283.41 y=340.53 rot=-138.00 vx=-1.49 vy=-1.34
[2026-05-08 16:29:12] [I] [lua] [test_unit] timer=112 x=281.92 y=339.20 rot=-136.00 vx=-1.44 vy=-1.39
[2026-05-08 16:29:12] [I] [lua] [test_unit] timer=113 x=280.48 y=337.81 rot=-134.00 vx=-1.39 vy=-1.44
[2026-05-08 16:29:12] [I] [lua] [test_unit] timer=114 x=279.09 y=336.37 rot=-132.00 vx=-1.34 vy=-1.49
[2026-05-08 16:29:12] [I] [lua] [test_unit] timer=115 x=277.76 y=334.88 rot=-130.00 vx=-1.29 vy=-1.53
[2026-05-08 16:29:12] [I] [lua] [test_unit] timer=116 x=276.47 y=333.35 rot=-128.00 vx=-1.23 vy=-1.58
[2026-05-08 16:29:12] [I] [lua] [test_unit] timer=117 x=275.24 y=331.77 rot=-126.00 vx=-1.18 vy=-1.62
[2026-05-08 16:29:12] [I] [lua] [test_unit] timer=118 x=274.06 y=330.16 rot=-124.00 vx=-1.12 vy=-1.66
[2026-05-08 16:29:12] [I] [lua] [test_unit] timer=119 x=272.95 y=328.50 rot=-122.00 vx=-1.06 vy=-1.70
[2026-05-08 16:29:12] [I] [lua] [test_unit] timer=120 x=271.89 y=326.80 rot=-120.00 vx=-1.00 vy=-1.73
[2026-05-08 16:29:12] [I] [lua] [test_unit] timer=121 x=270.89 y=325.07 rot=-118.00 vx=-0.94 vy=-1.77
[2026-05-08 16:29:12] [I] [lua] [test_unit] timer=122 x=269.95 y=323.30 rot=-116.00 vx=-0.88 vy=-1.80
[2026-05-08 16:29:12] [I] [lua] [test_unit] timer=123 x=269.07 y=321.51 rot=-114.00 vx=-0.81 vy=-1.83
[2026-05-08 16:29:12] [I] [lua] [test_unit] timer=124 x=268.26 y=319.68 rot=-112.00 vx=-0.75 vy=-1.85
[2026-05-08 16:29:12] [I] [lua] [test_unit] timer=125 x=267.51 y=317.82 rot=-110.00 vx=-0.68 vy=-1.88
[2026-05-08 16:29:13] [I] [lua] [test_unit] timer=126 x=266.82 y=315.94 rot=-108.00 vx=-0.62 vy=-1.90
[2026-05-08 16:29:13] [I] [lua] [test_unit] timer=127 x=266.20 y=314.04 rot=-106.00 vx=-0.55 vy=-1.92
[2026-05-08 16:29:13] [I] [lua] [test_unit] timer=128 x=265.65 y=312.12 rot=-104.00 vx=-0.48 vy=-1.94
[2026-05-08 16:29:13] [I] [lua] [test_unit] timer=129 x=265.17 y=310.18 rot=-102.00 vx=-0.42 vy=-1.96
[2026-05-08 16:29:13] [I] [lua] [test_unit] timer=130 x=264.75 y=308.22 rot=-100.00 vx=-0.35 vy=-1.97
[2026-05-08 16:29:13] [I] [lua] [test_unit] timer=131 x=264.41 y=306.25 rot=-98.00 vx=-0.28 vy=-1.98
[2026-05-08 16:29:13] [I] [lua] [test_unit] timer=132 x=264.13 y=304.27 rot=-96.00 vx=-0.21 vy=-1.99
[2026-05-08 16:29:13] [I] [lua] [test_unit] timer=133 x=263.92 y=302.28 rot=-94.00 vx=-0.14 vy=-2.00
[2026-05-08 16:29:13] [I] [lua] [test_unit] timer=134 x=263.78 y=300.29 rot=-92.00 vx=-0.07 vy=-2.00
[2026-05-08 16:29:13] [I] [lua] [test_unit] timer=135 x=263.71 y=298.29 rot=-90.00 vx=0.00 vy=-2.00
[2026-05-08 16:29:13] [I] [lua] [test_unit] timer=136 x=263.71 y=296.29 rot=-88.00 vx=0.07 vy=-2.00
[2026-05-08 16:29:13] [I] [lua] [test_unit] timer=137 x=263.78 y=294.29 rot=-86.00 vx=0.14 vy=-2.00
[2026-05-08 16:29:13] [I] [lua] [test_unit] timer=138 x=263.92 y=292.30 rot=-84.00 vx=0.21 vy=-1.99
[2026-05-08 16:29:13] [I] [lua] [test_unit] timer=139 x=264.13 y=290.31 rot=-82.00 vx=0.28 vy=-1.98
[2026-05-08 16:29:13] [I] [lua] [test_unit] timer=140 x=264.41 y=288.33 rot=-80.00 vx=0.35 vy=-1.97
[2026-05-08 16:29:13] [I] [lua] [test_unit] timer=141 x=264.75 y=286.36 rot=-78.00 vx=0.42 vy=-1.96
[2026-05-08 16:29:13] [I] [lua] [test_unit] timer=142 x=265.17 y=284.40 rot=-76.00 vx=0.48 vy=-1.94
[2026-05-08 16:29:13] [I] [lua] [test_unit] timer=143 x=265.65 y=282.46 rot=-74.00 vx=0.55 vy=-1.92
[2026-05-08 16:29:13] [I] [lua] [test_unit] timer=144 x=266.20 y=280.54 rot=-72.00 vx=0.62 vy=-1.90
[2026-05-08 16:29:13] [I] [lua] [test_unit] timer=145 x=266.82 y=278.64 rot=-70.00 vx=0.68 vy=-1.88
[2026-05-08 16:29:13] [I] [lua] [test_unit] timer=146 x=267.51 y=276.76 rot=-68.00 vx=0.75 vy=-1.85
[2026-05-08 16:29:13] [I] [lua] [test_unit] timer=147 x=268.26 y=274.90 rot=-66.00 vx=0.81 vy=-1.83
[2026-05-08 16:29:13] [I] [lua] [test_unit] timer=148 x=269.07 y=273.07 rot=-64.00 vx=0.88 vy=-1.80
[2026-05-08 16:29:13] [I] [lua] [test_unit] timer=149 x=269.95 y=271.28 rot=-62.00 vx=0.94 vy=-1.77
[2026-05-08 16:29:13] [I] [lua] [test_unit] timer=150 x=270.89 y=269.51 rot=-60.00 vx=1.00 vy=-1.73
[2026-05-08 16:29:13] [I] [lua] [test_unit] timer=151 x=271.89 y=267.78 rot=-58.00 vx=1.06 vy=-1.70
[2026-05-08 16:29:13] [I] [lua] [test_unit] timer=152 x=272.95 y=266.08 rot=-56.00 vx=1.12 vy=-1.66
[2026-05-08 16:29:13] [I] [lua] [test_unit] timer=153 x=274.06 y=264.42 rot=-54.00 vx=1.18 vy=-1.62
[2026-05-08 16:29:13] [I] [lua] [test_unit] timer=154 x=275.24 y=262.81 rot=-52.00 vx=1.23 vy=-1.58
[2026-05-08 16:29:13] [I] [lua] [test_unit] timer=155 x=276.47 y=261.23 rot=-50.00 vx=1.29 vy=-1.53
[2026-05-08 16:29:13] [I] [lua] [test_unit] timer=156 x=277.76 y=259.70 rot=-48.00 vx=1.34 vy=-1.49
[2026-05-08 16:29:13] [I] [lua] [test_unit] timer=157 x=279.09 y=258.21 rot=-46.00 vx=1.39 vy=-1.44
[2026-05-08 16:29:13] [I] [lua] [test_unit] timer=158 x=280.48 y=256.77 rot=-44.00 vx=1.44 vy=-1.39
[2026-05-08 16:29:13] [I] [lua] [test_unit] timer=159 x=281.92 y=255.38 rot=-42.00 vx=1.49 vy=-1.34
[2026-05-08 16:29:13] [I] [lua] [test_unit] timer=160 x=283.41 y=254.05 rot=-40.00 vx=1.53 vy=-1.29
[2026-05-08 16:29:13] [I] [lua] [test_unit] timer=161 x=284.94 y=252.76 rot=-38.00 vx=1.58 vy=-1.23
[2026-05-08 16:29:13] [I] [lua] [test_unit] timer=162 x=286.52 y=251.53 rot=-36.00 vx=1.62 vy=-1.18
[2026-05-08 16:29:13] [I] [lua] [test_unit] timer=163 x=288.13 y=250.35 rot=-34.00 vx=1.66 vy=-1.12
[2026-05-08 16:29:13] [I] [lua] [test_unit] timer=164 x=289.79 y=249.24 rot=-32.00 vx=1.70 vy=-1.06
[2026-05-08 16:29:13] [I] [lua] [test_unit] timer=165 x=291.49 y=248.18 rot=-30.00 vx=1.73 vy=-1.00
[2026-05-08 16:29:13] [I] [lua] [test_unit] timer=166 x=293.22 y=247.18 rot=-28.00 vx=1.77 vy=-0.94
[2026-05-08 16:29:13] [I] [lua] [test_unit] timer=167 x=294.99 y=246.24 rot=-26.00 vx=1.80 vy=-0.88
[2026-05-08 16:29:13] [I] [lua] [test_unit] timer=168 x=296.78 y=245.36 rot=-24.00 vx=1.83 vy=-0.81
[2026-05-08 16:29:13] [I] [lua] [test_unit] timer=169 x=298.61 y=244.55 rot=-22.00 vx=1.85 vy=-0.75
[2026-05-08 16:29:13] [I] [lua] [test_unit] timer=170 x=300.47 y=243.80 rot=-20.00 vx=1.88 vy=-0.68
[2026-05-08 16:29:13] [I] [lua] [test_unit] timer=171 x=302.35 y=243.11 rot=-18.00 vx=1.90 vy=-0.62
[2026-05-08 16:29:13] [I] [lua] [test_unit] timer=172 x=304.25 y=242.49 rot=-16.00 vx=1.92 vy=-0.55
[2026-05-08 16:29:13] [I] [lua] [test_unit] timer=173 x=306.17 y=241.94 rot=-14.00 vx=1.94 vy=-0.48
[2026-05-08 16:29:13] [I] [lua] [test_unit] timer=174 x=308.11 y=241.46 rot=-12.00 vx=1.96 vy=-0.42
[2026-05-08 16:29:13] [I] [lua] [test_unit] timer=175 x=310.07 y=241.04 rot=-10.00 vx=1.97 vy=-0.35
[2026-05-08 16:29:13] [I] [lua] [test_unit] timer=176 x=312.04 y=240.70 rot=-8.00 vx=1.98 vy=-0.28
[2026-05-08 16:29:13] [I] [lua] [test_unit] timer=177 x=314.02 y=240.42 rot=-6.00 vx=1.99 vy=-0.21
[2026-05-08 16:29:13] [I] [lua] [test_unit] timer=178 x=316.01 y=240.21 rot=-4.00 vx=2.00 vy=-0.14
[2026-05-08 16:29:13] [I] [lua] [test_unit] timer=179 x=318.00 y=240.07 rot=-2.00 vx=2.00 vy=-0.07
[2026-05-08 16:29:13] [I] [lua] [test_unit] timer=180 x=320.00 y=240.00 rot=0.00 vx=2.00 vy=0.00
[2026-05-08 16:29:13] [I] [lua] [test_unit] timer=181 x=322.00 y=240.00 rot=2.00 vx=2.00 vy=0.07
[2026-05-08 16:29:13] [I] [lua] [test_unit] timer=182 x=324.00 y=240.07 rot=4.00 vx=2.00 vy=0.14
[2026-05-08 16:29:13] [I] [lua] [test_unit] timer=183 x=325.99 y=240.21 rot=6.00 vx=1.99 vy=0.21
[2026-05-08 16:29:13] [I] [lua] [test_unit] timer=184 x=327.98 y=240.42 rot=8.00 vx=1.98 vy=0.28
[2026-05-08 16:29:13] [I] [lua] [test_unit] timer=185 x=329.96 y=240.70 rot=10.00 vx=1.97 vy=0.35
[2026-05-08 16:29:14] [I] [lua] [test_unit] timer=186 x=331.93 y=241.04 rot=12.00 vx=1.96 vy=0.42
[2026-05-08 16:29:14] [I] [lua] [test_unit] timer=187 x=333.89 y=241.46 rot=14.00 vx=1.94 vy=0.48
[2026-05-08 16:29:14] [I] [lua] [test_unit] timer=188 x=335.83 y=241.94 rot=16.00 vx=1.92 vy=0.55
[2026-05-08 16:29:14] [I] [lua] [test_unit] timer=189 x=337.75 y=242.49 rot=18.00 vx=1.90 vy=0.62
[2026-05-08 16:29:14] [I] [lua] [test_unit] timer=190 x=339.65 y=243.11 rot=20.00 vx=1.88 vy=0.68
[2026-05-08 16:29:14] [I] [lua] [test_unit] timer=191 x=341.53 y=243.80 rot=22.00 vx=1.85 vy=0.75
[2026-05-08 16:29:14] [I] [lua] [test_unit] timer=192 x=343.39 y=244.55 rot=24.00 vx=1.83 vy=0.81
[2026-05-08 16:29:14] [I] [lua] [test_unit] timer=193 x=345.22 y=245.36 rot=26.00 vx=1.80 vy=0.88
[2026-05-08 16:29:14] [I] [lua] [test_unit] timer=194 x=347.01 y=246.24 rot=28.00 vx=1.77 vy=0.94
[2026-05-08 16:29:14] [I] [lua] [test_unit] timer=195 x=348.78 y=247.18 rot=30.00 vx=1.73 vy=1.00
[2026-05-08 16:29:14] [I] [lua] [test_unit] timer=196 x=350.51 y=248.18 rot=32.00 vx=1.70 vy=1.06
[2026-05-08 16:29:14] [I] [lua] [test_unit] timer=197 x=352.21 y=249.24 rot=34.00 vx=1.66 vy=1.12
[2026-05-08 16:29:14] [I] [lua] [test_unit] timer=198 x=353.87 y=250.35 rot=36.00 vx=1.62 vy=1.18
[2026-05-08 16:29:14] [I] [lua] [test_unit] timer=199 x=355.48 y=251.53 rot=38.00 vx=1.58 vy=1.23
[2026-05-08 16:29:14] [I] [lua] [test_unit] timer=200 x=357.06 y=252.76 rot=40.00 vx=1.53 vy=1.29
[2026-05-08 16:29:14] [I] [lua] [test_unit] timer=201 x=358.59 y=254.05 rot=42.00 vx=1.49 vy=1.34
[2026-05-08 16:29:14] [I] [lua] [test_unit] timer=202 x=360.08 y=255.38 rot=44.00 vx=1.44 vy=1.39
[2026-05-08 16:29:14] [I] [lua] [test_unit] timer=203 x=361.52 y=256.77 rot=46.00 vx=1.39 vy=1.44
[2026-05-08 16:29:14] [I] [lua] [test_unit] timer=204 x=362.91 y=258.21 rot=48.00 vx=1.34 vy=1.49
[2026-05-08 16:29:14] [I] [lua] [test_unit] timer=205 x=364.24 y=259.70 rot=50.00 vx=1.29 vy=1.53
[2026-05-08 16:29:14] [I] [lua] [test_unit] timer=206 x=365.53 y=261.23 rot=52.00 vx=1.23 vy=1.58
[2026-05-08 16:29:14] [I] [lua] [test_unit] timer=207 x=366.76 y=262.81 rot=54.00 vx=1.18 vy=1.62
[2026-05-08 16:29:14] [I] [lua] [test_unit] timer=208 x=367.94 y=264.42 rot=56.00 vx=1.12 vy=1.66
[2026-05-08 16:29:14] [I] [lua] [test_unit] timer=209 x=369.05 y=266.08 rot=58.00 vx=1.06 vy=1.70
[2026-05-08 16:29:14] [I] [lua] [test_unit] timer=210 x=370.11 y=267.78 rot=60.00 vx=1.00 vy=1.73
[2026-05-08 16:29:14] [I] [lua] [test_unit] timer=211 x=371.11 y=269.51 rot=62.00 vx=0.94 vy=1.77
[2026-05-08 16:29:14] [I] [lua] [test_unit] timer=212 x=372.05 y=271.28 rot=64.00 vx=0.88 vy=1.80
[2026-05-08 16:29:14] [I] [lua] [test_unit] timer=213 x=372.93 y=273.07 rot=66.00 vx=0.81 vy=1.83
[2026-05-08 16:29:14] [I] [lua] [test_unit] timer=214 x=373.74 y=274.90 rot=68.00 vx=0.75 vy=1.85
[2026-05-08 16:29:14] [I] [lua] [test_unit] timer=215 x=374.49 y=276.76 rot=70.00 vx=0.68 vy=1.88
[2026-05-08 16:29:14] [I] [lua] [test_unit] timer=216 x=375.18 y=278.64 rot=72.00 vx=0.62 vy=1.90
[2026-05-08 16:29:14] [I] [lua] [test_unit] timer=217 x=375.80 y=280.54 rot=74.00 vx=0.55 vy=1.92
[2026-05-08 16:29:14] [I] [lua] [test_unit] timer=218 x=376.35 y=282.46 rot=76.00 vx=0.48 vy=1.94
[2026-05-08 16:29:14] [I] [lua] [test_unit] timer=219 x=376.83 y=284.40 rot=78.00 vx=0.42 vy=1.96
[2026-05-08 16:29:14] [I] [lua] [test_unit] timer=220 x=377.25 y=286.36 rot=80.00 vx=0.35 vy=1.97
[2026-05-08 16:29:14] [I] [lua] [test_unit] timer=221 x=377.59 y=288.33 rot=82.00 vx=0.28 vy=1.98
[2026-05-08 16:29:14] [I] [lua] [test_unit] timer=222 x=377.87 y=290.31 rot=84.00 vx=0.21 vy=1.99
[2026-05-08 16:29:14] [I] [lua] [test_unit] timer=223 x=378.08 y=292.30 rot=86.00 vx=0.14 vy=2.00
[2026-05-08 16:29:14] [I] [lua] [test_unit] timer=224 x=378.22 y=294.29 rot=88.00 vx=0.07 vy=2.00
[2026-05-08 16:29:14] [I] [lua] [test_unit] timer=225 x=378.29 y=296.29 rot=90.00 vx=-0.00 vy=2.00
[2026-05-08 16:29:14] [I] [lua] [test_unit] timer=226 x=378.29 y=298.29 rot=92.00 vx=-0.07 vy=2.00
[2026-05-08 16:29:14] [I] [lua] [test_unit] timer=227 x=378.22 y=300.29 rot=94.00 vx=-0.14 vy=2.00
[2026-05-08 16:29:14] [I] [lua] [test_unit] timer=228 x=378.08 y=302.28 rot=96.00 vx=-0.21 vy=1.99
[2026-05-08 16:29:14] [I] [lua] [test_unit] timer=229 x=377.87 y=304.27 rot=98.00 vx=-0.28 vy=1.98
[2026-05-08 16:29:14] [I] [lua] [test_unit] timer=230 x=377.59 y=306.25 rot=100.00 vx=-0.35 vy=1.97
[2026-05-08 16:29:14] [I] [lua] [test_unit] timer=231 x=377.25 y=308.22 rot=102.00 vx=-0.42 vy=1.96
[2026-05-08 16:29:14] [I] [lua] [test_unit] timer=232 x=376.83 y=310.18 rot=104.00 vx=-0.48 vy=1.94
[2026-05-08 16:29:14] [I] [lua] [test_unit] timer=233 x=376.35 y=312.12 rot=106.00 vx=-0.55 vy=1.92
[2026-05-08 16:29:14] [I] [lua] [test_unit] timer=234 x=375.80 y=314.04 rot=108.00 vx=-0.62 vy=1.90
[2026-05-08 16:29:14] [I] [lua] [test_unit] timer=235 x=375.18 y=315.94 rot=110.00 vx=-0.68 vy=1.88
[2026-05-08 16:29:14] [I] [lua] [test_unit] timer=236 x=374.49 y=317.82 rot=112.00 vx=-0.75 vy=1.85
[2026-05-08 16:29:14] [I] [lua] [test_unit] timer=237 x=373.74 y=319.68 rot=114.00 vx=-0.81 vy=1.83
[2026-05-08 16:29:14] [I] [lua] [test_unit] timer=238 x=372.93 y=321.51 rot=116.00 vx=-0.88 vy=1.80
[2026-05-08 16:29:14] [I] [lua] [test_unit] timer=239 x=372.05 y=323.30 rot=118.00 vx=-0.94 vy=1.77
[2026-05-08 16:29:14] [I] [lua] [test_unit] timer=240 x=371.11 y=325.07 rot=120.00 vx=-1.00 vy=1.73
[2026-05-08 16:29:14] [I] [lua] [test_unit] timer=241 x=370.11 y=326.80 rot=122.00 vx=-1.06 vy=1.70
[2026-05-08 16:29:14] [I] [lua] [test_unit] timer=242 x=369.05 y=328.50 rot=124.00 vx=-1.12 vy=1.66
[2026-05-08 16:29:14] [I] [lua] [test_unit] timer=243 x=367.94 y=330.16 rot=126.00 vx=-1.18 vy=1.62
[2026-05-08 16:29:14] [I] [lua] [test_unit] timer=244 x=366.76 y=331.77 rot=128.00 vx=-1.23 vy=1.58
[2026-05-08 16:29:14] [I] [lua] [test_unit] timer=245 x=365.53 y=333.35 rot=130.00 vx=-1.29 vy=1.53
[2026-05-08 16:29:15] [I] [luastg] 结束更新&渲染循环
[2026-05-08 16:29:15] [I] [lua] [thlib.runtime] shutdown
[2026-05-08 16:29:15] [I] [luastg] 清空对象池
[2026-05-08 16:29:15] [I] [luastg] 关闭luajit引擎
[2026-05-08 16:29:15] [I] [luastg] 已清空资源池 'global'
[2026-05-08 16:29:15] [I] [luastg] 已清空资源池 'stage'
[2026-05-08 16:29:15] [I] [luastg] 清空所有游戏资源
[2026-05-08 16:29:15] [I] [luastg] 卸载所有资源包
[2026-05-08 16:29:15] [I] [luastg] 引擎关闭
