[2026-05-08 23:11:08] [I] Duration before logging system: 0.0196927s
[2026-05-08 23:11:08] [I] LuaSTG Nexus v0.1.2
[2026-05-08 23:11:08] [I] [luastg] 初始化引擎
[2026-05-08 23:11:08] [I] [luastg] 初始化对象池，容量32768
[2026-05-08 23:11:08] [I] [luastg] 初始化luajit引擎
[2026-05-08 23:11:08] [I] [luajit] LuaJIT 2.1.1778074285
[2026-05-08 23:11:08] [I] [luajit] 注册标准库与内置包
[2026-05-08 23:11:08] [I] [luajit] [0] E:\STG\LuaSTG-Future\LuaSTG-Data\LuaSTG-Nex_Data\LuaSTGSub.exe
[2026-05-08 23:11:08] [I] [luastg] load configuration from script 'launch'
[2026-05-08 23:11:08] [I] [core] System: Windows 11 25H2
[2026-05-08 23:11:08] [I] [core] Kernel: NT OS Kernel 10.0.26100.8246 Kernel32 10.0.26100.8246
[2026-05-08 23:11:08] [I] [core] CPU: 11th Gen Intel(R) Core(TM) i5-1155G7 @ 2.50GHz
[2026-05-08 23:11:08] [I] [core] [GraphicsDevice] initializing...
[2026-05-08 23:11:08] [I] [core] [GraphicsDevice] enumerate physical devices
[2026-05-08 23:11:08] [I] [core] [GraphicsDeviceManager] Graphics System details:
    Features:
        Present allow tearing (Windows DXGI): supported
    Physical devices:
        Intel(R) Iris(R) Xe Graphics:
            Direct3D feature level: 12.1
            VendorId: 0x00008086
            DeviceId: 0x00009a49
            SubSysId: 0x1372152d
            Revision: 3
            Dedicated video memory: 134217728 (128.000MiB)
            Dedicated system memory: 0 (0B)
            Shared system memory: 4181356544 (3.894GiB)
            Adapter LUID: 00000000-00009c5c
            Flags: ACG_COMPATIBLE SUPPORT_MONITORED_FENCES KEYED_MUTEX_CONFORMANCE
            Graphics preemption granularity: PRIMITIVE_BOUNDARY
            Compute preemption granularity: THREAD_GROUP_BOUNDARY
    Physical devices (unmet requirements):
        Microsoft Basic Render Driver:
            Direct3D feature level: 12.1
            VendorId: 0x00001414
            DeviceId: 0x0000008c
            SubSysId: 0x00000000
            Revision: 0
            Dedicated video memory: 0 (0B)
            Dedicated system memory: 0 (0B)
            Shared system memory: 4181356544 (3.894GiB)
            Adapter LUID: 00000000-0000a233
            Flags: SOFTWARE ACG_COMPATIBLE SUPPORT_MONITORED_FENCES KEYED_MUTEX_CONFORMANCE
            Graphics preemption granularity: INSTRUCTION_BOUNDARY
            Compute preemption granularity: INSTRUCTION_BOUNDARY
[2026-05-08 23:11:08] [I] [core] [GraphicsDevice] current physical device: Intel(R) Iris(R) Xe Graphics
[2026-05-08 23:11:08] [I] [core] [GraphicsDevice] device feature support details:
    Direct3D feature level: 12.1
    Threading:
        Driver concurrent creates: supported
        Driver command lists: not supported
    Doubles:
        Double precision float shader ops: not supported
    Direct3D 10.x hardware options:
        ComputeShaders + Raw/StructuredBuffers via shader 4.x: supported
    Direct3D 11 options:
        Output merger logic op: supported
        UAV only rendering forced sample count: supported
        Discard APIs seen by driver: supported
        Flags for update and copy seen by driver: supported
        Clear view: supported
        Copy with overlap: supported
        ConstantBuffer partial update: supported
        ConstantBuffer offsetting: supported
        Map no overwrite on dynamic ConstantBuffer: supported
        Map no overwrite on dynamic buffer SRV: supported
        Multisample RTV with forced sample count one: supported
        SAD4 shader instructions: supported
        Extended doubles shader instructions: not supported
        Extended resource sharing: supported
    Architecture info:
        Tile based deferred renderer: no
    Direct3D 9 options:
        Full non-pow2 texture support: supported
    Shader min precision support:
        Pixel shader min precision: 16bit
        All other shader stages min precision: 16bit
    Direct3D 9 shadow support:
        Supports depth as texture with less-equal comparison filter: supported
    Direct3D 11 options 1:
        Tiled resources tier: 2
        Min max filtering: supported
        Clear view also supports depth only formats: supported
        Map on default buffers: supported
    Direct3D 9 simple instancing support:
        Simple instancing supported: supported
    Marker support:
        Profile: supported
    Direct3D 9 options 1:
        Full non-pow2 texture supported: supported
        Depth as texture with less-equal comparison filter supported: supported
        Simple instancing supported: supported
        TextureCube face RenderTarget with non cube DepthStencil supported: supported
    Direct3D 11 options 1:
        PS specified stencil ref supported: supported
        Typed UAV load additional formats: supported
        ROVs supported: supported
        Conservative rasterization tier: 3
        Tiled resources tier: 3
        Map on default textures: supported
        Standard swizzle: not supported
        Unified memory architecture: supported
    Direct3D 11 options 3:
        VP and RT array index from any shader feeding rasterizer: supported
    GPU virtual address support:
        Max GPU virtual address bits per resource: 44
        Max GPU virtual address bits per process: 47
    Direct3D 11 options 4:
        Extended NV12 shared texture supported: supported
    Shader cache:
        Support flags: NONE
    Direct3D 11 options 5:
        Shared resource tier: 3
    Displayable:
        Displayable texture: not supported
        Shared resource tier: 3
[2026-05-08 23:11:08] [I] [core] [GraphicsDevice] device format support details:
    R32G32B32A32_TYPELESS: TEXTURE1D TEXTURE2D TEXTURE3D TEXTURECUBE MIP CPU_LOCKABLE CAST_WITHIN_BIT_LAYOUT TILED SHAREABLE
    R32G32B32A32_FLOAT: BUFFER IA_VERTEX_BUFFER SO_BUFFER TEXTURE1D TEXTURE2D TEXTURE3D TEXTURECUBE SHADER_LOAD SHADER_SAMPLE MIP MIP_AUTOGEN RENDER_TARGET BLENDABLE CPU_LOCKABLE MULTISAMPLE_RESOLVE CAST_WITHIN_BIT_LAYOUT MULTISAMPLE_RENDERTARGET MULTISAMPLE_LOAD SHADER_GATHER TYPED_UNORDERED_ACCESS_VIEW UAV_TYPED_LOAD UAV_TYPED_STORE TILED SHAREABLE
    R32G32B32A32_UINT: BUFFER IA_VERTEX_BUFFER SO_BUFFER TEXTURE1D TEXTURE2D TEXTURE3D TEXTURECUBE SHADER_LOAD MIP RENDER_TARGET CPU_LOCKABLE CAST_WITHIN_BIT_LAYOUT MULTISAMPLE_RENDERTARGET MULTISAMPLE_LOAD TYPED_UNORDERED_ACCESS_VIEW UAV_TYPED_LOAD UAV_TYPED_STORE OUTPUT_MERGER_LOGIC_OP TILED SHAREABLE
    R32G32B32A32_SINT: BUFFER IA_VERTEX_BUFFER SO_BUFFER TEXTURE1D TEXTURE2D TEXTURE3D TEXTURECUBE SHADER_LOAD MIP RENDER_TARGET CPU_LOCKABLE CAST_WITHIN_BIT_LAYOUT MULTISAMPLE_RENDERTARGET MULTISAMPLE_LOAD TYPED_UNORDERED_ACCESS_VIEW UAV_TYPED_LOAD UAV_TYPED_STORE TILED SHAREABLE
    R32G32B32_TYPELESS: TEXTURE1D TEXTURE2D TEXTURE3D TEXTURECUBE MIP CPU_LOCKABLE CAST_WITHIN_BIT_LAYOUT
    R32G32B32_FLOAT: BUFFER IA_VERTEX_BUFFER SO_BUFFER TEXTURE1D TEXTURE2D TEXTURE3D TEXTURECUBE SHADER_LOAD SHADER_SAMPLE MIP CPU_LOCKABLE MULTISAMPLE_RESOLVE CAST_WITHIN_BIT_LAYOUT MULTISAMPLE_LOAD
    R32G32B32_UINT: BUFFER IA_VERTEX_BUFFER SO_BUFFER TEXTURE1D TEXTURE2D TEXTURE3D TEXTURECUBE SHADER_LOAD MIP CPU_LOCKABLE CAST_WITHIN_BIT_LAYOUT MULTISAMPLE_LOAD OUTPUT_MERGER_LOGIC_OP
    R32G32B32_SINT: BUFFER IA_VERTEX_BUFFER SO_BUFFER TEXTURE1D TEXTURE2D TEXTURE3D TEXTURECUBE SHADER_LOAD MIP CPU_LOCKABLE CAST_WITHIN_BIT_LAYOUT MULTISAMPLE_LOAD
    R16G16B16A16_TYPELESS: TEXTURE1D TEXTURE2D TEXTURE3D TEXTURECUBE MIP CPU_LOCKABLE CAST_WITHIN_BIT_LAYOUT TILED SHAREABLE
    R16G16B16A16_FLOAT: BUFFER IA_VERTEX_BUFFER TEXTURE1D TEXTURE2D TEXTURE3D TEXTURECUBE SHADER_LOAD SHADER_SAMPLE MIP MIP_AUTOGEN RENDER_TARGET BLENDABLE CPU_LOCKABLE MULTISAMPLE_RESOLVE DISPLAY CAST_WITHIN_BIT_LAYOUT MULTISAMPLE_RENDERTARGET MULTISAMPLE_LOAD SHADER_GATHER TYPED_UNORDERED_ACCESS_VIEW VIDEO_PROCESSOR_OUTPUT UAV_TYPED_LOAD UAV_TYPED_STORE TILED SHAREABLE DISPLAYABLE
    R16G16B16A16_UNORM: BUFFER IA_VERTEX_BUFFER TEXTURE1D TEXTURE2D TEXTURE3D TEXTURECUBE SHADER_LOAD SHADER_SAMPLE MIP MIP_AUTOGEN RENDER_TARGET BLENDABLE CPU_LOCKABLE MULTISAMPLE_RESOLVE CAST_WITHIN_BIT_LAYOUT MULTISAMPLE_RENDERTARGET MULTISAMPLE_LOAD SHADER_GATHER TYPED_UNORDERED_ACCESS_VIEW UAV_TYPED_LOAD UAV_TYPED_STORE TILED SHAREABLE
    R16G16B16A16_UINT: BUFFER IA_VERTEX_BUFFER TEXTURE1D TEXTURE2D TEXTURE3D TEXTURECUBE SHADER_LOAD MIP RENDER_TARGET CPU_LOCKABLE CAST_WITHIN_BIT_LAYOUT MULTISAMPLE_RENDERTARGET MULTISAMPLE_LOAD TYPED_UNORDERED_ACCESS_VIEW UAV_TYPED_LOAD UAV_TYPED_STORE OUTPUT_MERGER_LOGIC_OP TILED SHAREABLE
    R16G16B16A16_SNORM: BUFFER IA_VERTEX_BUFFER TEXTURE1D TEXTURE2D TEXTURE3D TEXTURECUBE SHADER_LOAD SHADER_SAMPLE MIP MIP_AUTOGEN RENDER_TARGET BLENDABLE CPU_LOCKABLE MULTISAMPLE_RESOLVE CAST_WITHIN_BIT_LAYOUT MULTISAMPLE_RENDERTARGET MULTISAMPLE_LOAD SHADER_GATHER TYPED_UNORDERED_ACCESS_VIEW UAV_TYPED_LOAD UAV_TYPED_STORE TILED SHAREABLE
    R16G16B16A16_SINT: BUFFER IA_VERTEX_BUFFER TEXTURE1D TEXTURE2D TEXTURE3D TEXTURECUBE SHADER_LOAD MIP RENDER_TARGET CPU_LOCKABLE CAST_WITHIN_BIT_LAYOUT MULTISAMPLE_RENDERTARGET MULTISAMPLE_LOAD TYPED_UNORDERED_ACCESS_VIEW UAV_TYPED_LOAD UAV_TYPED_STORE TILED SHAREABLE
    R32G32_TYPELESS: TEXTURE1D TEXTURE2D TEXTURE3D TEXTURECUBE MIP CPU_LOCKABLE CAST_WITHIN_BIT_LAYOUT TILED
    R32G32_FLOAT: BUFFER IA_VERTEX_BUFFER SO_BUFFER TEXTURE1D TEXTURE2D TEXTURE3D TEXTURECUBE SHADER_LOAD SHADER_SAMPLE MIP MIP_AUTOGEN RENDER_TARGET BLENDABLE CPU_LOCKABLE MULTISAMPLE_RESOLVE CAST_WITHIN_BIT_LAYOUT MULTISAMPLE_RENDERTARGET MULTISAMPLE_LOAD SHADER_GATHER TYPED_UNORDERED_ACCESS_VIEW UAV_TYPED_LOAD UAV_TYPED_STORE TILED
    R32G32_UINT: BUFFER IA_VERTEX_BUFFER SO_BUFFER TEXTURE1D TEXTURE2D TEXTURE3D TEXTURECUBE SHADER_LOAD MIP RENDER_TARGET CPU_LOCKABLE CAST_WITHIN_BIT_LAYOUT MULTISAMPLE_RENDERTARGET MULTISAMPLE_LOAD TYPED_UNORDERED_ACCESS_VIEW UAV_TYPED_LOAD UAV_TYPED_STORE OUTPUT_MERGER_LOGIC_OP TILED
    R32G32_SINT: BUFFER IA_VERTEX_BUFFER SO_BUFFER TEXTURE1D TEXTURE2D TEXTURE3D TEXTURECUBE SHADER_LOAD MIP RENDER_TARGET CPU_LOCKABLE CAST_WITHIN_BIT_LAYOUT MULTISAMPLE_RENDERTARGET MULTISAMPLE_LOAD TYPED_UNORDERED_ACCESS_VIEW UAV_TYPED_LOAD UAV_TYPED_STORE TILED
    R32G8X24_TYPELESS: TEXTURE1D TEXTURE2D TEXTURECUBE MIP CPU_LOCKABLE CAST_WITHIN_BIT_LAYOUT
    D32_FLOAT_S8X24_UINT: TEXTURE1D TEXTURE2D TEXTURECUBE MIP DEPTH_STENCIL CPU_LOCKABLE CAST_WITHIN_BIT_LAYOUT MULTISAMPLE_RENDERTARGET
    R32_FLOAT_X8X24_TYPELESS: TEXTURE1D TEXTURE2D TEXTURECUBE SHADER_LOAD SHADER_SAMPLE SHADER_SAMPLE_COMPARISON MIP CPU_LOCKABLE CAST_WITHIN_BIT_LAYOUT MULTISAMPLE_LOAD SHADER_GATHER SHADER_GATHER_COMPARISON
    X32_TYPELESS_G8X24_UINT: TEXTURE1D TEXTURE2D TEXTURECUBE SHADER_LOAD MIP CPU_LOCKABLE CAST_WITHIN_BIT_LAYOUT MULTISAMPLE_LOAD
    R10G10B10A2_TYPELESS: TEXTURE1D TEXTURE2D TEXTURE3D TEXTURECUBE MIP CPU_LOCKABLE CAST_WITHIN_BIT_LAYOUT TILED SHAREABLE
    R10G10B10A2_UNORM: BUFFER IA_VERTEX_BUFFER TEXTURE1D TEXTURE2D TEXTURE3D TEXTURECUBE SHADER_LOAD SHADER_SAMPLE MIP MIP_AUTOGEN RENDER_TARGET BLENDABLE CPU_LOCKABLE MULTISAMPLE_RESOLVE DISPLAY CAST_WITHIN_BIT_LAYOUT MULTISAMPLE_RENDERTARGET MULTISAMPLE_LOAD SHADER_GATHER BACK_BUFFER_CAST TYPED_UNORDERED_ACCESS_VIEW VIDEO_PROCESSOR_OUTPUT VIDEO_PROCESSOR_INPUT UAV_TYPED_STORE TILED SHAREABLE MULTIPLANE_OVERLAY DISPLAYABLE
    R10G10B10A2_UINT: BUFFER IA_VERTEX_BUFFER TEXTURE1D TEXTURE2D TEXTURE3D TEXTURECUBE SHADER_LOAD MIP RENDER_TARGET CPU_LOCKABLE CAST_WITHIN_BIT_LAYOUT MULTISAMPLE_RENDERTARGET MULTISAMPLE_LOAD TYPED_UNORDERED_ACCESS_VIEW UAV_TYPED_STORE OUTPUT_MERGER_LOGIC_OP TILED SHAREABLE
    R11G11B10_FLOAT: BUFFER IA_VERTEX_BUFFER TEXTURE1D TEXTURE2D TEXTURE3D TEXTURECUBE SHADER_LOAD SHADER_SAMPLE MIP MIP_AUTOGEN RENDER_TARGET BLENDABLE CPU_LOCKABLE MULTISAMPLE_RESOLVE MULTISAMPLE_RENDERTARGET MULTISAMPLE_LOAD SHADER_GATHER TYPED_UNORDERED_ACCESS_VIEW UAV_TYPED_STORE TILED SHAREABLE
    R8G8B8A8_TYPELESS: TEXTURE1D TEXTURE2D TEXTURE3D TEXTURECUBE MIP CPU_LOCKABLE CAST_WITHIN_BIT_LAYOUT TILED SHAREABLE
    R8G8B8A8_UNORM: BUFFER IA_VERTEX_BUFFER TEXTURE1D TEXTURE2D TEXTURE3D TEXTURECUBE SHADER_LOAD SHADER_SAMPLE MIP MIP_AUTOGEN RENDER_TARGET BLENDABLE CPU_LOCKABLE MULTISAMPLE_RESOLVE DISPLAY CAST_WITHIN_BIT_LAYOUT MULTISAMPLE_RENDERTARGET MULTISAMPLE_LOAD SHADER_GATHER BACK_BUFFER_CAST TYPED_UNORDERED_ACCESS_VIEW VIDEO_PROCESSOR_OUTPUT VIDEO_PROCESSOR_INPUT UAV_TYPED_LOAD UAV_TYPED_STORE TILED SHAREABLE DISPLAYABLE
    R8G8B8A8_UNORM_SRGB: TEXTURE1D TEXTURE2D TEXTURE3D TEXTURECUBE SHADER_LOAD SHADER_SAMPLE MIP MIP_AUTOGEN RENDER_TARGET BLENDABLE CPU_LOCKABLE MULTISAMPLE_RESOLVE DISPLAY CAST_WITHIN_BIT_LAYOUT MULTISAMPLE_RENDERTARGET MULTISAMPLE_LOAD SHADER_GATHER BACK_BUFFER_CAST VIDEO_PROCESSOR_OUTPUT TILED SHAREABLE
    R8G8B8A8_UINT: BUFFER IA_VERTEX_BUFFER TEXTURE1D TEXTURE2D TEXTURE3D TEXTURECUBE SHADER_LOAD MIP RENDER_TARGET CPU_LOCKABLE CAST_WITHIN_BIT_LAYOUT MULTISAMPLE_RENDERTARGET MULTISAMPLE_LOAD TYPED_UNORDERED_ACCESS_VIEW UAV_TYPED_LOAD UAV_TYPED_STORE OUTPUT_MERGER_LOGIC_OP TILED SHAREABLE
    R8G8B8A8_SNORM: BUFFER IA_VERTEX_BUFFER TEXTURE1D TEXTURE2D TEXTURE3D TEXTURECUBE SHADER_LOAD SHADER_SAMPLE MIP MIP_AUTOGEN RENDER_TARGET BLENDABLE CPU_LOCKABLE MULTISAMPLE_RESOLVE CAST_WITHIN_BIT_LAYOUT MULTISAMPLE_RENDERTARGET MULTISAMPLE_LOAD SHADER_GATHER TYPED_UNORDERED_ACCESS_VIEW UAV_TYPED_LOAD UAV_TYPED_STORE TILED SHAREABLE
    R8G8B8A8_SINT: BUFFER IA_VERTEX_BUFFER TEXTURE1D TEXTURE2D TEXTURE3D TEXTURECUBE SHADER_LOAD MIP RENDER_TARGET CPU_LOCKABLE CAST_WITHIN_BIT_LAYOUT MULTISAMPLE_RENDERTARGET MULTISAMPLE_LOAD TYPED_UNORDERED_ACCESS_VIEW UAV_TYPED_LOAD UAV_TYPED_STORE TILED SHAREABLE
    R16G16_TYPELESS: TEXTURE1D TEXTURE2D TEXTURE3D TEXTURECUBE MIP CPU_LOCKABLE CAST_WITHIN_BIT_LAYOUT TILED SHAREABLE
    R16G16_FLOAT: BUFFER IA_VERTEX_BUFFER TEXTURE1D TEXTURE2D TEXTURE3D TEXTURECUBE SHADER_LOAD SHADER_SAMPLE MIP MIP_AUTOGEN RENDER_TARGET BLENDABLE CPU_LOCKABLE MULTISAMPLE_RESOLVE CAST_WITHIN_BIT_LAYOUT MULTISAMPLE_RENDERTARGET MULTISAMPLE_LOAD SHADER_GATHER TYPED_UNORDERED_ACCESS_VIEW UAV_TYPED_STORE TILED SHAREABLE
    R16G16_UNORM: BUFFER IA_VERTEX_BUFFER TEXTURE1D TEXTURE2D TEXTURE3D TEXTURECUBE SHADER_LOAD SHADER_SAMPLE MIP MIP_AUTOGEN RENDER_TARGET BLENDABLE CPU_LOCKABLE MULTISAMPLE_RESOLVE CAST_WITHIN_BIT_LAYOUT MULTISAMPLE_RENDERTARGET MULTISAMPLE_LOAD SHADER_GATHER TYPED_UNORDERED_ACCESS_VIEW UAV_TYPED_LOAD UAV_TYPED_STORE TILED SHAREABLE
    R16G16_UINT: BUFFER IA_VERTEX_BUFFER TEXTURE1D TEXTURE2D TEXTURE3D TEXTURECUBE SHADER_LOAD MIP RENDER_TARGET CPU_LOCKABLE CAST_WITHIN_BIT_LAYOUT MULTISAMPLE_RENDERTARGET MULTISAMPLE_LOAD TYPED_UNORDERED_ACCESS_VIEW UAV_TYPED_LOAD UAV_TYPED_STORE OUTPUT_MERGER_LOGIC_OP TILED SHAREABLE
    R16G16_SNORM: BUFFER IA_VERTEX_BUFFER TEXTURE1D TEXTURE2D TEXTURE3D TEXTURECUBE SHADER_LOAD SHADER_SAMPLE MIP MIP_AUTOGEN RENDER_TARGET BLENDABLE CPU_LOCKABLE MULTISAMPLE_RESOLVE CAST_WITHIN_BIT_LAYOUT MULTISAMPLE_RENDERTARGET MULTISAMPLE_LOAD SHADER_GATHER TYPED_UNORDERED_ACCESS_VIEW UAV_TYPED_LOAD UAV_TYPED_STORE TILED SHAREABLE
    R16G16_SINT: BUFFER IA_VERTEX_BUFFER TEXTURE1D TEXTURE2D TEXTURE3D TEXTURECUBE SHADER_LOAD MIP RENDER_TARGET CPU_LOCKABLE CAST_WITHIN_BIT_LAYOUT MULTISAMPLE_RENDERTARGET MULTISAMPLE_LOAD TYPED_UNORDERED_ACCESS_VIEW UAV_TYPED_LOAD UAV_TYPED_STORE TILED SHAREABLE
    R32_TYPELESS: TEXTURE1D TEXTURE2D TEXTURE3D TEXTURECUBE MIP CPU_LOCKABLE CAST_WITHIN_BIT_LAYOUT TILED SHAREABLE
    D32_FLOAT: TEXTURE1D TEXTURE2D TEXTURECUBE MIP DEPTH_STENCIL CPU_LOCKABLE CAST_WITHIN_BIT_LAYOUT MULTISAMPLE_RENDERTARGET TILED SHAREABLE
    R32_FLOAT: BUFFER IA_VERTEX_BUFFER SO_BUFFER TEXTURE1D TEXTURE2D TEXTURE3D TEXTURECUBE SHADER_LOAD SHADER_SAMPLE SHADER_SAMPLE_COMPARISON MIP MIP_AUTOGEN RENDER_TARGET BLENDABLE CPU_LOCKABLE MULTISAMPLE_RESOLVE CAST_WITHIN_BIT_LAYOUT MULTISAMPLE_RENDERTARGET MULTISAMPLE_LOAD SHADER_GATHER TYPED_UNORDERED_ACCESS_VIEW SHADER_GATHER_COMPARISON UAV_ATOMIC_EXCHANGE UAV_TYPED_LOAD UAV_TYPED_STORE TILED SHAREABLE
    R32_UINT: BUFFER IA_VERTEX_BUFFER IA_INDEX_BUFFER SO_BUFFER TEXTURE1D TEXTURE2D TEXTURE3D TEXTURECUBE SHADER_LOAD MIP RENDER_TARGET CPU_LOCKABLE CAST_WITHIN_BIT_LAYOUT MULTISAMPLE_RENDERTARGET MULTISAMPLE_LOAD TYPED_UNORDERED_ACCESS_VIEW UAV_ATOMIC_ADD UAV_ATOMIC_BITWISE_OPS UAV_ATOMIC_COMPARE_STORE_OR_COMPARE_EXCHANGE UAV_ATOMIC_EXCHANGE UAV_ATOMIC_SIGNED_MIN_OR_MAX UAV_ATOMIC_UNSIGNED_MIN_OR_MAX UAV_TYPED_LOAD UAV_TYPED_STORE OUTPUT_MERGER_LOGIC_OP TILED SHAREABLE
    R32_SINT: BUFFER IA_VERTEX_BUFFER SO_BUFFER TEXTURE1D TEXTURE2D TEXTURE3D TEXTURECUBE SHADER_LOAD MIP RENDER_TARGET CPU_LOCKABLE CAST_WITHIN_BIT_LAYOUT MULTISAMPLE_RENDERTARGET MULTISAMPLE_LOAD TYPED_UNORDERED_ACCESS_VIEW UAV_ATOMIC_ADD UAV_ATOMIC_BITWISE_OPS UAV_ATOMIC_COMPARE_STORE_OR_COMPARE_EXCHANGE UAV_ATOMIC_EXCHANGE UAV_ATOMIC_SIGNED_MIN_OR_MAX UAV_ATOMIC_UNSIGNED_MIN_OR_MAX UAV_TYPED_LOAD UAV_TYPED_STORE TILED SHAREABLE
    R24G8_TYPELESS: TEXTURE1D TEXTURE2D TEXTURECUBE MIP CPU_LOCKABLE CAST_WITHIN_BIT_LAYOUT
    D24_UNORM_S8_UINT: TEXTURE1D TEXTURE2D TEXTURECUBE MIP DEPTH_STENCIL CPU_LOCKABLE CAST_WITHIN_BIT_LAYOUT MULTISAMPLE_RENDERTARGET
    R24_UNORM_X8_TYPELESS: TEXTURE1D TEXTURE2D TEXTURECUBE SHADER_LOAD SHADER_SAMPLE SHADER_SAMPLE_COMPARISON MIP CPU_LOCKABLE CAST_WITHIN_BIT_LAYOUT MULTISAMPLE_LOAD SHADER_GATHER SHADER_GATHER_COMPARISON
    X24_TYPELESS_G8_UINT: TEXTURE1D TEXTURE2D TEXTURECUBE SHADER_LOAD MIP CPU_LOCKABLE CAST_WITHIN_BIT_LAYOUT MULTISAMPLE_LOAD
    R8G8_TYPELESS: TEXTURE1D TEXTURE2D TEXTURE3D TEXTURECUBE MIP CPU_LOCKABLE CAST_WITHIN_BIT_LAYOUT TILED SHAREABLE
    R8G8_UNORM: BUFFER IA_VERTEX_BUFFER TEXTURE1D TEXTURE2D TEXTURE3D TEXTURECUBE SHADER_LOAD SHADER_SAMPLE MIP MIP_AUTOGEN RENDER_TARGET BLENDABLE CPU_LOCKABLE MULTISAMPLE_RESOLVE CAST_WITHIN_BIT_LAYOUT MULTISAMPLE_RENDERTARGET MULTISAMPLE_LOAD SHADER_GATHER TYPED_UNORDERED_ACCESS_VIEW UAV_TYPED_LOAD UAV_TYPED_STORE TILED SHAREABLE
    R8G8_UINT: BUFFER IA_VERTEX_BUFFER TEXTURE1D TEXTURE2D TEXTURE3D TEXTURECUBE SHADER_LOAD MIP RENDER_TARGET CPU_LOCKABLE CAST_WITHIN_BIT_LAYOUT MULTISAMPLE_RENDERTARGET MULTISAMPLE_LOAD TYPED_UNORDERED_ACCESS_VIEW UAV_TYPED_LOAD UAV_TYPED_STORE OUTPUT_MERGER_LOGIC_OP TILED SHAREABLE
    R8G8_SNORM: BUFFER IA_VERTEX_BUFFER TEXTURE1D TEXTURE2D TEXTURE3D TEXTURECUBE SHADER_LOAD SHADER_SAMPLE MIP MIP_AUTOGEN RENDER_TARGET BLENDABLE CPU_LOCKABLE MULTISAMPLE_RESOLVE CAST_WITHIN_BIT_LAYOUT MULTISAMPLE_RENDERTARGET MULTISAMPLE_LOAD SHADER_GATHER TYPED_UNORDERED_ACCESS_VIEW UAV_TYPED_LOAD UAV_TYPED_STORE TILED SHAREABLE
    R8G8_SINT: BUFFER IA_VERTEX_BUFFER TEXTURE1D TEXTURE2D TEXTURE3D TEXTURECUBE SHADER_LOAD MIP RENDER_TARGET CPU_LOCKABLE CAST_WITHIN_BIT_LAYOUT MULTISAMPLE_RENDERTARGET MULTISAMPLE_LOAD TYPED_UNORDERED_ACCESS_VIEW UAV_TYPED_LOAD UAV_TYPED_STORE TILED SHAREABLE
    R16_TYPELESS: TEXTURE1D TEXTURE2D TEXTURE3D TEXTURECUBE MIP CPU_LOCKABLE CAST_WITHIN_BIT_LAYOUT TILED SHAREABLE
    R16_FLOAT: BUFFER IA_VERTEX_BUFFER TEXTURE1D TEXTURE2D TEXTURE3D TEXTURECUBE SHADER_LOAD SHADER_SAMPLE MIP MIP_AUTOGEN RENDER_TARGET BLENDABLE CPU_LOCKABLE MULTISAMPLE_RESOLVE CAST_WITHIN_BIT_LAYOUT MULTISAMPLE_RENDERTARGET MULTISAMPLE_LOAD SHADER_GATHER TYPED_UNORDERED_ACCESS_VIEW UAV_TYPED_LOAD UAV_TYPED_STORE TILED SHAREABLE
    D16_UNORM: TEXTURE1D TEXTURE2D TEXTURECUBE MIP DEPTH_STENCIL CPU_LOCKABLE CAST_WITHIN_BIT_LAYOUT MULTISAMPLE_RENDERTARGET TILED SHAREABLE
    R16_UNORM: BUFFER IA_VERTEX_BUFFER TEXTURE1D TEXTURE2D TEXTURE3D TEXTURECUBE SHADER_LOAD SHADER_SAMPLE SHADER_SAMPLE_COMPARISON MIP MIP_AUTOGEN RENDER_TARGET BLENDABLE CPU_LOCKABLE MULTISAMPLE_RESOLVE CAST_WITHIN_BIT_LAYOUT MULTISAMPLE_RENDERTARGET MULTISAMPLE_LOAD SHADER_GATHER TYPED_UNORDERED_ACCESS_VIEW SHADER_GATHER_COMPARISON UAV_TYPED_LOAD UAV_TYPED_STORE TILED SHAREABLE
    R16_UINT: BUFFER IA_VERTEX_BUFFER IA_INDEX_BUFFER TEXTURE1D TEXTURE2D TEXTURE3D TEXTURECUBE SHADER_LOAD MIP RENDER_TARGET CPU_LOCKABLE CAST_WITHIN_BIT_LAYOUT MULTISAMPLE_RENDERTARGET MULTISAMPLE_LOAD TYPED_UNORDERED_ACCESS_VIEW UAV_TYPED_LOAD UAV_TYPED_STORE OUTPUT_MERGER_LOGIC_OP TILED SHAREABLE
    R16_SNORM: BUFFER IA_VERTEX_BUFFER TEXTURE1D TEXTURE2D TEXTURE3D TEXTURECUBE SHADER_LOAD SHADER_SAMPLE MIP MIP_AUTOGEN RENDER_TARGET BLENDABLE CPU_LOCKABLE MULTISAMPLE_RESOLVE CAST_WITHIN_BIT_LAYOUT MULTISAMPLE_RENDERTARGET MULTISAMPLE_LOAD SHADER_GATHER TYPED_UNORDERED_ACCESS_VIEW UAV_TYPED_LOAD UAV_TYPED_STORE TILED SHAREABLE
    R16_SINT: BUFFER IA_VERTEX_BUFFER TEXTURE1D TEXTURE2D TEXTURE3D TEXTURECUBE SHADER_LOAD MIP RENDER_TARGET CPU_LOCKABLE CAST_WITHIN_BIT_LAYOUT MULTISAMPLE_RENDERTARGET MULTISAMPLE_LOAD TYPED_UNORDERED_ACCESS_VIEW UAV_TYPED_LOAD UAV_TYPED_STORE TILED SHAREABLE
    R8_TYPELESS: TEXTURE1D TEXTURE2D TEXTURE3D TEXTURECUBE MIP CPU_LOCKABLE CAST_WITHIN_BIT_LAYOUT TILED SHAREABLE
    R8_UNORM: BUFFER IA_VERTEX_BUFFER TEXTURE1D TEXTURE2D TEXTURE3D TEXTURECUBE SHADER_LOAD SHADER_SAMPLE MIP MIP_AUTOGEN RENDER_TARGET BLENDABLE CPU_LOCKABLE MULTISAMPLE_RESOLVE CAST_WITHIN_BIT_LAYOUT MULTISAMPLE_RENDERTARGET MULTISAMPLE_LOAD SHADER_GATHER TYPED_UNORDERED_ACCESS_VIEW UAV_TYPED_LOAD UAV_TYPED_STORE TILED SHAREABLE
    R8_UINT: BUFFER IA_VERTEX_BUFFER TEXTURE1D TEXTURE2D TEXTURE3D TEXTURECUBE SHADER_LOAD MIP RENDER_TARGET CPU_LOCKABLE CAST_WITHIN_BIT_LAYOUT MULTISAMPLE_RENDERTARGET MULTISAMPLE_LOAD TYPED_UNORDERED_ACCESS_VIEW UAV_TYPED_LOAD UAV_TYPED_STORE OUTPUT_MERGER_LOGIC_OP TILED SHAREABLE
    R8_SNORM: BUFFER IA_VERTEX_BUFFER TEXTURE1D TEXTURE2D TEXTURE3D TEXTURECUBE SHADER_LOAD SHADER_SAMPLE MIP MIP_AUTOGEN RENDER_TARGET BLENDABLE CPU_LOCKABLE MULTISAMPLE_RESOLVE CAST_WITHIN_BIT_LAYOUT MULTISAMPLE_RENDERTARGET MULTISAMPLE_LOAD SHADER_GATHER TYPED_UNORDERED_ACCESS_VIEW UAV_TYPED_LOAD UAV_TYPED_STORE TILED SHAREABLE
    R8_SINT: BUFFER IA_VERTEX_BUFFER TEXTURE1D TEXTURE2D TEXTURE3D TEXTURECUBE SHADER_LOAD MIP RENDER_TARGET CPU_LOCKABLE CAST_WITHIN_BIT_LAYOUT MULTISAMPLE_RENDERTARGET MULTISAMPLE_LOAD TYPED_UNORDERED_ACCESS_VIEW UAV_TYPED_LOAD UAV_TYPED_STORE TILED SHAREABLE
    A8_UNORM: TEXTURE1D TEXTURE2D TEXTURE3D TEXTURECUBE SHADER_LOAD SHADER_SAMPLE MIP MIP_AUTOGEN RENDER_TARGET BLENDABLE CPU_LOCKABLE MULTISAMPLE_RESOLVE MULTISAMPLE_RENDERTARGET MULTISAMPLE_LOAD SHADER_GATHER TYPED_UNORDERED_ACCESS_VIEW UAV_TYPED_LOAD UAV_TYPED_STORE TILED SHAREABLE
    R1_UNORM:
    R9G9B9E5_SHAREDEXP: TEXTURE1D TEXTURE2D TEXTURE3D TEXTURECUBE SHADER_LOAD SHADER_SAMPLE MIP CPU_LOCKABLE SHADER_GATHER TILED SHAREABLE
    R8G8_B8G8_UNORM: TEXTURE1D TEXTURE2D TEXTURE3D TEXTURECUBE SHADER_LOAD SHADER_SAMPLE MIP CPU_LOCKABLE SHADER_GATHER
    G8R8_G8B8_UNORM: TEXTURE1D TEXTURE2D TEXTURE3D TEXTURECUBE SHADER_LOAD SHADER_SAMPLE MIP CPU_LOCKABLE SHADER_GATHER
    BC1_TYPELESS: TEXTURE2D TEXTURE3D TEXTURECUBE MIP CPU_LOCKABLE CAST_WITHIN_BIT_LAYOUT TILED SHAREABLE
    BC1_UNORM: TEXTURE2D TEXTURE3D TEXTURECUBE SHADER_LOAD SHADER_SAMPLE MIP CPU_LOCKABLE CAST_WITHIN_BIT_LAYOUT SHADER_GATHER TILED SHAREABLE
    BC1_UNORM_SRGB: TEXTURE2D TEXTURE3D TEXTURECUBE SHADER_LOAD SHADER_SAMPLE MIP CPU_LOCKABLE CAST_WITHIN_BIT_LAYOUT SHADER_GATHER TILED SHAREABLE
    BC2_TYPELESS: TEXTURE2D TEXTURE3D TEXTURECUBE MIP CPU_LOCKABLE CAST_WITHIN_BIT_LAYOUT TILED SHAREABLE
    BC2_UNORM: TEXTURE2D TEXTURE3D TEXTURECUBE SHADER_LOAD SHADER_SAMPLE MIP CPU_LOCKABLE CAST_WITHIN_BIT_LAYOUT SHADER_GATHER TILED SHAREABLE
    BC2_UNORM_SRGB: TEXTURE2D TEXTURE3D TEXTURECUBE SHADER_LOAD SHADER_SAMPLE MIP CPU_LOCKABLE CAST_WITHIN_BIT_LAYOUT SHADER_GATHER TILED SHAREABLE
    BC3_TYPELESS: TEXTURE2D TEXTURE3D TEXTURECUBE MIP CPU_LOCKABLE CAST_WITHIN_BIT_LAYOUT TILED SHAREABLE
    BC3_UNORM: TEXTURE2D TEXTURE3D TEXTURECUBE SHADER_LOAD SHADER_SAMPLE MIP CPU_LOCKABLE CAST_WITHIN_BIT_LAYOUT SHADER_GATHER TILED SHAREABLE
    BC3_UNORM_SRGB: TEXTURE2D TEXTURE3D TEXTURECUBE SHADER_LOAD SHADER_SAMPLE MIP CPU_LOCKABLE CAST_WITHIN_BIT_LAYOUT SHADER_GATHER TILED SHAREABLE
    BC4_TYPELESS: TEXTURE2D TEXTURE3D TEXTURECUBE MIP CPU_LOCKABLE CAST_WITHIN_BIT_LAYOUT TILED
    BC4_UNORM: TEXTURE2D TEXTURE3D TEXTURECUBE SHADER_LOAD SHADER_SAMPLE MIP CPU_LOCKABLE CAST_WITHIN_BIT_LAYOUT SHADER_GATHER TILED
    BC4_SNORM: TEXTURE2D TEXTURE3D TEXTURECUBE SHADER_LOAD SHADER_SAMPLE MIP CPU_LOCKABLE CAST_WITHIN_BIT_LAYOUT SHADER_GATHER TILED
    BC5_TYPELESS: TEXTURE2D TEXTURE3D TEXTURECUBE MIP CPU_LOCKABLE CAST_WITHIN_BIT_LAYOUT TILED
    BC5_UNORM: TEXTURE2D TEXTURE3D TEXTURECUBE SHADER_LOAD SHADER_SAMPLE MIP CPU_LOCKABLE CAST_WITHIN_BIT_LAYOUT SHADER_GATHER TILED
    BC5_SNORM: TEXTURE2D TEXTURE3D TEXTURECUBE SHADER_LOAD SHADER_SAMPLE MIP CPU_LOCKABLE CAST_WITHIN_BIT_LAYOUT SHADER_GATHER TILED
    B5G6R5_UNORM: BUFFER TEXTURE1D TEXTURE2D TEXTURE3D TEXTURECUBE SHADER_LOAD SHADER_SAMPLE MIP MIP_AUTOGEN RENDER_TARGET BLENDABLE CPU_LOCKABLE MULTISAMPLE_RESOLVE MULTISAMPLE_RENDERTARGET MULTISAMPLE_LOAD SHADER_GATHER TILED
    B5G5R5A1_UNORM: BUFFER TEXTURE1D TEXTURE2D TEXTURE3D TEXTURECUBE SHADER_LOAD SHADER_SAMPLE MIP MIP_AUTOGEN RENDER_TARGET BLENDABLE CPU_LOCKABLE MULTISAMPLE_RESOLVE MULTISAMPLE_RENDERTARGET MULTISAMPLE_LOAD SHADER_GATHER TILED
    B8G8R8A8_UNORM: BUFFER IA_VERTEX_BUFFER TEXTURE1D TEXTURE2D TEXTURE3D TEXTURECUBE SHADER_LOAD SHADER_SAMPLE MIP MIP_AUTOGEN RENDER_TARGET BLENDABLE CPU_LOCKABLE MULTISAMPLE_RESOLVE DISPLAY CAST_WITHIN_BIT_LAYOUT MULTISAMPLE_RENDERTARGET MULTISAMPLE_LOAD SHADER_GATHER BACK_BUFFER_CAST TYPED_UNORDERED_ACCESS_VIEW VIDEO_PROCESSOR_OUTPUT VIDEO_PROCESSOR_INPUT UAV_TYPED_LOAD UAV_TYPED_STORE TILED SHAREABLE DISPLAYABLE
    B8G8R8X8_UNORM: BUFFER IA_VERTEX_BUFFER TEXTURE1D TEXTURE2D TEXTURE3D TEXTURECUBE SHADER_LOAD SHADER_SAMPLE MIP MIP_AUTOGEN RENDER_TARGET BLENDABLE CPU_LOCKABLE MULTISAMPLE_RESOLVE CAST_WITHIN_BIT_LAYOUT MULTISAMPLE_RENDERTARGET MULTISAMPLE_LOAD SHADER_GATHER VIDEO_PROCESSOR_OUTPUT VIDEO_PROCESSOR_INPUT TILED SHAREABLE
    R10G10B10_XR_BIAS_A2_UNORM: TEXTURE2D CPU_LOCKABLE DISPLAY CAST_WITHIN_BIT_LAYOUT BACK_BUFFER_CAST VIDEO_PROCESSOR_OUTPUT TILED SHAREABLE
    B8G8R8A8_TYPELESS: TEXTURE1D TEXTURE2D TEXTURE3D TEXTURECUBE MIP CPU_LOCKABLE CAST_WITHIN_BIT_LAYOUT TILED SHAREABLE
    B8G8R8A8_UNORM_SRGB: TEXTURE1D TEXTURE2D TEXTURE3D TEXTURECUBE SHADER_LOAD SHADER_SAMPLE MIP MIP_AUTOGEN RENDER_TARGET BLENDABLE CPU_LOCKABLE MULTISAMPLE_RESOLVE DISPLAY CAST_WITHIN_BIT_LAYOUT MULTISAMPLE_RENDERTARGET MULTISAMPLE_LOAD SHADER_GATHER BACK_BUFFER_CAST VIDEO_PROCESSOR_OUTPUT TILED SHAREABLE
    B8G8R8X8_TYPELESS: TEXTURE1D TEXTURE2D TEXTURE3D TEXTURECUBE MIP CPU_LOCKABLE CAST_WITHIN_BIT_LAYOUT TILED SHAREABLE
    B8G8R8X8_UNORM_SRGB: TEXTURE1D TEXTURE2D TEXTURE3D TEXTURECUBE SHADER_LOAD SHADER_SAMPLE MIP MIP_AUTOGEN RENDER_TARGET BLENDABLE CPU_LOCKABLE MULTISAMPLE_RESOLVE CAST_WITHIN_BIT_LAYOUT MULTISAMPLE_RENDERTARGET MULTISAMPLE_LOAD SHADER_GATHER TILED SHAREABLE
    BC6H_TYPELESS: TEXTURE2D TEXTURE3D TEXTURECUBE MIP CPU_LOCKABLE CAST_WITHIN_BIT_LAYOUT TILED
    BC6H_UF16: TEXTURE2D TEXTURE3D TEXTURECUBE SHADER_LOAD SHADER_SAMPLE MIP CPU_LOCKABLE CAST_WITHIN_BIT_LAYOUT SHADER_GATHER TILED
    BC6H_SF16: TEXTURE2D TEXTURE3D TEXTURECUBE SHADER_LOAD SHADER_SAMPLE MIP CPU_LOCKABLE CAST_WITHIN_BIT_LAYOUT SHADER_GATHER TILED
    BC7_TYPELESS: TEXTURE2D TEXTURE3D TEXTURECUBE MIP CPU_LOCKABLE CAST_WITHIN_BIT_LAYOUT TILED
    BC7_UNORM: TEXTURE2D TEXTURE3D TEXTURECUBE SHADER_LOAD SHADER_SAMPLE MIP CPU_LOCKABLE CAST_WITHIN_BIT_LAYOUT SHADER_GATHER TILED
    BC7_UNORM_SRGB: TEXTURE2D TEXTURE3D TEXTURECUBE SHADER_LOAD SHADER_SAMPLE MIP CPU_LOCKABLE CAST_WITHIN_BIT_LAYOUT SHADER_GATHER TILED
    AYUV: TEXTURE2D SHADER_LOAD SHADER_SAMPLE MIP MIP_AUTOGEN RENDER_TARGET BLENDABLE CPU_LOCKABLE SHADER_GATHER TYPED_UNORDERED_ACCESS_VIEW DECODER_OUTPUT VIDEO_PROCESSOR_OUTPUT VIDEO_PROCESSOR_INPUT UAV_TYPED_STORE SHAREABLE
    Y410: TEXTURE2D SHADER_LOAD SHADER_SAMPLE CPU_LOCKABLE SHADER_GATHER TYPED_UNORDERED_ACCESS_VIEW DECODER_OUTPUT VIDEO_PROCESSOR_OUTPUT VIDEO_PROCESSOR_INPUT UAV_TYPED_STORE SHAREABLE
    Y416: TEXTURE2D SHADER_LOAD SHADER_SAMPLE MIP CPU_LOCKABLE SHADER_GATHER TYPED_UNORDERED_ACCESS_VIEW DECODER_OUTPUT VIDEO_PROCESSOR_OUTPUT VIDEO_PROCESSOR_INPUT UAV_TYPED_STORE SHAREABLE
    NV12: TEXTURE2D SHADER_LOAD SHADER_SAMPLE RENDER_TARGET BLENDABLE CPU_LOCKABLE SHADER_GATHER TYPED_UNORDERED_ACCESS_VIEW DECODER_OUTPUT VIDEO_PROCESSOR_OUTPUT VIDEO_PROCESSOR_INPUT VIDEO_ENCODER UAV_TYPED_STORE SHAREABLE MULTIPLANE_OVERLAY DISPLAYABLE
    P010: TEXTURE2D SHADER_LOAD SHADER_SAMPLE RENDER_TARGET BLENDABLE CPU_LOCKABLE SHADER_GATHER TYPED_UNORDERED_ACCESS_VIEW DECODER_OUTPUT VIDEO_PROCESSOR_OUTPUT VIDEO_PROCESSOR_INPUT VIDEO_ENCODER UAV_TYPED_STORE SHAREABLE
    P016: TEXTURE2D SHADER_LOAD SHADER_SAMPLE RENDER_TARGET BLENDABLE CPU_LOCKABLE SHADER_GATHER TYPED_UNORDERED_ACCESS_VIEW DECODER_OUTPUT VIDEO_PROCESSOR_OUTPUT VIDEO_PROCESSOR_INPUT UAV_TYPED_STORE SHAREABLE
    420_OPAQUE: TEXTURE2D DECODER_OUTPUT VIDEO_PROCESSOR_OUTPUT VIDEO_PROCESSOR_INPUT SHAREABLE
    YUY2: TEXTURE2D SHADER_LOAD SHADER_SAMPLE CPU_LOCKABLE SHADER_GATHER TYPED_UNORDERED_ACCESS_VIEW DECODER_OUTPUT VIDEO_PROCESSOR_OUTPUT VIDEO_PROCESSOR_INPUT UAV_TYPED_STORE SHAREABLE MULTIPLANE_OVERLAY DISPLAYABLE
    Y210: TEXTURE2D SHADER_LOAD SHADER_SAMPLE CPU_LOCKABLE SHADER_GATHER TYPED_UNORDERED_ACCESS_VIEW DECODER_OUTPUT VIDEO_PROCESSOR_OUTPUT VIDEO_PROCESSOR_INPUT UAV_TYPED_STORE SHAREABLE MULTIPLANE_OVERLAY
    Y216: TEXTURE2D SHADER_LOAD SHADER_SAMPLE CPU_LOCKABLE SHADER_GATHER TYPED_UNORDERED_ACCESS_VIEW DECODER_OUTPUT VIDEO_PROCESSOR_OUTPUT VIDEO_PROCESSOR_INPUT UAV_TYPED_STORE SHAREABLE MULTIPLANE_OVERLAY
    NV11:
    AI44: TEXTURE2D CPU_LOCKABLE VIDEO_PROCESSOR_INPUT
    IA44: TEXTURE2D CPU_LOCKABLE VIDEO_PROCESSOR_INPUT
    P8: TEXTURE2D CPU_LOCKABLE VIDEO_PROCESSOR_INPUT
    A8P8: TEXTURE2D CPU_LOCKABLE VIDEO_PROCESSOR_INPUT
    B4G4R4A4_UNORM: BUFFER TEXTURE1D TEXTURE2D TEXTURE3D TEXTURECUBE SHADER_LOAD SHADER_SAMPLE MIP MIP_AUTOGEN RENDER_TARGET BLENDABLE CPU_LOCKABLE MULTISAMPLE_RESOLVE MULTISAMPLE_RENDERTARGET MULTISAMPLE_LOAD SHADER_GATHER TILED
    P208:
    V208:
    V408:
    SAMPLER_FEEDBACK_MIN_MIP_OPAQUE:
    SAMPLER_FEEDBACK_MIP_REGION_USED_OPAQUE:
    A4B4G4R4_UNORM:
[2026-05-08 23:11:08] [I] [core] [GraphicsDevice] initialization complete
[2026-05-08 23:11:08] [I] [core] Graphics Device: Intel(R) Iris(R) Xe Graphics
    Direct Flip Support: true
    Independent Flip Support: true
    Present Allow Tearing: true
[2026-05-08 23:11:08] [I] [core] Display Output: Intel(R) Iris(R) Xe Graphics -> \\.\DISPLAY1
    Overlays Support: true
    Multi Plane Overlay:
        Support: true
        Max Planes: 3
        Max RGB Planes: 3
        Max YUV Planes: 2
        Overlay Capabilities:
            Rotation: true
            Rotation Without Independent Flip: false
            Vertical Flip: false
            Horizontal Flip: true
            Stretch RGB: true
            Stretch YUV: true
            Bilinear Filter: true
            High Filter: true
            Shared: false
            Immediate: true
            Plane 0 For Virtual Mode Only: false
            Version 3 DDI Support: true
        Max Stretch Factor: 21.00x
        Max Shrink Factor: 0.33x
    Hardware Composition:
        Fullscreen: true
        Windowed: true
        Cursor Stretched: false
[2026-05-08 23:11:08] [I] [core] [SwapChain] creating...
[2026-05-08 23:11:09] [I] [core] [SwapChain] created:
    Display Mode: 640x480
    Buffer Count: 3
    Swap Effect: FLIP_DISCARD
    Present Allow Tearing: true
    Frame Latency Waitable Object: true
[2026-05-08 23:11:09] [I] [core] [Renderer] initializing...
[2026-05-08 23:11:09] [I] [core] [Renderer] initialization complete
[2026-05-08 23:11:09] [I] [luastg] 成功创建了 0 个控制器
[2026-05-08 23:11:09] [I] [core] Display Output: Intel(R) Iris(R) Xe Graphics -> \\.\DISPLAY1
    Overlays Support: true
    Multi Plane Overlay:
        Support: true
        Max Planes: 3
        Max RGB Planes: 3
        Max YUV Planes: 2
        Overlay Capabilities:
            Rotation: true
            Rotation Without Independent Flip: false
            Vertical Flip: false
            Horizontal Flip: true
            Stretch RGB: true
            Stretch YUV: true
            Bilinear Filter: true
            High Filter: true
            Shared: false
            Immediate: true
            Plane 0 For Virtual Mode Only: false
            Version 3 DDI Support: true
        Max Stretch Factor: 21.00x
        Max Shrink Factor: 0.33x
    Hardware Composition:
        Fullscreen: true
        Windowed: true
        Cursor Stretched: false
[2026-05-08 23:11:09] [I] [core] [SwapChain] creating...
[2026-05-08 23:11:09] [I] [core] [SwapChain] created:
    Display Mode: 640x480
    Buffer Count: 3
    Swap Effect: FLIP_DISCARD
    Present Allow Tearing: true
    Frame Latency Waitable Object: true
[2026-05-08 23:11:09] [I] [luastg] loading main script
[2026-05-08 23:11:09] [I] [luastg] main script 'core.lua' loaded
[2026-05-08 23:11:09] [I] [luastg] 初始化完成
[2026-05-08 23:11:09] [I] [lua] [thlib.runtime] init
[2026-05-08 23:11:09] [I] [luastg] 加载脚本'root.lua'
[2026-05-08 23:11:09] [I] [lua] [mod/Test] root.lua loaded
[2026-05-08 23:11:09] [I] [luastg] 加载脚本'script.lua'
[2026-05-08 23:11:09] [I] [luastg] LoadTexture: 已从 'ball_huge_blue.png' 加载纹理 'tex.ball' (global)
[2026-05-08 23:11:09] [I] [luastg] CreateSprite: 已从纹理 'tex.ball' 创建图片精灵 'img.ball' (global)
[2026-05-08 23:11:09] [I] [lua] [test_unit] created
[2026-05-08 23:11:09] [I] Duration of initialization: 0.3070076s
[2026-05-08 23:11:09] [I] [luastg] 开始更新&渲染循环
[2026-05-08 23:11:10] [I] [lua] [test_chip] render img=img.ball x=0.00 y=0.00 rot=60.00
[2026-05-08 23:11:11] [I] [lua] [test_chip] render img=img.ball x=0.00 y=0.00 rot=120.00
[2026-05-08 23:11:12] [I] [lua] [test_chip] render img=img.ball x=0.00 y=0.00 rot=180.00
[2026-05-08 23:11:13] [I] [lua] [test_chip] render img=img.ball x=0.00 y=0.00 rot=240.00
[2026-05-08 23:11:14] [I] [lua] [test_chip] render img=img.ball x=0.00 y=0.00 rot=300.00
[2026-05-08 23:11:15] [I] [lua] [test_chip] render img=img.ball x=0.00 y=0.00 rot=360.00
[2026-05-08 23:11:16] [I] [lua] [test_chip] render img=img.ball x=0.00 y=0.00 rot=420.00
[2026-05-08 23:11:17] [I] [lua] [test_chip] render img=img.ball x=0.00 y=0.00 rot=480.00
[2026-05-08 23:11:18] [I] [lua] [test_chip] render img=img.ball x=0.00 y=0.00 rot=540.00
[2026-05-08 23:11:19] [I] [lua] [test_chip] render img=img.ball x=0.00 y=0.00 rot=600.00
[2026-05-08 23:11:20] [I] [lua] [test_chip] render img=img.ball x=0.00 y=0.00 rot=660.00
[2026-05-08 23:11:21] [I] [lua] [test_chip] render img=img.ball x=0.00 y=0.00 rot=720.00
[2026-05-08 23:11:22] [I] [lua] [test_chip] render img=img.ball x=0.00 y=0.00 rot=780.00
[2026-05-08 23:11:23] [I] [lua] [test_chip] render img=img.ball x=0.00 y=0.00 rot=840.00
[2026-05-08 23:11:24] [I] [lua] [test_chip] render img=img.ball x=0.00 y=0.00 rot=900.00
[2026-05-08 23:11:25] [I] [lua] [test_chip] render img=img.ball x=0.00 y=0.00 rot=960.00
[2026-05-08 23:11:26] [I] [lua] [test_chip] render img=img.ball x=0.00 y=0.00 rot=1020.00
[2026-05-08 23:11:27] [I] [lua] [test_chip] render img=img.ball x=0.00 y=0.00 rot=1080.00
[2026-05-08 23:11:28] [I] [lua] [test_chip] render img=img.ball x=0.00 y=0.00 rot=1140.00
[2026-05-08 23:11:29] [I] [lua] [test_chip] render img=img.ball x=0.00 y=0.00 rot=1200.00
[2026-05-08 23:11:30] [I] [lua] [test_chip] render img=img.ball x=0.00 y=0.00 rot=1260.00
[2026-05-08 23:11:31] [I] [lua] [test_chip] render img=img.ball x=0.00 y=0.00 rot=1320.00
[2026-05-08 23:11:32] [I] [lua] [test_chip] render img=img.ball x=0.00 y=0.00 rot=1380.00
[2026-05-08 23:11:33] [I] [lua] [test_chip] render img=img.ball x=0.00 y=0.00 rot=1440.00
[2026-05-08 23:11:34] [I] [lua] [test_chip] render img=img.ball x=0.00 y=0.00 rot=1500.00
[2026-05-08 23:11:35] [I] [lua] [test_chip] render img=img.ball x=0.00 y=0.00 rot=1560.00
[2026-05-08 23:11:36] [I] [lua] [test_chip] render img=img.ball x=0.00 y=0.00 rot=1620.00
[2026-05-08 23:11:37] [I] [lua] [test_chip] render img=img.ball x=0.00 y=0.00 rot=1680.00
[2026-05-08 23:11:38] [I] [lua] [test_chip] render img=img.ball x=0.00 y=0.00 rot=1740.00
[2026-05-08 23:11:39] [I] [lua] [test_chip] render img=img.ball x=0.00 y=0.00 rot=1800.00
[2026-05-08 23:11:40] [I] [lua] [test_chip] render img=img.ball x=0.00 y=0.00 rot=1860.00
[2026-05-08 23:11:41] [I] [lua] [test_chip] render img=img.ball x=0.00 y=0.00 rot=1920.00
[2026-05-08 23:11:42] [I] [lua] [test_chip] render img=img.ball x=0.00 y=0.00 rot=1980.00
[2026-05-08 23:11:43] [I] [lua] [test_chip] render img=img.ball x=0.00 y=0.00 rot=2040.00
[2026-05-08 23:11:44] [I] [lua] [test_chip] render img=img.ball x=0.00 y=0.00 rot=2100.00
[2026-05-08 23:11:45] [I] [lua] [test_chip] render img=img.ball x=0.00 y=0.00 rot=2160.00
[2026-05-08 23:11:46] [I] [lua] [test_chip] render img=img.ball x=0.00 y=0.00 rot=2220.00
[2026-05-08 23:11:47] [I] [lua] [test_chip] render img=img.ball x=0.00 y=0.00 rot=2280.00
[2026-05-08 23:11:48] [I] [lua] [test_chip] render img=img.ball x=0.00 y=0.00 rot=2340.00
[2026-05-08 23:11:49] [I] [lua] [test_chip] render img=img.ball x=0.00 y=0.00 rot=2400.00
[2026-05-08 23:11:50] [I] [lua] [test_chip] render img=img.ball x=0.00 y=0.00 rot=2460.00
[2026-05-08 23:11:51] [I] [lua] [test_chip] render img=img.ball x=0.00 y=0.00 rot=2520.00
[2026-05-08 23:11:52] [I] [lua] [test_chip] render img=img.ball x=0.00 y=0.00 rot=2580.00
[2026-05-08 23:11:53] [I] [lua] [test_chip] render img=img.ball x=0.00 y=0.00 rot=2640.00
[2026-05-08 23:11:54] [I] [lua] [test_chip] render img=img.ball x=0.00 y=0.00 rot=2700.00
[2026-05-08 23:11:55] [I] [lua] [test_chip] render img=img.ball x=0.00 y=0.00 rot=2760.00
[2026-05-08 23:11:56] [I] [lua] [test_chip] render img=img.ball x=0.00 y=0.00 rot=2820.00
[2026-05-08 23:11:57] [I] [lua] [test_chip] render img=img.ball x=0.00 y=0.00 rot=2880.00
[2026-05-08 23:11:58] [I] [lua] [test_chip] render img=img.ball x=0.00 y=0.00 rot=2940.00
[2026-05-08 23:11:59] [I] [lua] [test_chip] render img=img.ball x=0.00 y=0.00 rot=3000.00
[2026-05-08 23:12:00] [I] [lua] [test_chip] render img=img.ball x=0.00 y=0.00 rot=3060.00
[2026-05-08 23:12:01] [I] [lua] [test_chip] render img=img.ball x=0.00 y=0.00 rot=3120.00
[2026-05-08 23:12:02] [I] [lua] [test_chip] render img=img.ball x=0.00 y=0.00 rot=3180.00
[2026-05-08 23:12:03] [I] [lua] [test_chip] render img=img.ball x=0.00 y=0.00 rot=3240.00
[2026-05-08 23:12:04] [I] [lua] [test_chip] render img=img.ball x=0.00 y=0.00 rot=3300.00
[2026-05-08 23:12:05] [I] [lua] [test_chip] render img=img.ball x=0.00 y=0.00 rot=3360.00
[2026-05-08 23:12:06] [I] [lua] [test_chip] render img=img.ball x=0.00 y=0.00 rot=3420.00
[2026-05-08 23:12:07] [I] [lua] [test_chip] render img=img.ball x=0.00 y=0.00 rot=3480.00
[2026-05-08 23:12:08] [I] [lua] [test_chip] render img=img.ball x=0.00 y=0.00 rot=3540.00
[2026-05-08 23:12:09] [I] [lua] [test_chip] render img=img.ball x=0.00 y=0.00 rot=3600.00
[2026-05-08 23:12:10] [I] [lua] [test_chip] render img=img.ball x=0.00 y=0.00 rot=3660.00
[2026-05-08 23:12:11] [I] [lua] [test_chip] render img=img.ball x=0.00 y=0.00 rot=3720.00
[2026-05-08 23:12:12] [I] [lua] [test_chip] render img=img.ball x=0.00 y=0.00 rot=3780.00
[2026-05-08 23:12:13] [I] [lua] [test_chip] render img=img.ball x=0.00 y=0.00 rot=3840.00
[2026-05-08 23:12:14] [I] [lua] [test_chip] render img=img.ball x=0.00 y=0.00 rot=3900.00
[2026-05-08 23:12:15] [I] [lua] [test_chip] render img=img.ball x=0.00 y=0.00 rot=3960.00
[2026-05-08 23:12:16] [I] [lua] [test_chip] render img=img.ball x=0.00 y=0.00 rot=4020.00
[2026-05-08 23:12:17] [I] [lua] [test_chip] render img=img.ball x=0.00 y=0.00 rot=4080.00
[2026-05-08 23:12:18] [I] [lua] [test_chip] render img=img.ball x=0.00 y=0.00 rot=4140.00
[2026-05-08 23:12:19] [I] [lua] [test_chip] render img=img.ball x=0.00 y=0.00 rot=4200.00
[2026-05-08 23:12:20] [I] [lua] [test_chip] render img=img.ball x=0.00 y=0.00 rot=4260.00
[2026-05-08 23:12:21] [I] [lua] [test_chip] render img=img.ball x=0.00 y=0.00 rot=4320.00
[2026-05-08 23:12:22] [I] [lua] [test_chip] render img=img.ball x=0.00 y=0.00 rot=4380.00
[2026-05-08 23:12:23] [I] [lua] [test_chip] render img=img.ball x=0.00 y=0.00 rot=4440.00
[2026-05-08 23:12:24] [I] [lua] [test_chip] render img=img.ball x=0.00 y=0.00 rot=4500.00
[2026-05-08 23:12:25] [I] [lua] [test_chip] render img=img.ball x=0.00 y=0.00 rot=4560.00
[2026-05-08 23:12:26] [I] [lua] [test_chip] render img=img.ball x=0.00 y=0.00 rot=4620.00
[2026-05-08 23:12:27] [I] [lua] [test_chip] render img=img.ball x=0.00 y=0.00 rot=4680.00
[2026-05-08 23:12:28] [I] [lua] [test_chip] render img=img.ball x=0.00 y=0.00 rot=4740.00
[2026-05-08 23:12:29] [I] [lua] [test_chip] render img=img.ball x=0.00 y=0.00 rot=4800.00
[2026-05-08 23:12:30] [I] [lua] [test_chip] render img=img.ball x=0.00 y=0.00 rot=4860.00
[2026-05-08 23:12:31] [I] [lua] [test_chip] render img=img.ball x=0.00 y=0.00 rot=4920.00
[2026-05-08 23:12:32] [I] [lua] [test_chip] render img=img.ball x=0.00 y=0.00 rot=4980.00
[2026-05-08 23:12:33] [I] [lua] [test_chip] render img=img.ball x=0.00 y=0.00 rot=5040.00
[2026-05-08 23:12:34] [I] [lua] [test_chip] render img=img.ball x=0.00 y=0.00 rot=5100.00
[2026-05-08 23:12:35] [I] [lua] [test_chip] render img=img.ball x=0.00 y=0.00 rot=5160.00
[2026-05-08 23:12:36] [I] [lua] [test_chip] render img=img.ball x=0.00 y=0.00 rot=5220.00
[2026-05-08 23:12:37] [I] [lua] [test_chip] render img=img.ball x=0.00 y=0.00 rot=5280.00
[2026-05-08 23:12:38] [I] [lua] [test_chip] render img=img.ball x=0.00 y=0.00 rot=5340.00
[2026-05-08 23:12:39] [I] [lua] [test_chip] render img=img.ball x=0.00 y=0.00 rot=5400.00
[2026-05-08 23:12:40] [I] [lua] [test_chip] render img=img.ball x=0.00 y=0.00 rot=5460.00
[2026-05-08 23:12:41] [I] [lua] [test_chip] render img=img.ball x=0.00 y=0.00 rot=5520.00
[2026-05-08 23:12:42] [I] [lua] [test_chip] render img=img.ball x=0.00 y=0.00 rot=5580.00
[2026-05-08 23:12:43] [I] [lua] [test_chip] render img=img.ball x=0.00 y=0.00 rot=5640.00
[2026-05-08 23:12:44] [I] [lua] [test_chip] render img=img.ball x=0.00 y=0.00 rot=5700.00
[2026-05-08 23:12:45] [I] [lua] [test_chip] render img=img.ball x=0.00 y=0.00 rot=5760.00
[2026-05-08 23:12:46] [I] [lua] [test_chip] render img=img.ball x=0.00 y=0.00 rot=5820.00
[2026-05-08 23:12:47] [I] [lua] [test_chip] render img=img.ball x=0.00 y=0.00 rot=5880.00
[2026-05-08 23:12:48] [I] [lua] [test_chip] render img=img.ball x=0.00 y=0.00 rot=5940.00
[2026-05-08 23:12:49] [I] [lua] [test_chip] render img=img.ball x=0.00 y=0.00 rot=6000.00
[2026-05-08 23:12:50] [I] [lua] [test_chip] render img=img.ball x=0.00 y=0.00 rot=6060.00
[2026-05-08 23:12:51] [I] [lua] [test_chip] render img=img.ball x=0.00 y=0.00 rot=6120.00
[2026-05-08 23:12:52] [I] [lua] [test_chip] render img=img.ball x=0.00 y=0.00 rot=6180.00
[2026-05-08 23:12:53] [I] [lua] [test_chip] render img=img.ball x=0.00 y=0.00 rot=6240.00
[2026-05-08 23:12:54] [I] [lua] [test_chip] render img=img.ball x=0.00 y=0.00 rot=6300.00
[2026-05-08 23:12:55] [I] [lua] [test_chip] render img=img.ball x=0.00 y=0.00 rot=6360.00
[2026-05-08 23:12:56] [I] [lua] [test_chip] render img=img.ball x=0.00 y=0.00 rot=6420.00
[2026-05-08 23:12:57] [I] [lua] [test_chip] render img=img.ball x=0.00 y=0.00 rot=6480.00
[2026-05-08 23:12:58] [I] [lua] [test_chip] render img=img.ball x=0.00 y=0.00 rot=6540.00
[2026-05-08 23:12:59] [I] [lua] [test_chip] render img=img.ball x=0.00 y=0.00 rot=6600.00
[2026-05-08 23:13:00] [I] [lua] [test_chip] render img=img.ball x=0.00 y=0.00 rot=6660.00
[2026-05-08 23:13:01] [I] [lua] [test_chip] render img=img.ball x=0.00 y=0.00 rot=6720.00
[2026-05-08 23:13:02] [I] [lua] [test_chip] render img=img.ball x=0.00 y=0.00 rot=6780.00
[2026-05-08 23:13:02] [I] [luastg] 结束更新&渲染循环
[2026-05-08 23:13:02] [I] [lua] [thlib.runtime] shutdown
[2026-05-08 23:13:02] [I] [luastg] 清空对象池
[2026-05-08 23:13:02] [I] [luastg] 关闭luajit引擎
[2026-05-08 23:13:02] [I] [luastg] 已清空资源池 'global'
[2026-05-08 23:13:02] [I] [luastg] 已清空资源池 'stage'
[2026-05-08 23:13:02] [I] [luastg] 清空所有游戏资源
[2026-05-08 23:13:02] [I] [luastg] 卸载所有资源包
[2026-05-08 23:13:02] [I] [luastg] 引擎关闭
