[2026-05-08 23:14:10] [I] Duration before logging system: 0.0179496s
[2026-05-08 23:14:10] [I] LuaSTG Nexus v0.1.2
[2026-05-08 23:14:10] [I] [luastg] 初始化引擎
[2026-05-08 23:14:10] [I] [luastg] 初始化对象池，容量32768
[2026-05-08 23:14:10] [I] [luastg] 初始化luajit引擎
[2026-05-08 23:14:10] [I] [luajit] LuaJIT 2.1.1778074285
[2026-05-08 23:14:10] [I] [luajit] 注册标准库与内置包
[2026-05-08 23:14:10] [I] [luajit] [0] E:\STG\LuaSTG-Future\LuaSTG-Data\LuaSTG-Nex_Data\LuaSTGSub.exe
[2026-05-08 23:14:10] [I] [luastg] load configuration from script 'launch'
[2026-05-08 23:14:10] [I] [core] System: Windows 11 25H2
[2026-05-08 23:14:10] [I] [core] Kernel: NT OS Kernel 10.0.26100.8246 Kernel32 10.0.26100.8246
[2026-05-08 23:14:10] [I] [core] CPU: 11th Gen Intel(R) Core(TM) i5-1155G7 @ 2.50GHz
[2026-05-08 23:14:10] [I] [core] [GraphicsDevice] initializing...
[2026-05-08 23:14:10] [I] [core] [GraphicsDevice] enumerate physical devices
[2026-05-08 23:14:10] [I] [core] [GraphicsDeviceManager] Graphics System details:
    Features:
        Present allow tearing (Windows DXGI): supported
    Physical devices:
        Intel(R) Iris(R) Xe Graphics:
            Direct3D feature level: 12.1
            VendorId: 0x00008086
            DeviceId: 0x00009a49
            SubSysId: 0x1372152d
            Revision: 3
            Dedicated video memory: 134217728 (128.000MiB)
            Dedicated system memory: 0 (0B)
            Shared system memory: 4181356544 (3.894GiB)
            Adapter LUID: 00000000-00009c5c
            Flags: ACG_COMPATIBLE SUPPORT_MONITORED_FENCES KEYED_MUTEX_CONFORMANCE
            Graphics preemption granularity: PRIMITIVE_BOUNDARY
            Compute preemption granularity: THREAD_GROUP_BOUNDARY
    Physical devices (unmet requirements):
        Microsoft Basic Render Driver:
            Direct3D feature level: 12.1
            VendorId: 0x00001414
            DeviceId: 0x0000008c
            SubSysId: 0x00000000
            Revision: 0
            Dedicated video memory: 0 (0B)
            Dedicated system memory: 0 (0B)
            Shared system memory: 4181356544 (3.894GiB)
            Adapter LUID: 00000000-0000a233
            Flags: SOFTWARE ACG_COMPATIBLE SUPPORT_MONITORED_FENCES KEYED_MUTEX_CONFORMANCE
            Graphics preemption granularity: INSTRUCTION_BOUNDARY
            Compute preemption granularity: INSTRUCTION_BOUNDARY
[2026-05-08 23:14:10] [I] [core] [GraphicsDevice] current physical device: Intel(R) Iris(R) Xe Graphics
[2026-05-08 23:14:10] [I] [core] [GraphicsDevice] device feature support details:
    Direct3D feature level: 12.1
    Threading:
        Driver concurrent creates: supported
        Driver command lists: not supported
    Doubles:
        Double precision float shader ops: not supported
    Direct3D 10.x hardware options:
        ComputeShaders + Raw/StructuredBuffers via shader 4.x: supported
    Direct3D 11 options:
        Output merger logic op: supported
        UAV only rendering forced sample count: supported
        Discard APIs seen by driver: supported
        Flags for update and copy seen by driver: supported
        Clear view: supported
        Copy with overlap: supported
        ConstantBuffer partial update: supported
        ConstantBuffer offsetting: supported
        Map no overwrite on dynamic ConstantBuffer: supported
        Map no overwrite on dynamic buffer SRV: supported
        Multisample RTV with forced sample count one: supported
        SAD4 shader instructions: supported
        Extended doubles shader instructions: not supported
        Extended resource sharing: supported
    Architecture info:
        Tile based deferred renderer: no
    Direct3D 9 options:
        Full non-pow2 texture support: supported
    Shader min precision support:
        Pixel shader min precision: 16bit
        All other shader stages min precision: 16bit
    Direct3D 9 shadow support:
        Supports depth as texture with less-equal comparison filter: supported
    Direct3D 11 options 1:
        Tiled resources tier: 2
        Min max filtering: supported
        Clear view also supports depth only formats: supported
        Map on default buffers: supported
    Direct3D 9 simple instancing support:
        Simple instancing supported: supported
    Marker support:
        Profile: supported
    Direct3D 9 options 1:
        Full non-pow2 texture supported: supported
        Depth as texture with less-equal comparison filter supported: supported
        Simple instancing supported: supported
        TextureCube face RenderTarget with non cube DepthStencil supported: supported
    Direct3D 11 options 1:
        PS specified stencil ref supported: supported
        Typed UAV load additional formats: supported
        ROVs supported: supported
        Conservative rasterization tier: 3
        Tiled resources tier: 3
        Map on default textures: supported
        Standard swizzle: not supported
        Unified memory architecture: supported
    Direct3D 11 options 3:
        VP and RT array index from any shader feeding rasterizer: supported
    GPU virtual address support:
        Max GPU virtual address bits per resource: 44
        Max GPU virtual address bits per process: 47
    Direct3D 11 options 4:
        Extended NV12 shared texture supported: supported
    Shader cache:
        Support flags: NONE
    Direct3D 11 options 5:
        Shared resource tier: 3
    Displayable:
        Displayable texture: not supported
        Shared resource tier: 3
[2026-05-08 23:14:10] [I] [core] [GraphicsDevice] device format support details:
    R32G32B32A32_TYPELESS: TEXTURE1D TEXTURE2D TEXTURE3D TEXTURECUBE MIP CPU_LOCKABLE CAST_WITHIN_BIT_LAYOUT TILED SHAREABLE
    R32G32B32A32_FLOAT: BUFFER IA_VERTEX_BUFFER SO_BUFFER TEXTURE1D TEXTURE2D TEXTURE3D TEXTURECUBE SHADER_LOAD SHADER_SAMPLE MIP MIP_AUTOGEN RENDER_TARGET BLENDABLE CPU_LOCKABLE MULTISAMPLE_RESOLVE CAST_WITHIN_BIT_LAYOUT MULTISAMPLE_RENDERTARGET MULTISAMPLE_LOAD SHADER_GATHER TYPED_UNORDERED_ACCESS_VIEW UAV_TYPED_LOAD UAV_TYPED_STORE TILED SHAREABLE
    R32G32B32A32_UINT: BUFFER IA_VERTEX_BUFFER SO_BUFFER TEXTURE1D TEXTURE2D TEXTURE3D TEXTURECUBE SHADER_LOAD MIP RENDER_TARGET CPU_LOCKABLE CAST_WITHIN_BIT_LAYOUT MULTISAMPLE_RENDERTARGET MULTISAMPLE_LOAD TYPED_UNORDERED_ACCESS_VIEW UAV_TYPED_LOAD UAV_TYPED_STORE OUTPUT_MERGER_LOGIC_OP TILED SHAREABLE
    R32G32B32A32_SINT: BUFFER IA_VERTEX_BUFFER SO_BUFFER TEXTURE1D TEXTURE2D TEXTURE3D TEXTURECUBE SHADER_LOAD MIP RENDER_TARGET CPU_LOCKABLE CAST_WITHIN_BIT_LAYOUT MULTISAMPLE_RENDERTARGET MULTISAMPLE_LOAD TYPED_UNORDERED_ACCESS_VIEW UAV_TYPED_LOAD UAV_TYPED_STORE TILED SHAREABLE
    R32G32B32_TYPELESS: TEXTURE1D TEXTURE2D TEXTURE3D TEXTURECUBE MIP CPU_LOCKABLE CAST_WITHIN_BIT_LAYOUT
    R32G32B32_FLOAT: BUFFER IA_VERTEX_BUFFER SO_BUFFER TEXTURE1D TEXTURE2D TEXTURE3D TEXTURECUBE SHADER_LOAD SHADER_SAMPLE MIP CPU_LOCKABLE MULTISAMPLE_RESOLVE CAST_WITHIN_BIT_LAYOUT MULTISAMPLE_LOAD
    R32G32B32_UINT: BUFFER IA_VERTEX_BUFFER SO_BUFFER TEXTURE1D TEXTURE2D TEXTURE3D TEXTURECUBE SHADER_LOAD MIP CPU_LOCKABLE CAST_WITHIN_BIT_LAYOUT MULTISAMPLE_LOAD OUTPUT_MERGER_LOGIC_OP
    R32G32B32_SINT: BUFFER IA_VERTEX_BUFFER SO_BUFFER TEXTURE1D TEXTURE2D TEXTURE3D TEXTURECUBE SHADER_LOAD MIP CPU_LOCKABLE CAST_WITHIN_BIT_LAYOUT MULTISAMPLE_LOAD
    R16G16B16A16_TYPELESS: TEXTURE1D TEXTURE2D TEXTURE3D TEXTURECUBE MIP CPU_LOCKABLE CAST_WITHIN_BIT_LAYOUT TILED SHAREABLE
    R16G16B16A16_FLOAT: BUFFER IA_VERTEX_BUFFER TEXTURE1D TEXTURE2D TEXTURE3D TEXTURECUBE SHADER_LOAD SHADER_SAMPLE MIP MIP_AUTOGEN RENDER_TARGET BLENDABLE CPU_LOCKABLE MULTISAMPLE_RESOLVE DISPLAY CAST_WITHIN_BIT_LAYOUT MULTISAMPLE_RENDERTARGET MULTISAMPLE_LOAD SHADER_GATHER TYPED_UNORDERED_ACCESS_VIEW VIDEO_PROCESSOR_OUTPUT UAV_TYPED_LOAD UAV_TYPED_STORE TILED SHAREABLE DISPLAYABLE
    R16G16B16A16_UNORM: BUFFER IA_VERTEX_BUFFER TEXTURE1D TEXTURE2D TEXTURE3D TEXTURECUBE SHADER_LOAD SHADER_SAMPLE MIP MIP_AUTOGEN RENDER_TARGET BLENDABLE CPU_LOCKABLE MULTISAMPLE_RESOLVE CAST_WITHIN_BIT_LAYOUT MULTISAMPLE_RENDERTARGET MULTISAMPLE_LOAD SHADER_GATHER TYPED_UNORDERED_ACCESS_VIEW UAV_TYPED_LOAD UAV_TYPED_STORE TILED SHAREABLE
    R16G16B16A16_UINT: BUFFER IA_VERTEX_BUFFER TEXTURE1D TEXTURE2D TEXTURE3D TEXTURECUBE SHADER_LOAD MIP RENDER_TARGET CPU_LOCKABLE CAST_WITHIN_BIT_LAYOUT MULTISAMPLE_RENDERTARGET MULTISAMPLE_LOAD TYPED_UNORDERED_ACCESS_VIEW UAV_TYPED_LOAD UAV_TYPED_STORE OUTPUT_MERGER_LOGIC_OP TILED SHAREABLE
    R16G16B16A16_SNORM: BUFFER IA_VERTEX_BUFFER TEXTURE1D TEXTURE2D TEXTURE3D TEXTURECUBE SHADER_LOAD SHADER_SAMPLE MIP MIP_AUTOGEN RENDER_TARGET BLENDABLE CPU_LOCKABLE MULTISAMPLE_RESOLVE CAST_WITHIN_BIT_LAYOUT MULTISAMPLE_RENDERTARGET MULTISAMPLE_LOAD SHADER_GATHER TYPED_UNORDERED_ACCESS_VIEW UAV_TYPED_LOAD UAV_TYPED_STORE TILED SHAREABLE
    R16G16B16A16_SINT: BUFFER IA_VERTEX_BUFFER TEXTURE1D TEXTURE2D TEXTURE3D TEXTURECUBE SHADER_LOAD MIP RENDER_TARGET CPU_LOCKABLE CAST_WITHIN_BIT_LAYOUT MULTISAMPLE_RENDERTARGET MULTISAMPLE_LOAD TYPED_UNORDERED_ACCESS_VIEW UAV_TYPED_LOAD UAV_TYPED_STORE TILED SHAREABLE
    R32G32_TYPELESS: TEXTURE1D TEXTURE2D TEXTURE3D TEXTURECUBE MIP CPU_LOCKABLE CAST_WITHIN_BIT_LAYOUT TILED
    R32G32_FLOAT: BUFFER IA_VERTEX_BUFFER SO_BUFFER TEXTURE1D TEXTURE2D TEXTURE3D TEXTURECUBE SHADER_LOAD SHADER_SAMPLE MIP MIP_AUTOGEN RENDER_TARGET BLENDABLE CPU_LOCKABLE MULTISAMPLE_RESOLVE CAST_WITHIN_BIT_LAYOUT MULTISAMPLE_RENDERTARGET MULTISAMPLE_LOAD SHADER_GATHER TYPED_UNORDERED_ACCESS_VIEW UAV_TYPED_LOAD UAV_TYPED_STORE TILED
    R32G32_UINT: BUFFER IA_VERTEX_BUFFER SO_BUFFER TEXTURE1D TEXTURE2D TEXTURE3D TEXTURECUBE SHADER_LOAD MIP RENDER_TARGET CPU_LOCKABLE CAST_WITHIN_BIT_LAYOUT MULTISAMPLE_RENDERTARGET MULTISAMPLE_LOAD TYPED_UNORDERED_ACCESS_VIEW UAV_TYPED_LOAD UAV_TYPED_STORE OUTPUT_MERGER_LOGIC_OP TILED
    R32G32_SINT: BUFFER IA_VERTEX_BUFFER SO_BUFFER TEXTURE1D TEXTURE2D TEXTURE3D TEXTURECUBE SHADER_LOAD MIP RENDER_TARGET CPU_LOCKABLE CAST_WITHIN_BIT_LAYOUT MULTISAMPLE_RENDERTARGET MULTISAMPLE_LOAD TYPED_UNORDERED_ACCESS_VIEW UAV_TYPED_LOAD UAV_TYPED_STORE TILED
    R32G8X24_TYPELESS: TEXTURE1D TEXTURE2D TEXTURECUBE MIP CPU_LOCKABLE CAST_WITHIN_BIT_LAYOUT
    D32_FLOAT_S8X24_UINT: TEXTURE1D TEXTURE2D TEXTURECUBE MIP DEPTH_STENCIL CPU_LOCKABLE CAST_WITHIN_BIT_LAYOUT MULTISAMPLE_RENDERTARGET
    R32_FLOAT_X8X24_TYPELESS: TEXTURE1D TEXTURE2D TEXTURECUBE SHADER_LOAD SHADER_SAMPLE SHADER_SAMPLE_COMPARISON MIP CPU_LOCKABLE CAST_WITHIN_BIT_LAYOUT MULTISAMPLE_LOAD SHADER_GATHER SHADER_GATHER_COMPARISON
    X32_TYPELESS_G8X24_UINT: TEXTURE1D TEXTURE2D TEXTURECUBE SHADER_LOAD MIP CPU_LOCKABLE CAST_WITHIN_BIT_LAYOUT MULTISAMPLE_LOAD
    R10G10B10A2_TYPELESS: TEXTURE1D TEXTURE2D TEXTURE3D TEXTURECUBE MIP CPU_LOCKABLE CAST_WITHIN_BIT_LAYOUT TILED SHAREABLE
    R10G10B10A2_UNORM: BUFFER IA_VERTEX_BUFFER TEXTURE1D TEXTURE2D TEXTURE3D TEXTURECUBE SHADER_LOAD SHADER_SAMPLE MIP MIP_AUTOGEN RENDER_TARGET BLENDABLE CPU_LOCKABLE MULTISAMPLE_RESOLVE DISPLAY CAST_WITHIN_BIT_LAYOUT MULTISAMPLE_RENDERTARGET MULTISAMPLE_LOAD SHADER_GATHER BACK_BUFFER_CAST TYPED_UNORDERED_ACCESS_VIEW VIDEO_PROCESSOR_OUTPUT VIDEO_PROCESSOR_INPUT UAV_TYPED_STORE TILED SHAREABLE MULTIPLANE_OVERLAY DISPLAYABLE
    R10G10B10A2_UINT: BUFFER IA_VERTEX_BUFFER TEXTURE1D TEXTURE2D TEXTURE3D TEXTURECUBE SHADER_LOAD MIP RENDER_TARGET CPU_LOCKABLE CAST_WITHIN_BIT_LAYOUT MULTISAMPLE_RENDERTARGET MULTISAMPLE_LOAD TYPED_UNORDERED_ACCESS_VIEW UAV_TYPED_STORE OUTPUT_MERGER_LOGIC_OP TILED SHAREABLE
    R11G11B10_FLOAT: BUFFER IA_VERTEX_BUFFER TEXTURE1D TEXTURE2D TEXTURE3D TEXTURECUBE SHADER_LOAD SHADER_SAMPLE MIP MIP_AUTOGEN RENDER_TARGET BLENDABLE CPU_LOCKABLE MULTISAMPLE_RESOLVE MULTISAMPLE_RENDERTARGET MULTISAMPLE_LOAD SHADER_GATHER TYPED_UNORDERED_ACCESS_VIEW UAV_TYPED_STORE TILED SHAREABLE
    R8G8B8A8_TYPELESS: TEXTURE1D TEXTURE2D TEXTURE3D TEXTURECUBE MIP CPU_LOCKABLE CAST_WITHIN_BIT_LAYOUT TILED SHAREABLE
    R8G8B8A8_UNORM: BUFFER IA_VERTEX_BUFFER TEXTURE1D TEXTURE2D TEXTURE3D TEXTURECUBE SHADER_LOAD SHADER_SAMPLE MIP MIP_AUTOGEN RENDER_TARGET BLENDABLE CPU_LOCKABLE MULTISAMPLE_RESOLVE DISPLAY CAST_WITHIN_BIT_LAYOUT MULTISAMPLE_RENDERTARGET MULTISAMPLE_LOAD SHADER_GATHER BACK_BUFFER_CAST TYPED_UNORDERED_ACCESS_VIEW VIDEO_PROCESSOR_OUTPUT VIDEO_PROCESSOR_INPUT UAV_TYPED_LOAD UAV_TYPED_STORE TILED SHAREABLE DISPLAYABLE
    R8G8B8A8_UNORM_SRGB: TEXTURE1D TEXTURE2D TEXTURE3D TEXTURECUBE SHADER_LOAD SHADER_SAMPLE MIP MIP_AUTOGEN RENDER_TARGET BLENDABLE CPU_LOCKABLE MULTISAMPLE_RESOLVE DISPLAY CAST_WITHIN_BIT_LAYOUT MULTISAMPLE_RENDERTARGET MULTISAMPLE_LOAD SHADER_GATHER BACK_BUFFER_CAST VIDEO_PROCESSOR_OUTPUT TILED SHAREABLE
    R8G8B8A8_UINT: BUFFER IA_VERTEX_BUFFER TEXTURE1D TEXTURE2D TEXTURE3D TEXTURECUBE SHADER_LOAD MIP RENDER_TARGET CPU_LOCKABLE CAST_WITHIN_BIT_LAYOUT MULTISAMPLE_RENDERTARGET MULTISAMPLE_LOAD TYPED_UNORDERED_ACCESS_VIEW UAV_TYPED_LOAD UAV_TYPED_STORE OUTPUT_MERGER_LOGIC_OP TILED SHAREABLE
    R8G8B8A8_SNORM: BUFFER IA_VERTEX_BUFFER TEXTURE1D TEXTURE2D TEXTURE3D TEXTURECUBE SHADER_LOAD SHADER_SAMPLE MIP MIP_AUTOGEN RENDER_TARGET BLENDABLE CPU_LOCKABLE MULTISAMPLE_RESOLVE CAST_WITHIN_BIT_LAYOUT MULTISAMPLE_RENDERTARGET MULTISAMPLE_LOAD SHADER_GATHER TYPED_UNORDERED_ACCESS_VIEW UAV_TYPED_LOAD UAV_TYPED_STORE TILED SHAREABLE
    R8G8B8A8_SINT: BUFFER IA_VERTEX_BUFFER TEXTURE1D TEXTURE2D TEXTURE3D TEXTURECUBE SHADER_LOAD MIP RENDER_TARGET CPU_LOCKABLE CAST_WITHIN_BIT_LAYOUT MULTISAMPLE_RENDERTARGET MULTISAMPLE_LOAD TYPED_UNORDERED_ACCESS_VIEW UAV_TYPED_LOAD UAV_TYPED_STORE TILED SHAREABLE
    R16G16_TYPELESS: TEXTURE1D TEXTURE2D TEXTURE3D TEXTURECUBE MIP CPU_LOCKABLE CAST_WITHIN_BIT_LAYOUT TILED SHAREABLE
    R16G16_FLOAT: BUFFER IA_VERTEX_BUFFER TEXTURE1D TEXTURE2D TEXTURE3D TEXTURECUBE SHADER_LOAD SHADER_SAMPLE MIP MIP_AUTOGEN RENDER_TARGET BLENDABLE CPU_LOCKABLE MULTISAMPLE_RESOLVE CAST_WITHIN_BIT_LAYOUT MULTISAMPLE_RENDERTARGET MULTISAMPLE_LOAD SHADER_GATHER TYPED_UNORDERED_ACCESS_VIEW UAV_TYPED_STORE TILED SHAREABLE
    R16G16_UNORM: BUFFER IA_VERTEX_BUFFER TEXTURE1D TEXTURE2D TEXTURE3D TEXTURECUBE SHADER_LOAD SHADER_SAMPLE MIP MIP_AUTOGEN RENDER_TARGET BLENDABLE CPU_LOCKABLE MULTISAMPLE_RESOLVE CAST_WITHIN_BIT_LAYOUT MULTISAMPLE_RENDERTARGET MULTISAMPLE_LOAD SHADER_GATHER TYPED_UNORDERED_ACCESS_VIEW UAV_TYPED_LOAD UAV_TYPED_STORE TILED SHAREABLE
    R16G16_UINT: BUFFER IA_VERTEX_BUFFER TEXTURE1D TEXTURE2D TEXTURE3D TEXTURECUBE SHADER_LOAD MIP RENDER_TARGET CPU_LOCKABLE CAST_WITHIN_BIT_LAYOUT MULTISAMPLE_RENDERTARGET MULTISAMPLE_LOAD TYPED_UNORDERED_ACCESS_VIEW UAV_TYPED_LOAD UAV_TYPED_STORE OUTPUT_MERGER_LOGIC_OP TILED SHAREABLE
    R16G16_SNORM: BUFFER IA_VERTEX_BUFFER TEXTURE1D TEXTURE2D TEXTURE3D TEXTURECUBE SHADER_LOAD SHADER_SAMPLE MIP MIP_AUTOGEN RENDER_TARGET BLENDABLE CPU_LOCKABLE MULTISAMPLE_RESOLVE CAST_WITHIN_BIT_LAYOUT MULTISAMPLE_RENDERTARGET MULTISAMPLE_LOAD SHADER_GATHER TYPED_UNORDERED_ACCESS_VIEW UAV_TYPED_LOAD UAV_TYPED_STORE TILED SHAREABLE
    R16G16_SINT: BUFFER IA_VERTEX_BUFFER TEXTURE1D TEXTURE2D TEXTURE3D TEXTURECUBE SHADER_LOAD MIP RENDER_TARGET CPU_LOCKABLE CAST_WITHIN_BIT_LAYOUT MULTISAMPLE_RENDERTARGET MULTISAMPLE_LOAD TYPED_UNORDERED_ACCESS_VIEW UAV_TYPED_LOAD UAV_TYPED_STORE TILED SHAREABLE
    R32_TYPELESS: TEXTURE1D TEXTURE2D TEXTURE3D TEXTURECUBE MIP CPU_LOCKABLE CAST_WITHIN_BIT_LAYOUT TILED SHAREABLE
    D32_FLOAT: TEXTURE1D TEXTURE2D TEXTURECUBE MIP DEPTH_STENCIL CPU_LOCKABLE CAST_WITHIN_BIT_LAYOUT MULTISAMPLE_RENDERTARGET TILED SHAREABLE
    R32_FLOAT: BUFFER IA_VERTEX_BUFFER SO_BUFFER TEXTURE1D TEXTURE2D TEXTURE3D TEXTURECUBE SHADER_LOAD SHADER_SAMPLE SHADER_SAMPLE_COMPARISON MIP MIP_AUTOGEN RENDER_TARGET BLENDABLE CPU_LOCKABLE MULTISAMPLE_RESOLVE CAST_WITHIN_BIT_LAYOUT MULTISAMPLE_RENDERTARGET MULTISAMPLE_LOAD SHADER_GATHER TYPED_UNORDERED_ACCESS_VIEW SHADER_GATHER_COMPARISON UAV_ATOMIC_EXCHANGE UAV_TYPED_LOAD UAV_TYPED_STORE TILED SHAREABLE
    R32_UINT: BUFFER IA_VERTEX_BUFFER IA_INDEX_BUFFER SO_BUFFER TEXTURE1D TEXTURE2D TEXTURE3D TEXTURECUBE SHADER_LOAD MIP RENDER_TARGET CPU_LOCKABLE CAST_WITHIN_BIT_LAYOUT MULTISAMPLE_RENDERTARGET MULTISAMPLE_LOAD TYPED_UNORDERED_ACCESS_VIEW UAV_ATOMIC_ADD UAV_ATOMIC_BITWISE_OPS UAV_ATOMIC_COMPARE_STORE_OR_COMPARE_EXCHANGE UAV_ATOMIC_EXCHANGE UAV_ATOMIC_SIGNED_MIN_OR_MAX UAV_ATOMIC_UNSIGNED_MIN_OR_MAX UAV_TYPED_LOAD UAV_TYPED_STORE OUTPUT_MERGER_LOGIC_OP TILED SHAREABLE
    R32_SINT: BUFFER IA_VERTEX_BUFFER SO_BUFFER TEXTURE1D TEXTURE2D TEXTURE3D TEXTURECUBE SHADER_LOAD MIP RENDER_TARGET CPU_LOCKABLE CAST_WITHIN_BIT_LAYOUT MULTISAMPLE_RENDERTARGET MULTISAMPLE_LOAD TYPED_UNORDERED_ACCESS_VIEW UAV_ATOMIC_ADD UAV_ATOMIC_BITWISE_OPS UAV_ATOMIC_COMPARE_STORE_OR_COMPARE_EXCHANGE UAV_ATOMIC_EXCHANGE UAV_ATOMIC_SIGNED_MIN_OR_MAX UAV_ATOMIC_UNSIGNED_MIN_OR_MAX UAV_TYPED_LOAD UAV_TYPED_STORE TILED SHAREABLE
    R24G8_TYPELESS: TEXTURE1D TEXTURE2D TEXTURECUBE MIP CPU_LOCKABLE CAST_WITHIN_BIT_LAYOUT
    D24_UNORM_S8_UINT: TEXTURE1D TEXTURE2D TEXTURECUBE MIP DEPTH_STENCIL CPU_LOCKABLE CAST_WITHIN_BIT_LAYOUT MULTISAMPLE_RENDERTARGET
    R24_UNORM_X8_TYPELESS: TEXTURE1D TEXTURE2D TEXTURECUBE SHADER_LOAD SHADER_SAMPLE SHADER_SAMPLE_COMPARISON MIP CPU_LOCKABLE CAST_WITHIN_BIT_LAYOUT MULTISAMPLE_LOAD SHADER_GATHER SHADER_GATHER_COMPARISON
    X24_TYPELESS_G8_UINT: TEXTURE1D TEXTURE2D TEXTURECUBE SHADER_LOAD MIP CPU_LOCKABLE CAST_WITHIN_BIT_LAYOUT MULTISAMPLE_LOAD
    R8G8_TYPELESS: TEXTURE1D TEXTURE2D TEXTURE3D TEXTURECUBE MIP CPU_LOCKABLE CAST_WITHIN_BIT_LAYOUT TILED SHAREABLE
    R8G8_UNORM: BUFFER IA_VERTEX_BUFFER TEXTURE1D TEXTURE2D TEXTURE3D TEXTURECUBE SHADER_LOAD SHADER_SAMPLE MIP MIP_AUTOGEN RENDER_TARGET BLENDABLE CPU_LOCKABLE MULTISAMPLE_RESOLVE CAST_WITHIN_BIT_LAYOUT MULTISAMPLE_RENDERTARGET MULTISAMPLE_LOAD SHADER_GATHER TYPED_UNORDERED_ACCESS_VIEW UAV_TYPED_LOAD UAV_TYPED_STORE TILED SHAREABLE
    R8G8_UINT: BUFFER IA_VERTEX_BUFFER TEXTURE1D TEXTURE2D TEXTURE3D TEXTURECUBE SHADER_LOAD MIP RENDER_TARGET CPU_LOCKABLE CAST_WITHIN_BIT_LAYOUT MULTISAMPLE_RENDERTARGET MULTISAMPLE_LOAD TYPED_UNORDERED_ACCESS_VIEW UAV_TYPED_LOAD UAV_TYPED_STORE OUTPUT_MERGER_LOGIC_OP TILED SHAREABLE
    R8G8_SNORM: BUFFER IA_VERTEX_BUFFER TEXTURE1D TEXTURE2D TEXTURE3D TEXTURECUBE SHADER_LOAD SHADER_SAMPLE MIP MIP_AUTOGEN RENDER_TARGET BLENDABLE CPU_LOCKABLE MULTISAMPLE_RESOLVE CAST_WITHIN_BIT_LAYOUT MULTISAMPLE_RENDERTARGET MULTISAMPLE_LOAD SHADER_GATHER TYPED_UNORDERED_ACCESS_VIEW UAV_TYPED_LOAD UAV_TYPED_STORE TILED SHAREABLE
    R8G8_SINT: BUFFER IA_VERTEX_BUFFER TEXTURE1D TEXTURE2D TEXTURE3D TEXTURECUBE SHADER_LOAD MIP RENDER_TARGET CPU_LOCKABLE CAST_WITHIN_BIT_LAYOUT MULTISAMPLE_RENDERTARGET MULTISAMPLE_LOAD TYPED_UNORDERED_ACCESS_VIEW UAV_TYPED_LOAD UAV_TYPED_STORE TILED SHAREABLE
    R16_TYPELESS: TEXTURE1D TEXTURE2D TEXTURE3D TEXTURECUBE MIP CPU_LOCKABLE CAST_WITHIN_BIT_LAYOUT TILED SHAREABLE
    R16_FLOAT: BUFFER IA_VERTEX_BUFFER TEXTURE1D TEXTURE2D TEXTURE3D TEXTURECUBE SHADER_LOAD SHADER_SAMPLE MIP MIP_AUTOGEN RENDER_TARGET BLENDABLE CPU_LOCKABLE MULTISAMPLE_RESOLVE CAST_WITHIN_BIT_LAYOUT MULTISAMPLE_RENDERTARGET MULTISAMPLE_LOAD SHADER_GATHER TYPED_UNORDERED_ACCESS_VIEW UAV_TYPED_LOAD UAV_TYPED_STORE TILED SHAREABLE
    D16_UNORM: TEXTURE1D TEXTURE2D TEXTURECUBE MIP DEPTH_STENCIL CPU_LOCKABLE CAST_WITHIN_BIT_LAYOUT MULTISAMPLE_RENDERTARGET TILED SHAREABLE
    R16_UNORM: BUFFER IA_VERTEX_BUFFER TEXTURE1D TEXTURE2D TEXTURE3D TEXTURECUBE SHADER_LOAD SHADER_SAMPLE SHADER_SAMPLE_COMPARISON MIP MIP_AUTOGEN RENDER_TARGET BLENDABLE CPU_LOCKABLE MULTISAMPLE_RESOLVE CAST_WITHIN_BIT_LAYOUT MULTISAMPLE_RENDERTARGET MULTISAMPLE_LOAD SHADER_GATHER TYPED_UNORDERED_ACCESS_VIEW SHADER_GATHER_COMPARISON UAV_TYPED_LOAD UAV_TYPED_STORE TILED SHAREABLE
    R16_UINT: BUFFER IA_VERTEX_BUFFER IA_INDEX_BUFFER TEXTURE1D TEXTURE2D TEXTURE3D TEXTURECUBE SHADER_LOAD MIP RENDER_TARGET CPU_LOCKABLE CAST_WITHIN_BIT_LAYOUT MULTISAMPLE_RENDERTARGET MULTISAMPLE_LOAD TYPED_UNORDERED_ACCESS_VIEW UAV_TYPED_LOAD UAV_TYPED_STORE OUTPUT_MERGER_LOGIC_OP TILED SHAREABLE
    R16_SNORM: BUFFER IA_VERTEX_BUFFER TEXTURE1D TEXTURE2D TEXTURE3D TEXTURECUBE SHADER_LOAD SHADER_SAMPLE MIP MIP_AUTOGEN RENDER_TARGET BLENDABLE CPU_LOCKABLE MULTISAMPLE_RESOLVE CAST_WITHIN_BIT_LAYOUT MULTISAMPLE_RENDERTARGET MULTISAMPLE_LOAD SHADER_GATHER TYPED_UNORDERED_ACCESS_VIEW UAV_TYPED_LOAD UAV_TYPED_STORE TILED SHAREABLE
    R16_SINT: BUFFER IA_VERTEX_BUFFER TEXTURE1D TEXTURE2D TEXTURE3D TEXTURECUBE SHADER_LOAD MIP RENDER_TARGET CPU_LOCKABLE CAST_WITHIN_BIT_LAYOUT MULTISAMPLE_RENDERTARGET MULTISAMPLE_LOAD TYPED_UNORDERED_ACCESS_VIEW UAV_TYPED_LOAD UAV_TYPED_STORE TILED SHAREABLE
    R8_TYPELESS: TEXTURE1D TEXTURE2D TEXTURE3D TEXTURECUBE MIP CPU_LOCKABLE CAST_WITHIN_BIT_LAYOUT TILED SHAREABLE
    R8_UNORM: BUFFER IA_VERTEX_BUFFER TEXTURE1D TEXTURE2D TEXTURE3D TEXTURECUBE SHADER_LOAD SHADER_SAMPLE MIP MIP_AUTOGEN RENDER_TARGET BLENDABLE CPU_LOCKABLE MULTISAMPLE_RESOLVE CAST_WITHIN_BIT_LAYOUT MULTISAMPLE_RENDERTARGET MULTISAMPLE_LOAD SHADER_GATHER TYPED_UNORDERED_ACCESS_VIEW UAV_TYPED_LOAD UAV_TYPED_STORE TILED SHAREABLE
    R8_UINT: BUFFER IA_VERTEX_BUFFER TEXTURE1D TEXTURE2D TEXTURE3D TEXTURECUBE SHADER_LOAD MIP RENDER_TARGET CPU_LOCKABLE CAST_WITHIN_BIT_LAYOUT MULTISAMPLE_RENDERTARGET MULTISAMPLE_LOAD TYPED_UNORDERED_ACCESS_VIEW UAV_TYPED_LOAD UAV_TYPED_STORE OUTPUT_MERGER_LOGIC_OP TILED SHAREABLE
    R8_SNORM: BUFFER IA_VERTEX_BUFFER TEXTURE1D TEXTURE2D TEXTURE3D TEXTURECUBE SHADER_LOAD SHADER_SAMPLE MIP MIP_AUTOGEN RENDER_TARGET BLENDABLE CPU_LOCKABLE MULTISAMPLE_RESOLVE CAST_WITHIN_BIT_LAYOUT MULTISAMPLE_RENDERTARGET MULTISAMPLE_LOAD SHADER_GATHER TYPED_UNORDERED_ACCESS_VIEW UAV_TYPED_LOAD UAV_TYPED_STORE TILED SHAREABLE
    R8_SINT: BUFFER IA_VERTEX_BUFFER TEXTURE1D TEXTURE2D TEXTURE3D TEXTURECUBE SHADER_LOAD MIP RENDER_TARGET CPU_LOCKABLE CAST_WITHIN_BIT_LAYOUT MULTISAMPLE_RENDERTARGET MULTISAMPLE_LOAD TYPED_UNORDERED_ACCESS_VIEW UAV_TYPED_LOAD UAV_TYPED_STORE TILED SHAREABLE
    A8_UNORM: TEXTURE1D TEXTURE2D TEXTURE3D TEXTURECUBE SHADER_LOAD SHADER_SAMPLE MIP MIP_AUTOGEN RENDER_TARGET BLENDABLE CPU_LOCKABLE MULTISAMPLE_RESOLVE MULTISAMPLE_RENDERTARGET MULTISAMPLE_LOAD SHADER_GATHER TYPED_UNORDERED_ACCESS_VIEW UAV_TYPED_LOAD UAV_TYPED_STORE TILED SHAREABLE
    R1_UNORM:
    R9G9B9E5_SHAREDEXP: TEXTURE1D TEXTURE2D TEXTURE3D TEXTURECUBE SHADER_LOAD SHADER_SAMPLE MIP CPU_LOCKABLE SHADER_GATHER TILED SHAREABLE
    R8G8_B8G8_UNORM: TEXTURE1D TEXTURE2D TEXTURE3D TEXTURECUBE SHADER_LOAD SHADER_SAMPLE MIP CPU_LOCKABLE SHADER_GATHER
    G8R8_G8B8_UNORM: TEXTURE1D TEXTURE2D TEXTURE3D TEXTURECUBE SHADER_LOAD SHADER_SAMPLE MIP CPU_LOCKABLE SHADER_GATHER
    BC1_TYPELESS: TEXTURE2D TEXTURE3D TEXTURECUBE MIP CPU_LOCKABLE CAST_WITHIN_BIT_LAYOUT TILED SHAREABLE
    BC1_UNORM: TEXTURE2D TEXTURE3D TEXTURECUBE SHADER_LOAD SHADER_SAMPLE MIP CPU_LOCKABLE CAST_WITHIN_BIT_LAYOUT SHADER_GATHER TILED SHAREABLE
    BC1_UNORM_SRGB: TEXTURE2D TEXTURE3D TEXTURECUBE SHADER_LOAD SHADER_SAMPLE MIP CPU_LOCKABLE CAST_WITHIN_BIT_LAYOUT SHADER_GATHER TILED SHAREABLE
    BC2_TYPELESS: TEXTURE2D TEXTURE3D TEXTURECUBE MIP CPU_LOCKABLE CAST_WITHIN_BIT_LAYOUT TILED SHAREABLE
    BC2_UNORM: TEXTURE2D TEXTURE3D TEXTURECUBE SHADER_LOAD SHADER_SAMPLE MIP CPU_LOCKABLE CAST_WITHIN_BIT_LAYOUT SHADER_GATHER TILED SHAREABLE
    BC2_UNORM_SRGB: TEXTURE2D TEXTURE3D TEXTURECUBE SHADER_LOAD SHADER_SAMPLE MIP CPU_LOCKABLE CAST_WITHIN_BIT_LAYOUT SHADER_GATHER TILED SHAREABLE
    BC3_TYPELESS: TEXTURE2D TEXTURE3D TEXTURECUBE MIP CPU_LOCKABLE CAST_WITHIN_BIT_LAYOUT TILED SHAREABLE
    BC3_UNORM: TEXTURE2D TEXTURE3D TEXTURECUBE SHADER_LOAD SHADER_SAMPLE MIP CPU_LOCKABLE CAST_WITHIN_BIT_LAYOUT SHADER_GATHER TILED SHAREABLE
    BC3_UNORM_SRGB: TEXTURE2D TEXTURE3D TEXTURECUBE SHADER_LOAD SHADER_SAMPLE MIP CPU_LOCKABLE CAST_WITHIN_BIT_LAYOUT SHADER_GATHER TILED SHAREABLE
    BC4_TYPELESS: TEXTURE2D TEXTURE3D TEXTURECUBE MIP CPU_LOCKABLE CAST_WITHIN_BIT_LAYOUT TILED
    BC4_UNORM: TEXTURE2D TEXTURE3D TEXTURECUBE SHADER_LOAD SHADER_SAMPLE MIP CPU_LOCKABLE CAST_WITHIN_BIT_LAYOUT SHADER_GATHER TILED
    BC4_SNORM: TEXTURE2D TEXTURE3D TEXTURECUBE SHADER_LOAD SHADER_SAMPLE MIP CPU_LOCKABLE CAST_WITHIN_BIT_LAYOUT SHADER_GATHER TILED
    BC5_TYPELESS: TEXTURE2D TEXTURE3D TEXTURECUBE MIP CPU_LOCKABLE CAST_WITHIN_BIT_LAYOUT TILED
    BC5_UNORM: TEXTURE2D TEXTURE3D TEXTURECUBE SHADER_LOAD SHADER_SAMPLE MIP CPU_LOCKABLE CAST_WITHIN_BIT_LAYOUT SHADER_GATHER TILED
    BC5_SNORM: TEXTURE2D TEXTURE3D TEXTURECUBE SHADER_LOAD SHADER_SAMPLE MIP CPU_LOCKABLE CAST_WITHIN_BIT_LAYOUT SHADER_GATHER TILED
    B5G6R5_UNORM: BUFFER TEXTURE1D TEXTURE2D TEXTURE3D TEXTURECUBE SHADER_LOAD SHADER_SAMPLE MIP MIP_AUTOGEN RENDER_TARGET BLENDABLE CPU_LOCKABLE MULTISAMPLE_RESOLVE MULTISAMPLE_RENDERTARGET MULTISAMPLE_LOAD SHADER_GATHER TILED
    B5G5R5A1_UNORM: BUFFER TEXTURE1D TEXTURE2D TEXTURE3D TEXTURECUBE SHADER_LOAD SHADER_SAMPLE MIP MIP_AUTOGEN RENDER_TARGET BLENDABLE CPU_LOCKABLE MULTISAMPLE_RESOLVE MULTISAMPLE_RENDERTARGET MULTISAMPLE_LOAD SHADER_GATHER TILED
    B8G8R8A8_UNORM: BUFFER IA_VERTEX_BUFFER TEXTURE1D TEXTURE2D TEXTURE3D TEXTURECUBE SHADER_LOAD SHADER_SAMPLE MIP MIP_AUTOGEN RENDER_TARGET BLENDABLE CPU_LOCKABLE MULTISAMPLE_RESOLVE DISPLAY CAST_WITHIN_BIT_LAYOUT MULTISAMPLE_RENDERTARGET MULTISAMPLE_LOAD SHADER_GATHER BACK_BUFFER_CAST TYPED_UNORDERED_ACCESS_VIEW VIDEO_PROCESSOR_OUTPUT VIDEO_PROCESSOR_INPUT UAV_TYPED_LOAD UAV_TYPED_STORE TILED SHAREABLE DISPLAYABLE
    B8G8R8X8_UNORM: BUFFER IA_VERTEX_BUFFER TEXTURE1D TEXTURE2D TEXTURE3D TEXTURECUBE SHADER_LOAD SHADER_SAMPLE MIP MIP_AUTOGEN RENDER_TARGET BLENDABLE CPU_LOCKABLE MULTISAMPLE_RESOLVE CAST_WITHIN_BIT_LAYOUT MULTISAMPLE_RENDERTARGET MULTISAMPLE_LOAD SHADER_GATHER VIDEO_PROCESSOR_OUTPUT VIDEO_PROCESSOR_INPUT TILED SHAREABLE
    R10G10B10_XR_BIAS_A2_UNORM: TEXTURE2D CPU_LOCKABLE DISPLAY CAST_WITHIN_BIT_LAYOUT BACK_BUFFER_CAST VIDEO_PROCESSOR_OUTPUT TILED SHAREABLE
    B8G8R8A8_TYPELESS: TEXTURE1D TEXTURE2D TEXTURE3D TEXTURECUBE MIP CPU_LOCKABLE CAST_WITHIN_BIT_LAYOUT TILED SHAREABLE
    B8G8R8A8_UNORM_SRGB: TEXTURE1D TEXTURE2D TEXTURE3D TEXTURECUBE SHADER_LOAD SHADER_SAMPLE MIP MIP_AUTOGEN RENDER_TARGET BLENDABLE CPU_LOCKABLE MULTISAMPLE_RESOLVE DISPLAY CAST_WITHIN_BIT_LAYOUT MULTISAMPLE_RENDERTARGET MULTISAMPLE_LOAD SHADER_GATHER BACK_BUFFER_CAST VIDEO_PROCESSOR_OUTPUT TILED SHAREABLE
    B8G8R8X8_TYPELESS: TEXTURE1D TEXTURE2D TEXTURE3D TEXTURECUBE MIP CPU_LOCKABLE CAST_WITHIN_BIT_LAYOUT TILED SHAREABLE
    B8G8R8X8_UNORM_SRGB: TEXTURE1D TEXTURE2D TEXTURE3D TEXTURECUBE SHADER_LOAD SHADER_SAMPLE MIP MIP_AUTOGEN RENDER_TARGET BLENDABLE CPU_LOCKABLE MULTISAMPLE_RESOLVE CAST_WITHIN_BIT_LAYOUT MULTISAMPLE_RENDERTARGET MULTISAMPLE_LOAD SHADER_GATHER TILED SHAREABLE
    BC6H_TYPELESS: TEXTURE2D TEXTURE3D TEXTURECUBE MIP CPU_LOCKABLE CAST_WITHIN_BIT_LAYOUT TILED
    BC6H_UF16: TEXTURE2D TEXTURE3D TEXTURECUBE SHADER_LOAD SHADER_SAMPLE MIP CPU_LOCKABLE CAST_WITHIN_BIT_LAYOUT SHADER_GATHER TILED
    BC6H_SF16: TEXTURE2D TEXTURE3D TEXTURECUBE SHADER_LOAD SHADER_SAMPLE MIP CPU_LOCKABLE CAST_WITHIN_BIT_LAYOUT SHADER_GATHER TILED
    BC7_TYPELESS: TEXTURE2D TEXTURE3D TEXTURECUBE MIP CPU_LOCKABLE CAST_WITHIN_BIT_LAYOUT TILED
    BC7_UNORM: TEXTURE2D TEXTURE3D TEXTURECUBE SHADER_LOAD SHADER_SAMPLE MIP CPU_LOCKABLE CAST_WITHIN_BIT_LAYOUT SHADER_GATHER TILED
    BC7_UNORM_SRGB: TEXTURE2D TEXTURE3D TEXTURECUBE SHADER_LOAD SHADER_SAMPLE MIP CPU_LOCKABLE CAST_WITHIN_BIT_LAYOUT SHADER_GATHER TILED
    AYUV: TEXTURE2D SHADER_LOAD SHADER_SAMPLE MIP MIP_AUTOGEN RENDER_TARGET BLENDABLE CPU_LOCKABLE SHADER_GATHER TYPED_UNORDERED_ACCESS_VIEW DECODER_OUTPUT VIDEO_PROCESSOR_OUTPUT VIDEO_PROCESSOR_INPUT UAV_TYPED_STORE SHAREABLE
    Y410: TEXTURE2D SHADER_LOAD SHADER_SAMPLE CPU_LOCKABLE SHADER_GATHER TYPED_UNORDERED_ACCESS_VIEW DECODER_OUTPUT VIDEO_PROCESSOR_OUTPUT VIDEO_PROCESSOR_INPUT UAV_TYPED_STORE SHAREABLE
    Y416: TEXTURE2D SHADER_LOAD SHADER_SAMPLE MIP CPU_LOCKABLE SHADER_GATHER TYPED_UNORDERED_ACCESS_VIEW DECODER_OUTPUT VIDEO_PROCESSOR_OUTPUT VIDEO_PROCESSOR_INPUT UAV_TYPED_STORE SHAREABLE
    NV12: TEXTURE2D SHADER_LOAD SHADER_SAMPLE RENDER_TARGET BLENDABLE CPU_LOCKABLE SHADER_GATHER TYPED_UNORDERED_ACCESS_VIEW DECODER_OUTPUT VIDEO_PROCESSOR_OUTPUT VIDEO_PROCESSOR_INPUT VIDEO_ENCODER UAV_TYPED_STORE SHAREABLE MULTIPLANE_OVERLAY DISPLAYABLE
    P010: TEXTURE2D SHADER_LOAD SHADER_SAMPLE RENDER_TARGET BLENDABLE CPU_LOCKABLE SHADER_GATHER TYPED_UNORDERED_ACCESS_VIEW DECODER_OUTPUT VIDEO_PROCESSOR_OUTPUT VIDEO_PROCESSOR_INPUT VIDEO_ENCODER UAV_TYPED_STORE SHAREABLE
    P016: TEXTURE2D SHADER_LOAD SHADER_SAMPLE RENDER_TARGET BLENDABLE CPU_LOCKABLE SHADER_GATHER TYPED_UNORDERED_ACCESS_VIEW DECODER_OUTPUT VIDEO_PROCESSOR_OUTPUT VIDEO_PROCESSOR_INPUT UAV_TYPED_STORE SHAREABLE
    420_OPAQUE: TEXTURE2D DECODER_OUTPUT VIDEO_PROCESSOR_OUTPUT VIDEO_PROCESSOR_INPUT SHAREABLE
    YUY2: TEXTURE2D SHADER_LOAD SHADER_SAMPLE CPU_LOCKABLE SHADER_GATHER TYPED_UNORDERED_ACCESS_VIEW DECODER_OUTPUT VIDEO_PROCESSOR_OUTPUT VIDEO_PROCESSOR_INPUT UAV_TYPED_STORE SHAREABLE MULTIPLANE_OVERLAY DISPLAYABLE
    Y210: TEXTURE2D SHADER_LOAD SHADER_SAMPLE CPU_LOCKABLE SHADER_GATHER TYPED_UNORDERED_ACCESS_VIEW DECODER_OUTPUT VIDEO_PROCESSOR_OUTPUT VIDEO_PROCESSOR_INPUT UAV_TYPED_STORE SHAREABLE MULTIPLANE_OVERLAY
    Y216: TEXTURE2D SHADER_LOAD SHADER_SAMPLE CPU_LOCKABLE SHADER_GATHER TYPED_UNORDERED_ACCESS_VIEW DECODER_OUTPUT VIDEO_PROCESSOR_OUTPUT VIDEO_PROCESSOR_INPUT UAV_TYPED_STORE SHAREABLE MULTIPLANE_OVERLAY
    NV11:
    AI44: TEXTURE2D CPU_LOCKABLE VIDEO_PROCESSOR_INPUT
    IA44: TEXTURE2D CPU_LOCKABLE VIDEO_PROCESSOR_INPUT
    P8: TEXTURE2D CPU_LOCKABLE VIDEO_PROCESSOR_INPUT
    A8P8: TEXTURE2D CPU_LOCKABLE VIDEO_PROCESSOR_INPUT
    B4G4R4A4_UNORM: BUFFER TEXTURE1D TEXTURE2D TEXTURE3D TEXTURECUBE SHADER_LOAD SHADER_SAMPLE MIP MIP_AUTOGEN RENDER_TARGET BLENDABLE CPU_LOCKABLE MULTISAMPLE_RESOLVE MULTISAMPLE_RENDERTARGET MULTISAMPLE_LOAD SHADER_GATHER TILED
    P208:
    V208:
    V408:
    SAMPLER_FEEDBACK_MIN_MIP_OPAQUE:
    SAMPLER_FEEDBACK_MIP_REGION_USED_OPAQUE:
    A4B4G4R4_UNORM:
[2026-05-08 23:14:10] [I] [core] [GraphicsDevice] initialization complete
[2026-05-08 23:14:10] [I] [core] Graphics Device: Intel(R) Iris(R) Xe Graphics
    Direct Flip Support: true
    Independent Flip Support: true
    Present Allow Tearing: true
[2026-05-08 23:14:10] [I] [core] Display Output: Intel(R) Iris(R) Xe Graphics -> \\.\DISPLAY1
    Overlays Support: true
    Multi Plane Overlay:
        Support: true
        Max Planes: 3
        Max RGB Planes: 3
        Max YUV Planes: 2
        Overlay Capabilities:
            Rotation: true
            Rotation Without Independent Flip: false
            Vertical Flip: false
            Horizontal Flip: true
            Stretch RGB: true
            Stretch YUV: true
            Bilinear Filter: true
            High Filter: true
            Shared: false
            Immediate: true
            Plane 0 For Virtual Mode Only: false
            Version 3 DDI Support: true
        Max Stretch Factor: 21.00x
        Max Shrink Factor: 0.33x
    Hardware Composition:
        Fullscreen: true
        Windowed: true
        Cursor Stretched: false
[2026-05-08 23:14:10] [I] [core] [SwapChain] creating...
[2026-05-08 23:14:10] [I] [core] [SwapChain] created:
    Display Mode: 640x480
    Buffer Count: 3
    Swap Effect: FLIP_DISCARD
    Present Allow Tearing: true
    Frame Latency Waitable Object: true
[2026-05-08 23:14:10] [I] [core] [Renderer] initializing...
[2026-05-08 23:14:11] [I] [core] [Renderer] initialization complete
[2026-05-08 23:14:11] [I] [luastg] 成功创建了 0 个控制器
[2026-05-08 23:14:11] [I] [core] Display Output: Intel(R) Iris(R) Xe Graphics -> \\.\DISPLAY1
    Overlays Support: true
    Multi Plane Overlay:
        Support: true
        Max Planes: 3
        Max RGB Planes: 3
        Max YUV Planes: 2
        Overlay Capabilities:
            Rotation: true
            Rotation Without Independent Flip: false
            Vertical Flip: false
            Horizontal Flip: true
            Stretch RGB: true
            Stretch YUV: true
            Bilinear Filter: true
            High Filter: true
            Shared: false
            Immediate: true
            Plane 0 For Virtual Mode Only: false
            Version 3 DDI Support: true
        Max Stretch Factor: 21.00x
        Max Shrink Factor: 0.33x
    Hardware Composition:
        Fullscreen: true
        Windowed: true
        Cursor Stretched: false
[2026-05-08 23:14:11] [I] [core] [SwapChain] creating...
[2026-05-08 23:14:11] [I] [core] [SwapChain] created:
    Display Mode: 640x480
    Buffer Count: 3
    Swap Effect: FLIP_DISCARD
    Present Allow Tearing: true
    Frame Latency Waitable Object: true
[2026-05-08 23:14:11] [I] [luastg] loading main script
[2026-05-08 23:14:11] [I] [luastg] main script 'core.lua' loaded
[2026-05-08 23:14:11] [I] [luastg] 初始化完成
[2026-05-08 23:14:11] [I] [lua] [thlib.runtime] init
[2026-05-08 23:14:11] [I] [luastg] 加载脚本'root.lua'
[2026-05-08 23:14:11] [I] [lua] [mod/Test] root.lua loaded
[2026-05-08 23:14:11] [I] [luastg] 加载脚本'script.lua'
[2026-05-08 23:14:11] [I] [luastg] LoadTexture: 已从 'ball_huge_blue.png' 加载纹理 'tex.ball' (global)
[2026-05-08 23:14:11] [I] [luastg] CreateSprite: 已从纹理 'tex.ball' 创建图片精灵 'img.ball' (global)
[2026-05-08 23:14:11] [I] [lua] [test_unit] created
[2026-05-08 23:14:11] [I] Duration of initialization: 0.3169979s
[2026-05-08 23:14:11] [I] [luastg] 开始更新&渲染循环
[2026-05-08 23:14:12] [I] [lua] [test_chip] render img=img.ball x=0.00 y=0.00 rot=60.00
[2026-05-08 23:14:13] [I] [lua] [test_chip] render img=img.ball x=0.00 y=0.00 rot=120.00
[2026-05-08 23:14:14] [I] [lua] [test_chip] render img=img.ball x=0.00 y=0.00 rot=180.00
[2026-05-08 23:14:15] [I] [lua] [test_chip] render img=img.ball x=0.00 y=0.00 rot=240.00
[2026-05-08 23:14:16] [I] [lua] [test_chip] render img=img.ball x=0.00 y=0.00 rot=300.00
[2026-05-08 23:14:17] [I] [lua] [test_chip] render img=img.ball x=0.00 y=0.00 rot=360.00
[2026-05-08 23:14:18] [I] [lua] [test_chip] render img=img.ball x=0.00 y=0.00 rot=420.00
[2026-05-08 23:14:19] [I] [lua] [test_chip] render img=img.ball x=0.00 y=0.00 rot=480.00
[2026-05-08 23:14:20] [I] [lua] [test_chip] render img=img.ball x=0.00 y=0.00 rot=540.00
[2026-05-08 23:14:21] [I] [lua] [test_chip] render img=img.ball x=0.00 y=0.00 rot=600.00
[2026-05-08 23:14:22] [I] [lua] [test_chip] render img=img.ball x=0.00 y=0.00 rot=660.00
[2026-05-08 23:14:23] [I] [lua] [test_chip] render img=img.ball x=0.00 y=0.00 rot=720.00
[2026-05-08 23:14:24] [I] [lua] [test_chip] render img=img.ball x=0.00 y=0.00 rot=780.00
[2026-05-08 23:14:25] [I] [lua] [test_chip] render img=img.ball x=0.00 y=0.00 rot=840.00
[2026-05-08 23:14:26] [I] [lua] [test_chip] render img=img.ball x=0.00 y=0.00 rot=900.00
[2026-05-08 23:14:27] [I] [lua] [test_chip] render img=img.ball x=0.00 y=0.00 rot=960.00
[2026-05-08 23:14:28] [I] [lua] [test_chip] render img=img.ball x=0.00 y=0.00 rot=1020.00
[2026-05-08 23:14:29] [I] [lua] [test_chip] render img=img.ball x=0.00 y=0.00 rot=1080.00
[2026-05-08 23:14:30] [I] [lua] [test_chip] render img=img.ball x=0.00 y=0.00 rot=1140.00
[2026-05-08 23:14:31] [I] [lua] [test_chip] render img=img.ball x=0.00 y=0.00 rot=1200.00
[2026-05-08 23:14:32] [I] [lua] [test_chip] render img=img.ball x=0.00 y=0.00 rot=1260.00
[2026-05-08 23:14:33] [I] [lua] [test_chip] render img=img.ball x=0.00 y=0.00 rot=1320.00
[2026-05-08 23:14:34] [I] [lua] [test_chip] render img=img.ball x=0.00 y=0.00 rot=1380.00
[2026-05-08 23:14:35] [I] [lua] [test_chip] render img=img.ball x=0.00 y=0.00 rot=1440.00
[2026-05-08 23:14:36] [I] [lua] [test_chip] render img=img.ball x=0.00 y=0.00 rot=1500.00
[2026-05-08 23:14:37] [I] [lua] [test_chip] render img=img.ball x=0.00 y=0.00 rot=1560.00
[2026-05-08 23:14:38] [I] [lua] [test_chip] render img=img.ball x=0.00 y=0.00 rot=1620.00
[2026-05-08 23:14:39] [I] [lua] [test_chip] render img=img.ball x=0.00 y=0.00 rot=1680.00
[2026-05-08 23:14:40] [I] [lua] [test_chip] render img=img.ball x=0.00 y=0.00 rot=1740.00
[2026-05-08 23:14:41] [I] [lua] [test_chip] render img=img.ball x=0.00 y=0.00 rot=1800.00
[2026-05-08 23:14:42] [I] [lua] [test_chip] render img=img.ball x=0.00 y=0.00 rot=1860.00
[2026-05-08 23:14:43] [I] [lua] [test_chip] render img=img.ball x=0.00 y=0.00 rot=1920.00
[2026-05-08 23:14:44] [I] [lua] [test_chip] render img=img.ball x=0.00 y=0.00 rot=1980.00
[2026-05-08 23:14:45] [I] [lua] [test_chip] render img=img.ball x=0.00 y=0.00 rot=2040.00
[2026-05-08 23:14:46] [I] [lua] [test_chip] render img=img.ball x=0.00 y=0.00 rot=2100.00
[2026-05-08 23:14:47] [I] [lua] [test_chip] render img=img.ball x=0.00 y=0.00 rot=2160.00
[2026-05-08 23:14:48] [I] [lua] [test_chip] render img=img.ball x=0.00 y=0.00 rot=2220.00
[2026-05-08 23:14:49] [I] [lua] [test_chip] render img=img.ball x=0.00 y=0.00 rot=2280.00
[2026-05-08 23:14:50] [I] [lua] [test_chip] render img=img.ball x=0.00 y=0.00 rot=2340.00
[2026-05-08 23:14:51] [I] [lua] [test_chip] render img=img.ball x=0.00 y=0.00 rot=2400.00
[2026-05-08 23:14:52] [I] [lua] [test_chip] render img=img.ball x=0.00 y=0.00 rot=2460.00
[2026-05-08 23:14:53] [I] [lua] [test_chip] render img=img.ball x=0.00 y=0.00 rot=2520.00
[2026-05-08 23:14:54] [I] [lua] [test_chip] render img=img.ball x=0.00 y=0.00 rot=2580.00
[2026-05-08 23:14:55] [I] [lua] [test_chip] render img=img.ball x=0.00 y=0.00 rot=2640.00
[2026-05-08 23:14:56] [I] [lua] [test_chip] render img=img.ball x=0.00 y=0.00 rot=2700.00
[2026-05-08 23:14:57] [I] [lua] [test_chip] render img=img.ball x=0.00 y=0.00 rot=2760.00
[2026-05-08 23:14:58] [I] [lua] [test_chip] render img=img.ball x=0.00 y=0.00 rot=2820.00
[2026-05-08 23:14:59] [I] [lua] [test_chip] render img=img.ball x=0.00 y=0.00 rot=2880.00
[2026-05-08 23:15:00] [I] [lua] [test_chip] render img=img.ball x=0.00 y=0.00 rot=2940.00
[2026-05-08 23:15:01] [I] [lua] [test_chip] render img=img.ball x=0.00 y=0.00 rot=3000.00
[2026-05-08 23:15:02] [I] [lua] [test_chip] render img=img.ball x=0.00 y=0.00 rot=3060.00
[2026-05-08 23:15:03] [I] [lua] [test_chip] render img=img.ball x=0.00 y=0.00 rot=3120.00
[2026-05-08 23:15:04] [I] [lua] [test_chip] render img=img.ball x=0.00 y=0.00 rot=3180.00
[2026-05-08 23:15:05] [I] [lua] [test_chip] render img=img.ball x=0.00 y=0.00 rot=3240.00
[2026-05-08 23:15:06] [I] [lua] [test_chip] render img=img.ball x=0.00 y=0.00 rot=3300.00
[2026-05-08 23:15:07] [I] [lua] [test_chip] render img=img.ball x=0.00 y=0.00 rot=3360.00
[2026-05-08 23:15:08] [I] [lua] [test_chip] render img=img.ball x=0.00 y=0.00 rot=3420.00
[2026-05-08 23:15:09] [I] [lua] [test_chip] render img=img.ball x=0.00 y=0.00 rot=3480.00
[2026-05-08 23:15:10] [I] [lua] [test_chip] render img=img.ball x=0.00 y=0.00 rot=3540.00
[2026-05-08 23:15:11] [I] [lua] [test_chip] render img=img.ball x=0.00 y=0.00 rot=3600.00
[2026-05-08 23:15:12] [I] [lua] [test_chip] render img=img.ball x=0.00 y=0.00 rot=3660.00
[2026-05-08 23:15:13] [I] [lua] [test_chip] render img=img.ball x=0.00 y=0.00 rot=3720.00
[2026-05-08 23:15:14] [I] [lua] [test_chip] render img=img.ball x=0.00 y=0.00 rot=3780.00
[2026-05-08 23:15:15] [I] [lua] [test_chip] render img=img.ball x=0.00 y=0.00 rot=3840.00
[2026-05-08 23:15:16] [I] [lua] [test_chip] render img=img.ball x=0.00 y=0.00 rot=3900.00
[2026-05-08 23:15:17] [I] [lua] [test_chip] render img=img.ball x=0.00 y=0.00 rot=3960.00
[2026-05-08 23:15:18] [I] [lua] [test_chip] render img=img.ball x=0.00 y=0.00 rot=4020.00
[2026-05-08 23:15:19] [I] [lua] [test_chip] render img=img.ball x=0.00 y=0.00 rot=4080.00
[2026-05-08 23:15:20] [I] [lua] [test_chip] render img=img.ball x=0.00 y=0.00 rot=4140.00
[2026-05-08 23:15:21] [I] [lua] [test_chip] render img=img.ball x=0.00 y=0.00 rot=4200.00
[2026-05-08 23:15:22] [I] [lua] [test_chip] render img=img.ball x=0.00 y=0.00 rot=4260.00
[2026-05-08 23:15:23] [I] [lua] [test_chip] render img=img.ball x=0.00 y=0.00 rot=4320.00
[2026-05-08 23:15:24] [I] [lua] [test_chip] render img=img.ball x=0.00 y=0.00 rot=4380.00
[2026-05-08 23:15:25] [I] [lua] [test_chip] render img=img.ball x=0.00 y=0.00 rot=4440.00
[2026-05-08 23:15:26] [I] [lua] [test_chip] render img=img.ball x=0.00 y=0.00 rot=4500.00
[2026-05-08 23:15:27] [I] [lua] [test_chip] render img=img.ball x=0.00 y=0.00 rot=4560.00
[2026-05-08 23:15:28] [I] [lua] [test_chip] render img=img.ball x=0.00 y=0.00 rot=4620.00
[2026-05-08 23:15:29] [I] [lua] [test_chip] render img=img.ball x=0.00 y=0.00 rot=4680.00
[2026-05-08 23:15:30] [I] [lua] [test_chip] render img=img.ball x=0.00 y=0.00 rot=4740.00
[2026-05-08 23:15:31] [I] [lua] [test_chip] render img=img.ball x=0.00 y=0.00 rot=4800.00
[2026-05-08 23:15:32] [I] [lua] [test_chip] render img=img.ball x=0.00 y=0.00 rot=4860.00
[2026-05-08 23:15:33] [I] [lua] [test_chip] render img=img.ball x=0.00 y=0.00 rot=4920.00
[2026-05-08 23:15:34] [I] [lua] [test_chip] render img=img.ball x=0.00 y=0.00 rot=4980.00
[2026-05-08 23:15:35] [I] [lua] [test_chip] render img=img.ball x=0.00 y=0.00 rot=5040.00
[2026-05-08 23:15:36] [I] [lua] [test_chip] render img=img.ball x=0.00 y=0.00 rot=5100.00
[2026-05-08 23:15:37] [I] [lua] [test_chip] render img=img.ball x=0.00 y=0.00 rot=5160.00
[2026-05-08 23:15:38] [I] [lua] [test_chip] render img=img.ball x=0.00 y=0.00 rot=5220.00
[2026-05-08 23:15:39] [I] [lua] [test_chip] render img=img.ball x=0.00 y=0.00 rot=5280.00
[2026-05-08 23:15:40] [I] [lua] [test_chip] render img=img.ball x=0.00 y=0.00 rot=5340.00
[2026-05-08 23:15:41] [I] [lua] [test_chip] render img=img.ball x=0.00 y=0.00 rot=5400.00
[2026-05-08 23:15:42] [I] [lua] [test_chip] render img=img.ball x=0.00 y=0.00 rot=5460.00
[2026-05-08 23:15:43] [I] [lua] [test_chip] render img=img.ball x=0.00 y=0.00 rot=5520.00
[2026-05-08 23:15:44] [I] [lua] [test_chip] render img=img.ball x=0.00 y=0.00 rot=5580.00
[2026-05-08 23:15:45] [I] [lua] [test_chip] render img=img.ball x=0.00 y=0.00 rot=5640.00
[2026-05-08 23:15:46] [I] [lua] [test_chip] render img=img.ball x=0.00 y=0.00 rot=5700.00
[2026-05-08 23:15:47] [I] [lua] [test_chip] render img=img.ball x=0.00 y=0.00 rot=5760.00
[2026-05-08 23:15:48] [I] [lua] [test_chip] render img=img.ball x=0.00 y=0.00 rot=5820.00
[2026-05-08 23:15:49] [I] [lua] [test_chip] render img=img.ball x=0.00 y=0.00 rot=5880.00
[2026-05-08 23:15:50] [I] [lua] [test_chip] render img=img.ball x=0.00 y=0.00 rot=5940.00
[2026-05-08 23:15:51] [I] [lua] [test_chip] render img=img.ball x=0.00 y=0.00 rot=6000.00
[2026-05-08 23:15:52] [I] [lua] [test_chip] render img=img.ball x=0.00 y=0.00 rot=6060.00
[2026-05-08 23:15:53] [I] [lua] [test_chip] render img=img.ball x=0.00 y=0.00 rot=6120.00
[2026-05-08 23:15:54] [I] [lua] [test_chip] render img=img.ball x=0.00 y=0.00 rot=6180.00
[2026-05-08 23:15:55] [I] [lua] [test_chip] render img=img.ball x=0.00 y=0.00 rot=6240.00
[2026-05-08 23:15:56] [I] [lua] [test_chip] render img=img.ball x=0.00 y=0.00 rot=6300.00
[2026-05-08 23:15:57] [I] [lua] [test_chip] render img=img.ball x=0.00 y=0.00 rot=6360.00
[2026-05-08 23:15:58] [I] [lua] [test_chip] render img=img.ball x=0.00 y=0.00 rot=6420.00
[2026-05-08 23:15:59] [I] [lua] [test_chip] render img=img.ball x=0.00 y=0.00 rot=6480.00
[2026-05-08 23:16:00] [I] [lua] [test_chip] render img=img.ball x=0.00 y=0.00 rot=6540.00
[2026-05-08 23:16:01] [I] [lua] [test_chip] render img=img.ball x=0.00 y=0.00 rot=6600.00
[2026-05-08 23:16:02] [I] [lua] [test_chip] render img=img.ball x=0.00 y=0.00 rot=6660.00
[2026-05-08 23:16:03] [I] [lua] [test_chip] render img=img.ball x=0.00 y=0.00 rot=6720.00
[2026-05-08 23:16:04] [I] [lua] [test_chip] render img=img.ball x=0.00 y=0.00 rot=6780.00
[2026-05-08 23:16:05] [I] [lua] [test_chip] render img=img.ball x=0.00 y=0.00 rot=6840.00
[2026-05-08 23:16:06] [I] [lua] [test_chip] render img=img.ball x=0.00 y=0.00 rot=6900.00
[2026-05-08 23:16:07] [I] [lua] [test_chip] render img=img.ball x=0.00 y=0.00 rot=6960.00
[2026-05-08 23:16:08] [I] [lua] [test_chip] render img=img.ball x=0.00 y=0.00 rot=7020.00
[2026-05-08 23:16:09] [I] [lua] [test_chip] render img=img.ball x=0.00 y=0.00 rot=7080.00
[2026-05-08 23:16:10] [I] [lua] [test_chip] render img=img.ball x=0.00 y=0.00 rot=7140.00
[2026-05-08 23:16:11] [I] [lua] [test_chip] render img=img.ball x=0.00 y=0.00 rot=7200.00
[2026-05-08 23:16:12] [I] [lua] [test_chip] render img=img.ball x=0.00 y=0.00 rot=7260.00
[2026-05-08 23:16:13] [I] [lua] [test_chip] render img=img.ball x=0.00 y=0.00 rot=7320.00
[2026-05-08 23:16:14] [I] [lua] [test_chip] render img=img.ball x=0.00 y=0.00 rot=7380.00
[2026-05-08 23:16:15] [I] [lua] [test_chip] render img=img.ball x=0.00 y=0.00 rot=7440.00
[2026-05-08 23:16:16] [I] [lua] [test_chip] render img=img.ball x=0.00 y=0.00 rot=7500.00
[2026-05-08 23:16:17] [I] [lua] [test_chip] render img=img.ball x=0.00 y=0.00 rot=7560.00
[2026-05-08 23:16:18] [I] [lua] [test_chip] render img=img.ball x=0.00 y=0.00 rot=7620.00
[2026-05-08 23:16:19] [I] [lua] [test_chip] render img=img.ball x=0.00 y=0.00 rot=7680.00
[2026-05-08 23:16:20] [I] [lua] [test_chip] render img=img.ball x=0.00 y=0.00 rot=7740.00
[2026-05-08 23:16:21] [I] [lua] [test_chip] render img=img.ball x=0.00 y=0.00 rot=7800.00
[2026-05-08 23:16:22] [I] [lua] [test_chip] render img=img.ball x=0.00 y=0.00 rot=7860.00
[2026-05-08 23:16:23] [I] [lua] [test_chip] render img=img.ball x=0.00 y=0.00 rot=7920.00
[2026-05-08 23:16:24] [I] [lua] [test_chip] render img=img.ball x=0.00 y=0.00 rot=7980.00
[2026-05-08 23:16:25] [I] [lua] [test_chip] render img=img.ball x=0.00 y=0.00 rot=8040.00
[2026-05-08 23:16:26] [I] [lua] [test_chip] render img=img.ball x=0.00 y=0.00 rot=8100.00
[2026-05-08 23:16:27] [I] [lua] [test_chip] render img=img.ball x=0.00 y=0.00 rot=8160.00
[2026-05-08 23:16:28] [I] [lua] [test_chip] render img=img.ball x=0.00 y=0.00 rot=8220.00
[2026-05-08 23:16:29] [I] [lua] [test_chip] render img=img.ball x=0.00 y=0.00 rot=8280.00
[2026-05-08 23:16:30] [I] [lua] [test_chip] render img=img.ball x=0.00 y=0.00 rot=8340.00
[2026-05-08 23:16:31] [I] [lua] [test_chip] render img=img.ball x=0.00 y=0.00 rot=8400.00
[2026-05-08 23:16:32] [I] [lua] [test_chip] render img=img.ball x=0.00 y=0.00 rot=8460.00
[2026-05-08 23:16:33] [I] [lua] [test_chip] render img=img.ball x=0.00 y=0.00 rot=8520.00
[2026-05-08 23:16:34] [I] [lua] [test_chip] render img=img.ball x=0.00 y=0.00 rot=8580.00
[2026-05-08 23:16:35] [I] [lua] [test_chip] render img=img.ball x=0.00 y=0.00 rot=8640.00
[2026-05-08 23:16:36] [I] [lua] [test_chip] render img=img.ball x=0.00 y=0.00 rot=8700.00
[2026-05-08 23:16:37] [I] [lua] [test_chip] render img=img.ball x=0.00 y=0.00 rot=8760.00
[2026-05-08 23:16:38] [I] [lua] [test_chip] render img=img.ball x=0.00 y=0.00 rot=8820.00
[2026-05-08 23:16:39] [I] [lua] [test_chip] render img=img.ball x=0.00 y=0.00 rot=8880.00
[2026-05-08 23:16:40] [I] [lua] [test_chip] render img=img.ball x=0.00 y=0.00 rot=8940.00
[2026-05-08 23:16:41] [I] [lua] [test_chip] render img=img.ball x=0.00 y=0.00 rot=9000.00
[2026-05-08 23:16:42] [I] [lua] [test_chip] render img=img.ball x=0.00 y=0.00 rot=9060.00
[2026-05-08 23:16:43] [I] [lua] [test_chip] render img=img.ball x=0.00 y=0.00 rot=9120.00
[2026-05-08 23:16:44] [I] [lua] [test_chip] render img=img.ball x=0.00 y=0.00 rot=9180.00
[2026-05-08 23:16:45] [I] [lua] [test_chip] render img=img.ball x=0.00 y=0.00 rot=9240.00
[2026-05-08 23:16:46] [I] [lua] [test_chip] render img=img.ball x=0.00 y=0.00 rot=9300.00
[2026-05-08 23:16:47] [I] [lua] [test_chip] render img=img.ball x=0.00 y=0.00 rot=9360.00
[2026-05-08 23:16:48] [I] [lua] [test_chip] render img=img.ball x=0.00 y=0.00 rot=9420.00
[2026-05-08 23:16:49] [I] [lua] [test_chip] render img=img.ball x=0.00 y=0.00 rot=9480.00
[2026-05-08 23:16:50] [I] [lua] [test_chip] render img=img.ball x=0.00 y=0.00 rot=9540.00
[2026-05-08 23:16:51] [I] [lua] [test_chip] render img=img.ball x=0.00 y=0.00 rot=9600.00
[2026-05-08 23:16:52] [I] [lua] [test_chip] render img=img.ball x=0.00 y=0.00 rot=9660.00
[2026-05-08 23:16:53] [I] [lua] [test_chip] render img=img.ball x=0.00 y=0.00 rot=9720.00
[2026-05-08 23:16:54] [I] [lua] [test_chip] render img=img.ball x=0.00 y=0.00 rot=9780.00
[2026-05-08 23:16:55] [I] [lua] [test_chip] render img=img.ball x=0.00 y=0.00 rot=9840.00
[2026-05-08 23:16:56] [I] [lua] [test_chip] render img=img.ball x=0.00 y=0.00 rot=9900.00
[2026-05-08 23:16:57] [I] [lua] [test_chip] render img=img.ball x=0.00 y=0.00 rot=9960.00
[2026-05-08 23:16:58] [I] [lua] [test_chip] render img=img.ball x=0.00 y=0.00 rot=10020.00
[2026-05-08 23:16:59] [I] [lua] [test_chip] render img=img.ball x=0.00 y=0.00 rot=10080.00
[2026-05-08 23:17:00] [I] [lua] [test_chip] render img=img.ball x=0.00 y=0.00 rot=10140.00
[2026-05-08 23:17:01] [I] [lua] [test_chip] render img=img.ball x=0.00 y=0.00 rot=10200.00
[2026-05-08 23:17:02] [I] [lua] [test_chip] render img=img.ball x=0.00 y=0.00 rot=10260.00
[2026-05-08 23:17:03] [I] [lua] [test_chip] render img=img.ball x=0.00 y=0.00 rot=10320.00
[2026-05-08 23:17:04] [I] [lua] [test_chip] render img=img.ball x=0.00 y=0.00 rot=10380.00
[2026-05-08 23:17:05] [I] [lua] [test_chip] render img=img.ball x=0.00 y=0.00 rot=10440.00
[2026-05-08 23:17:06] [I] [lua] [test_chip] render img=img.ball x=0.00 y=0.00 rot=10500.00
[2026-05-08 23:17:07] [I] [lua] [test_chip] render img=img.ball x=0.00 y=0.00 rot=10560.00
[2026-05-08 23:17:08] [I] [lua] [test_chip] render img=img.ball x=0.00 y=0.00 rot=10620.00
[2026-05-08 23:17:09] [I] [lua] [test_chip] render img=img.ball x=0.00 y=0.00 rot=10680.00
[2026-05-08 23:17:10] [I] [lua] [test_chip] render img=img.ball x=0.00 y=0.00 rot=10740.00
[2026-05-08 23:17:11] [I] [lua] [test_chip] render img=img.ball x=0.00 y=0.00 rot=10800.00
[2026-05-08 23:17:12] [I] [lua] [test_chip] render img=img.ball x=0.00 y=0.00 rot=10860.00
[2026-05-08 23:17:13] [I] [lua] [test_chip] render img=img.ball x=0.00 y=0.00 rot=10920.00
[2026-05-08 23:17:14] [I] [lua] [test_chip] render img=img.ball x=0.00 y=0.00 rot=10980.00
[2026-05-08 23:17:15] [I] [lua] [test_chip] render img=img.ball x=0.00 y=0.00 rot=11040.00
[2026-05-08 23:17:16] [I] [lua] [test_chip] render img=img.ball x=0.00 y=0.00 rot=11100.00
[2026-05-08 23:17:17] [I] [lua] [test_chip] render img=img.ball x=0.00 y=0.00 rot=11160.00
[2026-05-08 23:17:18] [I] [lua] [test_chip] render img=img.ball x=0.00 y=0.00 rot=11220.00
[2026-05-08 23:17:19] [I] [lua] [test_chip] render img=img.ball x=0.00 y=0.00 rot=11280.00
[2026-05-08 23:17:20] [I] [lua] [test_chip] render img=img.ball x=0.00 y=0.00 rot=11340.00
[2026-05-08 23:17:21] [I] [lua] [test_chip] render img=img.ball x=0.00 y=0.00 rot=11400.00
[2026-05-08 23:17:22] [I] [lua] [test_chip] render img=img.ball x=0.00 y=0.00 rot=11460.00
[2026-05-08 23:17:23] [I] [lua] [test_chip] render img=img.ball x=0.00 y=0.00 rot=11520.00
[2026-05-08 23:17:24] [I] [lua] [test_chip] render img=img.ball x=0.00 y=0.00 rot=11580.00
[2026-05-08 23:17:25] [I] [lua] [test_chip] render img=img.ball x=0.00 y=0.00 rot=11640.00
[2026-05-08 23:17:26] [I] [lua] [test_chip] render img=img.ball x=0.00 y=0.00 rot=11700.00
[2026-05-08 23:17:27] [I] [lua] [test_chip] render img=img.ball x=0.00 y=0.00 rot=11760.00
[2026-05-08 23:17:28] [I] [lua] [test_chip] render img=img.ball x=0.00 y=0.00 rot=11820.00
[2026-05-08 23:17:29] [I] [lua] [test_chip] render img=img.ball x=0.00 y=0.00 rot=11880.00
[2026-05-08 23:17:30] [I] [lua] [test_chip] render img=img.ball x=0.00 y=0.00 rot=11940.00
[2026-05-08 23:17:31] [I] [lua] [test_chip] render img=img.ball x=0.00 y=0.00 rot=12000.00
[2026-05-08 23:17:32] [I] [lua] [test_chip] render img=img.ball x=0.00 y=0.00 rot=12060.00
[2026-05-08 23:17:33] [I] [lua] [test_chip] render img=img.ball x=0.00 y=0.00 rot=12120.00
[2026-05-08 23:17:34] [I] [lua] [test_chip] render img=img.ball x=0.00 y=0.00 rot=12180.00
[2026-05-08 23:17:35] [I] [lua] [test_chip] render img=img.ball x=0.00 y=0.00 rot=12240.00
[2026-05-08 23:17:36] [I] [lua] [test_chip] render img=img.ball x=0.00 y=0.00 rot=12300.00
[2026-05-08 23:17:37] [I] [lua] [test_chip] render img=img.ball x=0.00 y=0.00 rot=12360.00
[2026-05-08 23:17:38] [I] [lua] [test_chip] render img=img.ball x=0.00 y=0.00 rot=12420.00
[2026-05-08 23:17:39] [I] [lua] [test_chip] render img=img.ball x=0.00 y=0.00 rot=12480.00
[2026-05-08 23:17:40] [I] [lua] [test_chip] render img=img.ball x=0.00 y=0.00 rot=12540.00
[2026-05-08 23:17:41] [I] [lua] [test_chip] render img=img.ball x=0.00 y=0.00 rot=12600.00
[2026-05-08 23:17:42] [I] [lua] [test_chip] render img=img.ball x=0.00 y=0.00 rot=12660.00
[2026-05-08 23:17:43] [I] [lua] [test_chip] render img=img.ball x=0.00 y=0.00 rot=12720.00
[2026-05-08 23:17:44] [I] [lua] [test_chip] render img=img.ball x=0.00 y=0.00 rot=12780.00
[2026-05-08 23:17:45] [I] [lua] [test_chip] render img=img.ball x=0.00 y=0.00 rot=12840.00
[2026-05-08 23:17:46] [I] [lua] [test_chip] render img=img.ball x=0.00 y=0.00 rot=12900.00
[2026-05-08 23:17:47] [I] [lua] [test_chip] render img=img.ball x=0.00 y=0.00 rot=12960.00
[2026-05-08 23:17:48] [I] [lua] [test_chip] render img=img.ball x=0.00 y=0.00 rot=13020.00
[2026-05-08 23:17:49] [I] [lua] [test_chip] render img=img.ball x=0.00 y=0.00 rot=13080.00
[2026-05-08 23:17:50] [I] [lua] [test_chip] render img=img.ball x=0.00 y=0.00 rot=13140.00
[2026-05-08 23:17:51] [I] [lua] [test_chip] render img=img.ball x=0.00 y=0.00 rot=13200.00
[2026-05-08 23:17:52] [I] [lua] [test_chip] render img=img.ball x=0.00 y=0.00 rot=13260.00
[2026-05-08 23:17:53] [I] [lua] [test_chip] render img=img.ball x=0.00 y=0.00 rot=13320.00
[2026-05-08 23:17:54] [I] [lua] [test_chip] render img=img.ball x=0.00 y=0.00 rot=13380.00
[2026-05-08 23:17:55] [I] [lua] [test_chip] render img=img.ball x=0.00 y=0.00 rot=13440.00
[2026-05-08 23:17:56] [I] [lua] [test_chip] render img=img.ball x=0.00 y=0.00 rot=13500.00
[2026-05-08 23:17:57] [I] [lua] [test_chip] render img=img.ball x=0.00 y=0.00 rot=13560.00
[2026-05-08 23:17:58] [I] [lua] [test_chip] render img=img.ball x=0.00 y=0.00 rot=13620.00
[2026-05-08 23:17:59] [I] [lua] [test_chip] render img=img.ball x=0.00 y=0.00 rot=13680.00
[2026-05-08 23:18:00] [I] [lua] [test_chip] render img=img.ball x=0.00 y=0.00 rot=13740.00
[2026-05-08 23:18:01] [I] [lua] [test_chip] render img=img.ball x=0.00 y=0.00 rot=13800.00
[2026-05-08 23:18:02] [I] [lua] [test_chip] render img=img.ball x=0.00 y=0.00 rot=13860.00
[2026-05-08 23:18:03] [I] [lua] [test_chip] render img=img.ball x=0.00 y=0.00 rot=13920.00
[2026-05-08 23:18:04] [I] [lua] [test_chip] render img=img.ball x=0.00 y=0.00 rot=13980.00
[2026-05-08 23:18:05] [I] [lua] [test_chip] render img=img.ball x=0.00 y=0.00 rot=14040.00
[2026-05-08 23:18:06] [I] [lua] [test_chip] render img=img.ball x=0.00 y=0.00 rot=14100.00
[2026-05-08 23:18:07] [I] [lua] [test_chip] render img=img.ball x=0.00 y=0.00 rot=14160.00
[2026-05-08 23:18:08] [I] [lua] [test_chip] render img=img.ball x=0.00 y=0.00 rot=14220.00
[2026-05-08 23:18:09] [I] [lua] [test_chip] render img=img.ball x=0.00 y=0.00 rot=14280.00
[2026-05-08 23:18:10] [I] [lua] [test_chip] render img=img.ball x=0.00 y=0.00 rot=14340.00
[2026-05-08 23:18:11] [I] [lua] [test_chip] render img=img.ball x=0.00 y=0.00 rot=14400.00
[2026-05-08 23:18:12] [I] [lua] [test_chip] render img=img.ball x=0.00 y=0.00 rot=14460.00
[2026-05-08 23:18:13] [I] [lua] [test_chip] render img=img.ball x=0.00 y=0.00 rot=14520.00
[2026-05-08 23:18:14] [I] [lua] [test_chip] render img=img.ball x=0.00 y=0.00 rot=14580.00
[2026-05-08 23:18:15] [I] [lua] [test_chip] render img=img.ball x=0.00 y=0.00 rot=14640.00
[2026-05-08 23:18:16] [I] [lua] [test_chip] render img=img.ball x=0.00 y=0.00 rot=14700.00
[2026-05-08 23:18:17] [I] [lua] [test_chip] render img=img.ball x=0.00 y=0.00 rot=14760.00
[2026-05-08 23:18:18] [I] [lua] [test_chip] render img=img.ball x=0.00 y=0.00 rot=14820.00
[2026-05-08 23:18:19] [I] [lua] [test_chip] render img=img.ball x=0.00 y=0.00 rot=14880.00
[2026-05-08 23:18:20] [I] [lua] [test_chip] render img=img.ball x=0.00 y=0.00 rot=14940.00
[2026-05-08 23:18:21] [I] [lua] [test_chip] render img=img.ball x=0.00 y=0.00 rot=15000.00
[2026-05-08 23:18:22] [I] [lua] [test_chip] render img=img.ball x=0.00 y=0.00 rot=15060.00
[2026-05-08 23:18:23] [I] [lua] [test_chip] render img=img.ball x=0.00 y=0.00 rot=15120.00
[2026-05-08 23:18:24] [I] [lua] [test_chip] render img=img.ball x=0.00 y=0.00 rot=15180.00
[2026-05-08 23:18:25] [I] [lua] [test_chip] render img=img.ball x=0.00 y=0.00 rot=15240.00
[2026-05-08 23:18:26] [I] [lua] [test_chip] render img=img.ball x=0.00 y=0.00 rot=15300.00
[2026-05-08 23:18:27] [I] [lua] [test_chip] render img=img.ball x=0.00 y=0.00 rot=15360.00
[2026-05-08 23:18:28] [I] [lua] [test_chip] render img=img.ball x=0.00 y=0.00 rot=15420.00
[2026-05-08 23:18:29] [I] [lua] [test_chip] render img=img.ball x=0.00 y=0.00 rot=15480.00
[2026-05-08 23:18:30] [I] [lua] [test_chip] render img=img.ball x=0.00 y=0.00 rot=15540.00
[2026-05-08 23:18:31] [I] [lua] [test_chip] render img=img.ball x=0.00 y=0.00 rot=15600.00
[2026-05-08 23:18:32] [I] [lua] [test_chip] render img=img.ball x=0.00 y=0.00 rot=15660.00
[2026-05-08 23:18:33] [I] [lua] [test_chip] render img=img.ball x=0.00 y=0.00 rot=15720.00
[2026-05-08 23:18:34] [I] [lua] [test_chip] render img=img.ball x=0.00 y=0.00 rot=15780.00
[2026-05-08 23:18:35] [I] [lua] [test_chip] render img=img.ball x=0.00 y=0.00 rot=15840.00
[2026-05-08 23:18:36] [I] [lua] [test_chip] render img=img.ball x=0.00 y=0.00 rot=15900.00
[2026-05-08 23:18:37] [I] [lua] [test_chip] render img=img.ball x=0.00 y=0.00 rot=15960.00
[2026-05-08 23:18:38] [I] [lua] [test_chip] render img=img.ball x=0.00 y=0.00 rot=16020.00
[2026-05-08 23:18:39] [I] [lua] [test_chip] render img=img.ball x=0.00 y=0.00 rot=16080.00
[2026-05-08 23:18:40] [I] [lua] [test_chip] render img=img.ball x=0.00 y=0.00 rot=16140.00
[2026-05-08 23:18:41] [I] [lua] [test_chip] render img=img.ball x=0.00 y=0.00 rot=16200.00
[2026-05-08 23:18:42] [I] [lua] [test_chip] render img=img.ball x=0.00 y=0.00 rot=16260.00
[2026-05-08 23:18:43] [I] [lua] [test_chip] render img=img.ball x=0.00 y=0.00 rot=16320.00
[2026-05-08 23:18:44] [I] [lua] [test_chip] render img=img.ball x=0.00 y=0.00 rot=16380.00
[2026-05-08 23:18:45] [I] [lua] [test_chip] render img=img.ball x=0.00 y=0.00 rot=16440.00
[2026-05-08 23:18:46] [I] [lua] [test_chip] render img=img.ball x=0.00 y=0.00 rot=16500.00
[2026-05-08 23:18:47] [I] [lua] [test_chip] render img=img.ball x=0.00 y=0.00 rot=16560.00
[2026-05-08 23:18:48] [I] [lua] [test_chip] render img=img.ball x=0.00 y=0.00 rot=16620.00
[2026-05-08 23:18:49] [I] [lua] [test_chip] render img=img.ball x=0.00 y=0.00 rot=16680.00
[2026-05-08 23:18:50] [I] [lua] [test_chip] render img=img.ball x=0.00 y=0.00 rot=16740.00
[2026-05-08 23:18:51] [I] [lua] [test_chip] render img=img.ball x=0.00 y=0.00 rot=16800.00
[2026-05-08 23:18:52] [I] [lua] [test_chip] render img=img.ball x=0.00 y=0.00 rot=16860.00
[2026-05-08 23:18:53] [I] [lua] [test_chip] render img=img.ball x=0.00 y=0.00 rot=16920.00
[2026-05-08 23:18:54] [I] [lua] [test_chip] render img=img.ball x=0.00 y=0.00 rot=16980.00
[2026-05-08 23:18:55] [I] [lua] [test_chip] render img=img.ball x=0.00 y=0.00 rot=17040.00
[2026-05-08 23:18:56] [I] [lua] [test_chip] render img=img.ball x=0.00 y=0.00 rot=17100.00
[2026-05-08 23:18:57] [I] [lua] [test_chip] render img=img.ball x=0.00 y=0.00 rot=17160.00
[2026-05-08 23:18:58] [I] [lua] [test_chip] render img=img.ball x=0.00 y=0.00 rot=17220.00
[2026-05-08 23:18:59] [I] [lua] [test_chip] render img=img.ball x=0.00 y=0.00 rot=17280.00
[2026-05-08 23:19:00] [I] [lua] [test_chip] render img=img.ball x=0.00 y=0.00 rot=17340.00
[2026-05-08 23:19:01] [I] [lua] [test_chip] render img=img.ball x=0.00 y=0.00 rot=17400.00
[2026-05-08 23:19:02] [I] [lua] [test_chip] render img=img.ball x=0.00 y=0.00 rot=17460.00
[2026-05-08 23:19:03] [I] [lua] [test_chip] render img=img.ball x=0.00 y=0.00 rot=17520.00
[2026-05-08 23:19:04] [I] [lua] [test_chip] render img=img.ball x=0.00 y=0.00 rot=17580.00
[2026-05-08 23:19:05] [I] [lua] [test_chip] render img=img.ball x=0.00 y=0.00 rot=17640.00
[2026-05-08 23:19:06] [I] [lua] [test_chip] render img=img.ball x=0.00 y=0.00 rot=17700.00
[2026-05-08 23:19:07] [I] [lua] [test_chip] render img=img.ball x=0.00 y=0.00 rot=17760.00
[2026-05-08 23:19:08] [I] [lua] [test_chip] render img=img.ball x=0.00 y=0.00 rot=17820.00
[2026-05-08 23:19:09] [I] [lua] [test_chip] render img=img.ball x=0.00 y=0.00 rot=17880.00
[2026-05-08 23:19:10] [I] [lua] [test_chip] render img=img.ball x=0.00 y=0.00 rot=17940.00
[2026-05-08 23:19:11] [I] [lua] [test_chip] render img=img.ball x=0.00 y=0.00 rot=18000.00
[2026-05-08 23:19:12] [I] [lua] [test_chip] render img=img.ball x=0.00 y=0.00 rot=18060.00
[2026-05-08 23:19:13] [I] [lua] [test_chip] render img=img.ball x=0.00 y=0.00 rot=18120.00
[2026-05-08 23:19:14] [I] [lua] [test_chip] render img=img.ball x=0.00 y=0.00 rot=18180.00
[2026-05-08 23:19:15] [I] [lua] [test_chip] render img=img.ball x=0.00 y=0.00 rot=18240.00
[2026-05-08 23:19:16] [I] [lua] [test_chip] render img=img.ball x=0.00 y=0.00 rot=18300.00
[2026-05-08 23:19:17] [I] [lua] [test_chip] render img=img.ball x=0.00 y=0.00 rot=18360.00
[2026-05-08 23:19:18] [I] [lua] [test_chip] render img=img.ball x=0.00 y=0.00 rot=18420.00
[2026-05-08 23:19:19] [I] [lua] [test_chip] render img=img.ball x=0.00 y=0.00 rot=18480.00
[2026-05-08 23:19:20] [I] [lua] [test_chip] render img=img.ball x=0.00 y=0.00 rot=18540.00
[2026-05-08 23:19:21] [I] [lua] [test_chip] render img=img.ball x=0.00 y=0.00 rot=18600.00
[2026-05-08 23:19:22] [I] [lua] [test_chip] render img=img.ball x=0.00 y=0.00 rot=18660.00
[2026-05-08 23:19:23] [I] [lua] [test_chip] render img=img.ball x=0.00 y=0.00 rot=18720.00
[2026-05-08 23:19:24] [I] [lua] [test_chip] render img=img.ball x=0.00 y=0.00 rot=18780.00
[2026-05-08 23:19:25] [I] [lua] [test_chip] render img=img.ball x=0.00 y=0.00 rot=18840.00
[2026-05-08 23:19:26] [I] [lua] [test_chip] render img=img.ball x=0.00 y=0.00 rot=18900.00
[2026-05-08 23:19:27] [I] [lua] [test_chip] render img=img.ball x=0.00 y=0.00 rot=18960.00
[2026-05-08 23:19:28] [I] [lua] [test_chip] render img=img.ball x=0.00 y=0.00 rot=19020.00
[2026-05-08 23:19:29] [I] [lua] [test_chip] render img=img.ball x=0.00 y=0.00 rot=19080.00
[2026-05-08 23:19:30] [I] [lua] [test_chip] render img=img.ball x=0.00 y=0.00 rot=19140.00
[2026-05-08 23:19:31] [I] [lua] [test_chip] render img=img.ball x=0.00 y=0.00 rot=19200.00
[2026-05-08 23:19:32] [I] [lua] [test_chip] render img=img.ball x=0.00 y=0.00 rot=19260.00
[2026-05-08 23:19:33] [I] [lua] [test_chip] render img=img.ball x=0.00 y=0.00 rot=19320.00
[2026-05-08 23:19:34] [I] [lua] [test_chip] render img=img.ball x=0.00 y=0.00 rot=19380.00
[2026-05-08 23:19:35] [I] [lua] [test_chip] render img=img.ball x=0.00 y=0.00 rot=19440.00
[2026-05-08 23:19:36] [I] [lua] [test_chip] render img=img.ball x=0.00 y=0.00 rot=19500.00
[2026-05-08 23:19:37] [I] [lua] [test_chip] render img=img.ball x=0.00 y=0.00 rot=19560.00
[2026-05-08 23:19:38] [I] [lua] [test_chip] render img=img.ball x=0.00 y=0.00 rot=19620.00
[2026-05-08 23:19:39] [I] [lua] [test_chip] render img=img.ball x=0.00 y=0.00 rot=19680.00
[2026-05-08 23:19:40] [I] [lua] [test_chip] render img=img.ball x=0.00 y=0.00 rot=19740.00
[2026-05-08 23:19:41] [I] [lua] [test_chip] render img=img.ball x=0.00 y=0.00 rot=19800.00
[2026-05-08 23:19:42] [I] [lua] [test_chip] render img=img.ball x=0.00 y=0.00 rot=19860.00
[2026-05-08 23:19:43] [I] [lua] [test_chip] render img=img.ball x=0.00 y=0.00 rot=19920.00
[2026-05-08 23:19:44] [I] [lua] [test_chip] render img=img.ball x=0.00 y=0.00 rot=19980.00
[2026-05-08 23:19:45] [I] [lua] [test_chip] render img=img.ball x=0.00 y=0.00 rot=20040.00
[2026-05-08 23:19:46] [I] [lua] [test_chip] render img=img.ball x=0.00 y=0.00 rot=20100.00
[2026-05-08 23:19:47] [I] [lua] [test_chip] render img=img.ball x=0.00 y=0.00 rot=20160.00
[2026-05-08 23:19:48] [I] [lua] [test_chip] render img=img.ball x=0.00 y=0.00 rot=20220.00
[2026-05-08 23:19:49] [I] [lua] [test_chip] render img=img.ball x=0.00 y=0.00 rot=20280.00
[2026-05-08 23:19:50] [I] [lua] [test_chip] render img=img.ball x=0.00 y=0.00 rot=20340.00
[2026-05-08 23:19:51] [I] [lua] [test_chip] render img=img.ball x=0.00 y=0.00 rot=20400.00
[2026-05-08 23:19:52] [I] [lua] [test_chip] render img=img.ball x=0.00 y=0.00 rot=20460.00
[2026-05-08 23:19:53] [I] [lua] [test_chip] render img=img.ball x=0.00 y=0.00 rot=20520.00
[2026-05-08 23:19:54] [I] [lua] [test_chip] render img=img.ball x=0.00 y=0.00 rot=20580.00
[2026-05-08 23:19:55] [I] [lua] [test_chip] render img=img.ball x=0.00 y=0.00 rot=20640.00
[2026-05-08 23:19:56] [I] [lua] [test_chip] render img=img.ball x=0.00 y=0.00 rot=20700.00
[2026-05-08 23:19:57] [I] [lua] [test_chip] render img=img.ball x=0.00 y=0.00 rot=20760.00
[2026-05-08 23:19:58] [I] [lua] [test_chip] render img=img.ball x=0.00 y=0.00 rot=20820.00
[2026-05-08 23:19:59] [I] [lua] [test_chip] render img=img.ball x=0.00 y=0.00 rot=20880.00
[2026-05-08 23:20:00] [I] [lua] [test_chip] render img=img.ball x=0.00 y=0.00 rot=20940.00
[2026-05-08 23:20:01] [I] [lua] [test_chip] render img=img.ball x=0.00 y=0.00 rot=21000.00
[2026-05-08 23:20:02] [I] [lua] [test_chip] render img=img.ball x=0.00 y=0.00 rot=21060.00
[2026-05-08 23:20:03] [I] [lua] [test_chip] render img=img.ball x=0.00 y=0.00 rot=21120.00
[2026-05-08 23:20:04] [I] [lua] [test_chip] render img=img.ball x=0.00 y=0.00 rot=21180.00
[2026-05-08 23:20:05] [I] [lua] [test_chip] render img=img.ball x=0.00 y=0.00 rot=21240.00
[2026-05-08 23:20:06] [I] [lua] [test_chip] render img=img.ball x=0.00 y=0.00 rot=21300.00
[2026-05-08 23:20:07] [I] [lua] [test_chip] render img=img.ball x=0.00 y=0.00 rot=21360.00
[2026-05-08 23:20:07] [I] [luastg] 结束更新&渲染循环
[2026-05-08 23:20:07] [I] [lua] [thlib.runtime] shutdown
[2026-05-08 23:20:07] [I] [luastg] 清空对象池
[2026-05-08 23:20:07] [I] [luastg] 关闭luajit引擎
[2026-05-08 23:20:07] [I] [luastg] 已清空资源池 'global'
[2026-05-08 23:20:07] [I] [luastg] 已清空资源池 'stage'
[2026-05-08 23:20:07] [I] [luastg] 清空所有游戏资源
[2026-05-08 23:20:07] [I] [luastg] 卸载所有资源包
[2026-05-08 23:20:07] [I] [luastg] 引擎关闭
