[2026-05-07 23:30:52] [I] Duration before logging system: 0.0199212s
[2026-05-07 23:30:52] [I] LuaSTG Nexus v0.1.2
[2026-05-07 23:30:52] [I] [luastg] 初始化引擎
[2026-05-07 23:30:52] [I] [luastg] 初始化对象池，容量32768
[2026-05-07 23:30:52] [I] [luastg] 初始化luajit引擎
[2026-05-07 23:30:52] [I] [luajit] LuaJIT 2.1.1778074285
[2026-05-07 23:30:52] [I] [luajit] 注册标准库与内置包
[2026-05-07 23:30:52] [I] [luajit] [0] E:\STG\LuaSTG-Future\LuaSTG-Data\LuaSTG-Nex_Data\LuaSTGSub.exe
[2026-05-07 23:30:52] [I] [luastg] load configuration from script 'launch'
[2026-05-07 23:30:52] [I] [core] System: Windows 11 25H2
[2026-05-07 23:30:52] [I] [core] Kernel: NT OS Kernel 10.0.26100.8246 Kernel32 10.0.26100.8246
[2026-05-07 23:30:52] [I] [core] CPU: 11th Gen Intel(R) Core(TM) i5-1155G7 @ 2.50GHz
[2026-05-07 23:30:52] [I] [core] [GraphicsDevice] initializing...
[2026-05-07 23:30:52] [I] [core] [GraphicsDevice] enumerate physical devices
[2026-05-07 23:30:52] [I] [core] [GraphicsDeviceManager] Graphics System details:
    Features:
        Present allow tearing (Windows DXGI): supported
    Physical devices:
        Intel(R) Iris(R) Xe Graphics:
            Direct3D feature level: 12.1
            VendorId: 0x00008086
            DeviceId: 0x00009a49
            SubSysId: 0x1372152d
            Revision: 3
            Dedicated video memory: 134217728 (128.000MiB)
            Dedicated system memory: 0 (0B)
            Shared system memory: 4181356544 (3.894GiB)
            Adapter LUID: 00000000-00009d24
            Flags: ACG_COMPATIBLE SUPPORT_MONITORED_FENCES KEYED_MUTEX_CONFORMANCE
            Graphics preemption granularity: PRIMITIVE_BOUNDARY
            Compute preemption granularity: THREAD_GROUP_BOUNDARY
    Physical devices (unmet requirements):
        Microsoft Basic Render Driver:
            Direct3D feature level: 12.1
            VendorId: 0x00001414
            DeviceId: 0x0000008c
            SubSysId: 0x00000000
            Revision: 0
            Dedicated video memory: 0 (0B)
            Dedicated system memory: 0 (0B)
            Shared system memory: 4181356544 (3.894GiB)
            Adapter LUID: 00000000-0000a30d
            Flags: SOFTWARE ACG_COMPATIBLE SUPPORT_MONITORED_FENCES KEYED_MUTEX_CONFORMANCE
            Graphics preemption granularity: INSTRUCTION_BOUNDARY
            Compute preemption granularity: INSTRUCTION_BOUNDARY
[2026-05-07 23:30:52] [I] [core] [GraphicsDevice] current physical device: Intel(R) Iris(R) Xe Graphics
[2026-05-07 23:30:52] [I] [core] [GraphicsDevice] device feature support details:
    Direct3D feature level: 12.1
    Threading:
        Driver concurrent creates: supported
        Driver command lists: not supported
    Doubles:
        Double precision float shader ops: not supported
    Direct3D 10.x hardware options:
        ComputeShaders + Raw/StructuredBuffers via shader 4.x: supported
    Direct3D 11 options:
        Output merger logic op: supported
        UAV only rendering forced sample count: supported
        Discard APIs seen by driver: supported
        Flags for update and copy seen by driver: supported
        Clear view: supported
        Copy with overlap: supported
        ConstantBuffer partial update: supported
        ConstantBuffer offsetting: supported
        Map no overwrite on dynamic ConstantBuffer: supported
        Map no overwrite on dynamic buffer SRV: supported
        Multisample RTV with forced sample count one: supported
        SAD4 shader instructions: supported
        Extended doubles shader instructions: not supported
        Extended resource sharing: supported
    Architecture info:
        Tile based deferred renderer: no
    Direct3D 9 options:
        Full non-pow2 texture support: supported
    Shader min precision support:
        Pixel shader min precision: 16bit
        All other shader stages min precision: 16bit
    Direct3D 9 shadow support:
        Supports depth as texture with less-equal comparison filter: supported
    Direct3D 11 options 1:
        Tiled resources tier: 2
        Min max filtering: supported
        Clear view also supports depth only formats: supported
        Map on default buffers: supported
    Direct3D 9 simple instancing support:
        Simple instancing supported: supported
    Marker support:
        Profile: supported
    Direct3D 9 options 1:
        Full non-pow2 texture supported: supported
        Depth as texture with less-equal comparison filter supported: supported
        Simple instancing supported: supported
        TextureCube face RenderTarget with non cube DepthStencil supported: supported
    Direct3D 11 options 1:
        PS specified stencil ref supported: supported
        Typed UAV load additional formats: supported
        ROVs supported: supported
        Conservative rasterization tier: 3
        Tiled resources tier: 3
        Map on default textures: supported
        Standard swizzle: not supported
        Unified memory architecture: supported
    Direct3D 11 options 3:
        VP and RT array index from any shader feeding rasterizer: supported
    GPU virtual address support:
        Max GPU virtual address bits per resource: 44
        Max GPU virtual address bits per process: 47
    Direct3D 11 options 4:
        Extended NV12 shared texture supported: supported
    Shader cache:
        Support flags: NONE
    Direct3D 11 options 5:
        Shared resource tier: 3
    Displayable:
        Displayable texture: not supported
        Shared resource tier: 3
[2026-05-07 23:30:52] [I] [core] [GraphicsDevice] device format support details:
    R32G32B32A32_TYPELESS: TEXTURE1D TEXTURE2D TEXTURE3D TEXTURECUBE MIP CPU_LOCKABLE CAST_WITHIN_BIT_LAYOUT TILED SHAREABLE
    R32G32B32A32_FLOAT: BUFFER IA_VERTEX_BUFFER SO_BUFFER TEXTURE1D TEXTURE2D TEXTURE3D TEXTURECUBE SHADER_LOAD SHADER_SAMPLE MIP MIP_AUTOGEN RENDER_TARGET BLENDABLE CPU_LOCKABLE MULTISAMPLE_RESOLVE CAST_WITHIN_BIT_LAYOUT MULTISAMPLE_RENDERTARGET MULTISAMPLE_LOAD SHADER_GATHER TYPED_UNORDERED_ACCESS_VIEW UAV_TYPED_LOAD UAV_TYPED_STORE TILED SHAREABLE
    R32G32B32A32_UINT: BUFFER IA_VERTEX_BUFFER SO_BUFFER TEXTURE1D TEXTURE2D TEXTURE3D TEXTURECUBE SHADER_LOAD MIP RENDER_TARGET CPU_LOCKABLE CAST_WITHIN_BIT_LAYOUT MULTISAMPLE_RENDERTARGET MULTISAMPLE_LOAD TYPED_UNORDERED_ACCESS_VIEW UAV_TYPED_LOAD UAV_TYPED_STORE OUTPUT_MERGER_LOGIC_OP TILED SHAREABLE
    R32G32B32A32_SINT: BUFFER IA_VERTEX_BUFFER SO_BUFFER TEXTURE1D TEXTURE2D TEXTURE3D TEXTURECUBE SHADER_LOAD MIP RENDER_TARGET CPU_LOCKABLE CAST_WITHIN_BIT_LAYOUT MULTISAMPLE_RENDERTARGET MULTISAMPLE_LOAD TYPED_UNORDERED_ACCESS_VIEW UAV_TYPED_LOAD UAV_TYPED_STORE TILED SHAREABLE
    R32G32B32_TYPELESS: TEXTURE1D TEXTURE2D TEXTURE3D TEXTURECUBE MIP CPU_LOCKABLE CAST_WITHIN_BIT_LAYOUT
    R32G32B32_FLOAT: BUFFER IA_VERTEX_BUFFER SO_BUFFER TEXTURE1D TEXTURE2D TEXTURE3D TEXTURECUBE SHADER_LOAD SHADER_SAMPLE MIP CPU_LOCKABLE MULTISAMPLE_RESOLVE CAST_WITHIN_BIT_LAYOUT MULTISAMPLE_LOAD
    R32G32B32_UINT: BUFFER IA_VERTEX_BUFFER SO_BUFFER TEXTURE1D TEXTURE2D TEXTURE3D TEXTURECUBE SHADER_LOAD MIP CPU_LOCKABLE CAST_WITHIN_BIT_LAYOUT MULTISAMPLE_LOAD OUTPUT_MERGER_LOGIC_OP
    R32G32B32_SINT: BUFFER IA_VERTEX_BUFFER SO_BUFFER TEXTURE1D TEXTURE2D TEXTURE3D TEXTURECUBE SHADER_LOAD MIP CPU_LOCKABLE CAST_WITHIN_BIT_LAYOUT MULTISAMPLE_LOAD
    R16G16B16A16_TYPELESS: TEXTURE1D TEXTURE2D TEXTURE3D TEXTURECUBE MIP CPU_LOCKABLE CAST_WITHIN_BIT_LAYOUT TILED SHAREABLE
    R16G16B16A16_FLOAT: BUFFER IA_VERTEX_BUFFER TEXTURE1D TEXTURE2D TEXTURE3D TEXTURECUBE SHADER_LOAD SHADER_SAMPLE MIP MIP_AUTOGEN RENDER_TARGET BLENDABLE CPU_LOCKABLE MULTISAMPLE_RESOLVE DISPLAY CAST_WITHIN_BIT_LAYOUT MULTISAMPLE_RENDERTARGET MULTISAMPLE_LOAD SHADER_GATHER TYPED_UNORDERED_ACCESS_VIEW VIDEO_PROCESSOR_OUTPUT UAV_TYPED_LOAD UAV_TYPED_STORE TILED SHAREABLE DISPLAYABLE
    R16G16B16A16_UNORM: BUFFER IA_VERTEX_BUFFER TEXTURE1D TEXTURE2D TEXTURE3D TEXTURECUBE SHADER_LOAD SHADER_SAMPLE MIP MIP_AUTOGEN RENDER_TARGET BLENDABLE CPU_LOCKABLE MULTISAMPLE_RESOLVE CAST_WITHIN_BIT_LAYOUT MULTISAMPLE_RENDERTARGET MULTISAMPLE_LOAD SHADER_GATHER TYPED_UNORDERED_ACCESS_VIEW UAV_TYPED_LOAD UAV_TYPED_STORE TILED SHAREABLE
    R16G16B16A16_UINT: BUFFER IA_VERTEX_BUFFER TEXTURE1D TEXTURE2D TEXTURE3D TEXTURECUBE SHADER_LOAD MIP RENDER_TARGET CPU_LOCKABLE CAST_WITHIN_BIT_LAYOUT MULTISAMPLE_RENDERTARGET MULTISAMPLE_LOAD TYPED_UNORDERED_ACCESS_VIEW UAV_TYPED_LOAD UAV_TYPED_STORE OUTPUT_MERGER_LOGIC_OP TILED SHAREABLE
    R16G16B16A16_SNORM: BUFFER IA_VERTEX_BUFFER TEXTURE1D TEXTURE2D TEXTURE3D TEXTURECUBE SHADER_LOAD SHADER_SAMPLE MIP MIP_AUTOGEN RENDER_TARGET BLENDABLE CPU_LOCKABLE MULTISAMPLE_RESOLVE CAST_WITHIN_BIT_LAYOUT MULTISAMPLE_RENDERTARGET MULTISAMPLE_LOAD SHADER_GATHER TYPED_UNORDERED_ACCESS_VIEW UAV_TYPED_LOAD UAV_TYPED_STORE TILED SHAREABLE
    R16G16B16A16_SINT: BUFFER IA_VERTEX_BUFFER TEXTURE1D TEXTURE2D TEXTURE3D TEXTURECUBE SHADER_LOAD MIP RENDER_TARGET CPU_LOCKABLE CAST_WITHIN_BIT_LAYOUT MULTISAMPLE_RENDERTARGET MULTISAMPLE_LOAD TYPED_UNORDERED_ACCESS_VIEW UAV_TYPED_LOAD UAV_TYPED_STORE TILED SHAREABLE
    R32G32_TYPELESS: TEXTURE1D TEXTURE2D TEXTURE3D TEXTURECUBE MIP CPU_LOCKABLE CAST_WITHIN_BIT_LAYOUT TILED
    R32G32_FLOAT: BUFFER IA_VERTEX_BUFFER SO_BUFFER TEXTURE1D TEXTURE2D TEXTURE3D TEXTURECUBE SHADER_LOAD SHADER_SAMPLE MIP MIP_AUTOGEN RENDER_TARGET BLENDABLE CPU_LOCKABLE MULTISAMPLE_RESOLVE CAST_WITHIN_BIT_LAYOUT MULTISAMPLE_RENDERTARGET MULTISAMPLE_LOAD SHADER_GATHER TYPED_UNORDERED_ACCESS_VIEW UAV_TYPED_LOAD UAV_TYPED_STORE TILED
    R32G32_UINT: BUFFER IA_VERTEX_BUFFER SO_BUFFER TEXTURE1D TEXTURE2D TEXTURE3D TEXTURECUBE SHADER_LOAD MIP RENDER_TARGET CPU_LOCKABLE CAST_WITHIN_BIT_LAYOUT MULTISAMPLE_RENDERTARGET MULTISAMPLE_LOAD TYPED_UNORDERED_ACCESS_VIEW UAV_TYPED_LOAD UAV_TYPED_STORE OUTPUT_MERGER_LOGIC_OP TILED
    R32G32_SINT: BUFFER IA_VERTEX_BUFFER SO_BUFFER TEXTURE1D TEXTURE2D TEXTURE3D TEXTURECUBE SHADER_LOAD MIP RENDER_TARGET CPU_LOCKABLE CAST_WITHIN_BIT_LAYOUT MULTISAMPLE_RENDERTARGET MULTISAMPLE_LOAD TYPED_UNORDERED_ACCESS_VIEW UAV_TYPED_LOAD UAV_TYPED_STORE TILED
    R32G8X24_TYPELESS: TEXTURE1D TEXTURE2D TEXTURECUBE MIP CPU_LOCKABLE CAST_WITHIN_BIT_LAYOUT
    D32_FLOAT_S8X24_UINT: TEXTURE1D TEXTURE2D TEXTURECUBE MIP DEPTH_STENCIL CPU_LOCKABLE CAST_WITHIN_BIT_LAYOUT MULTISAMPLE_RENDERTARGET
    R32_FLOAT_X8X24_TYPELESS: TEXTURE1D TEXTURE2D TEXTURECUBE SHADER_LOAD SHADER_SAMPLE SHADER_SAMPLE_COMPARISON MIP CPU_LOCKABLE CAST_WITHIN_BIT_LAYOUT MULTISAMPLE_LOAD SHADER_GATHER SHADER_GATHER_COMPARISON
    X32_TYPELESS_G8X24_UINT: TEXTURE1D TEXTURE2D TEXTURECUBE SHADER_LOAD MIP CPU_LOCKABLE CAST_WITHIN_BIT_LAYOUT MULTISAMPLE_LOAD
    R10G10B10A2_TYPELESS: TEXTURE1D TEXTURE2D TEXTURE3D TEXTURECUBE MIP CPU_LOCKABLE CAST_WITHIN_BIT_LAYOUT TILED SHAREABLE
    R10G10B10A2_UNORM: BUFFER IA_VERTEX_BUFFER TEXTURE1D TEXTURE2D TEXTURE3D TEXTURECUBE SHADER_LOAD SHADER_SAMPLE MIP MIP_AUTOGEN RENDER_TARGET BLENDABLE CPU_LOCKABLE MULTISAMPLE_RESOLVE DISPLAY CAST_WITHIN_BIT_LAYOUT MULTISAMPLE_RENDERTARGET MULTISAMPLE_LOAD SHADER_GATHER BACK_BUFFER_CAST TYPED_UNORDERED_ACCESS_VIEW VIDEO_PROCESSOR_OUTPUT VIDEO_PROCESSOR_INPUT UAV_TYPED_STORE TILED SHAREABLE MULTIPLANE_OVERLAY DISPLAYABLE
    R10G10B10A2_UINT: BUFFER IA_VERTEX_BUFFER TEXTURE1D TEXTURE2D TEXTURE3D TEXTURECUBE SHADER_LOAD MIP RENDER_TARGET CPU_LOCKABLE CAST_WITHIN_BIT_LAYOUT MULTISAMPLE_RENDERTARGET MULTISAMPLE_LOAD TYPED_UNORDERED_ACCESS_VIEW UAV_TYPED_STORE OUTPUT_MERGER_LOGIC_OP TILED SHAREABLE
    R11G11B10_FLOAT: BUFFER IA_VERTEX_BUFFER TEXTURE1D TEXTURE2D TEXTURE3D TEXTURECUBE SHADER_LOAD SHADER_SAMPLE MIP MIP_AUTOGEN RENDER_TARGET BLENDABLE CPU_LOCKABLE MULTISAMPLE_RESOLVE MULTISAMPLE_RENDERTARGET MULTISAMPLE_LOAD SHADER_GATHER TYPED_UNORDERED_ACCESS_VIEW UAV_TYPED_STORE TILED SHAREABLE
    R8G8B8A8_TYPELESS: TEXTURE1D TEXTURE2D TEXTURE3D TEXTURECUBE MIP CPU_LOCKABLE CAST_WITHIN_BIT_LAYOUT TILED SHAREABLE
    R8G8B8A8_UNORM: BUFFER IA_VERTEX_BUFFER TEXTURE1D TEXTURE2D TEXTURE3D TEXTURECUBE SHADER_LOAD SHADER_SAMPLE MIP MIP_AUTOGEN RENDER_TARGET BLENDABLE CPU_LOCKABLE MULTISAMPLE_RESOLVE DISPLAY CAST_WITHIN_BIT_LAYOUT MULTISAMPLE_RENDERTARGET MULTISAMPLE_LOAD SHADER_GATHER BACK_BUFFER_CAST TYPED_UNORDERED_ACCESS_VIEW VIDEO_PROCESSOR_OUTPUT VIDEO_PROCESSOR_INPUT UAV_TYPED_LOAD UAV_TYPED_STORE TILED SHAREABLE DISPLAYABLE
    R8G8B8A8_UNORM_SRGB: TEXTURE1D TEXTURE2D TEXTURE3D TEXTURECUBE SHADER_LOAD SHADER_SAMPLE MIP MIP_AUTOGEN RENDER_TARGET BLENDABLE CPU_LOCKABLE MULTISAMPLE_RESOLVE DISPLAY CAST_WITHIN_BIT_LAYOUT MULTISAMPLE_RENDERTARGET MULTISAMPLE_LOAD SHADER_GATHER BACK_BUFFER_CAST VIDEO_PROCESSOR_OUTPUT TILED SHAREABLE
    R8G8B8A8_UINT: BUFFER IA_VERTEX_BUFFER TEXTURE1D TEXTURE2D TEXTURE3D TEXTURECUBE SHADER_LOAD MIP RENDER_TARGET CPU_LOCKABLE CAST_WITHIN_BIT_LAYOUT MULTISAMPLE_RENDERTARGET MULTISAMPLE_LOAD TYPED_UNORDERED_ACCESS_VIEW UAV_TYPED_LOAD UAV_TYPED_STORE OUTPUT_MERGER_LOGIC_OP TILED SHAREABLE
    R8G8B8A8_SNORM: BUFFER IA_VERTEX_BUFFER TEXTURE1D TEXTURE2D TEXTURE3D TEXTURECUBE SHADER_LOAD SHADER_SAMPLE MIP MIP_AUTOGEN RENDER_TARGET BLENDABLE CPU_LOCKABLE MULTISAMPLE_RESOLVE CAST_WITHIN_BIT_LAYOUT MULTISAMPLE_RENDERTARGET MULTISAMPLE_LOAD SHADER_GATHER TYPED_UNORDERED_ACCESS_VIEW UAV_TYPED_LOAD UAV_TYPED_STORE TILED SHAREABLE
    R8G8B8A8_SINT: BUFFER IA_VERTEX_BUFFER TEXTURE1D TEXTURE2D TEXTURE3D TEXTURECUBE SHADER_LOAD MIP RENDER_TARGET CPU_LOCKABLE CAST_WITHIN_BIT_LAYOUT MULTISAMPLE_RENDERTARGET MULTISAMPLE_LOAD TYPED_UNORDERED_ACCESS_VIEW UAV_TYPED_LOAD UAV_TYPED_STORE TILED SHAREABLE
    R16G16_TYPELESS: TEXTURE1D TEXTURE2D TEXTURE3D TEXTURECUBE MIP CPU_LOCKABLE CAST_WITHIN_BIT_LAYOUT TILED SHAREABLE
    R16G16_FLOAT: BUFFER IA_VERTEX_BUFFER TEXTURE1D TEXTURE2D TEXTURE3D TEXTURECUBE SHADER_LOAD SHADER_SAMPLE MIP MIP_AUTOGEN RENDER_TARGET BLENDABLE CPU_LOCKABLE MULTISAMPLE_RESOLVE CAST_WITHIN_BIT_LAYOUT MULTISAMPLE_RENDERTARGET MULTISAMPLE_LOAD SHADER_GATHER TYPED_UNORDERED_ACCESS_VIEW UAV_TYPED_STORE TILED SHAREABLE
    R16G16_UNORM: BUFFER IA_VERTEX_BUFFER TEXTURE1D TEXTURE2D TEXTURE3D TEXTURECUBE SHADER_LOAD SHADER_SAMPLE MIP MIP_AUTOGEN RENDER_TARGET BLENDABLE CPU_LOCKABLE MULTISAMPLE_RESOLVE CAST_WITHIN_BIT_LAYOUT MULTISAMPLE_RENDERTARGET MULTISAMPLE_LOAD SHADER_GATHER TYPED_UNORDERED_ACCESS_VIEW UAV_TYPED_LOAD UAV_TYPED_STORE TILED SHAREABLE
    R16G16_UINT: BUFFER IA_VERTEX_BUFFER TEXTURE1D TEXTURE2D TEXTURE3D TEXTURECUBE SHADER_LOAD MIP RENDER_TARGET CPU_LOCKABLE CAST_WITHIN_BIT_LAYOUT MULTISAMPLE_RENDERTARGET MULTISAMPLE_LOAD TYPED_UNORDERED_ACCESS_VIEW UAV_TYPED_LOAD UAV_TYPED_STORE OUTPUT_MERGER_LOGIC_OP TILED SHAREABLE
    R16G16_SNORM: BUFFER IA_VERTEX_BUFFER TEXTURE1D TEXTURE2D TEXTURE3D TEXTURECUBE SHADER_LOAD SHADER_SAMPLE MIP MIP_AUTOGEN RENDER_TARGET BLENDABLE CPU_LOCKABLE MULTISAMPLE_RESOLVE CAST_WITHIN_BIT_LAYOUT MULTISAMPLE_RENDERTARGET MULTISAMPLE_LOAD SHADER_GATHER TYPED_UNORDERED_ACCESS_VIEW UAV_TYPED_LOAD UAV_TYPED_STORE TILED SHAREABLE
    R16G16_SINT: BUFFER IA_VERTEX_BUFFER TEXTURE1D TEXTURE2D TEXTURE3D TEXTURECUBE SHADER_LOAD MIP RENDER_TARGET CPU_LOCKABLE CAST_WITHIN_BIT_LAYOUT MULTISAMPLE_RENDERTARGET MULTISAMPLE_LOAD TYPED_UNORDERED_ACCESS_VIEW UAV_TYPED_LOAD UAV_TYPED_STORE TILED SHAREABLE
    R32_TYPELESS: TEXTURE1D TEXTURE2D TEXTURE3D TEXTURECUBE MIP CPU_LOCKABLE CAST_WITHIN_BIT_LAYOUT TILED SHAREABLE
    D32_FLOAT: TEXTURE1D TEXTURE2D TEXTURECUBE MIP DEPTH_STENCIL CPU_LOCKABLE CAST_WITHIN_BIT_LAYOUT MULTISAMPLE_RENDERTARGET TILED SHAREABLE
    R32_FLOAT: BUFFER IA_VERTEX_BUFFER SO_BUFFER TEXTURE1D TEXTURE2D TEXTURE3D TEXTURECUBE SHADER_LOAD SHADER_SAMPLE SHADER_SAMPLE_COMPARISON MIP MIP_AUTOGEN RENDER_TARGET BLENDABLE CPU_LOCKABLE MULTISAMPLE_RESOLVE CAST_WITHIN_BIT_LAYOUT MULTISAMPLE_RENDERTARGET MULTISAMPLE_LOAD SHADER_GATHER TYPED_UNORDERED_ACCESS_VIEW SHADER_GATHER_COMPARISON UAV_ATOMIC_EXCHANGE UAV_TYPED_LOAD UAV_TYPED_STORE TILED SHAREABLE
    R32_UINT: BUFFER IA_VERTEX_BUFFER IA_INDEX_BUFFER SO_BUFFER TEXTURE1D TEXTURE2D TEXTURE3D TEXTURECUBE SHADER_LOAD MIP RENDER_TARGET CPU_LOCKABLE CAST_WITHIN_BIT_LAYOUT MULTISAMPLE_RENDERTARGET MULTISAMPLE_LOAD TYPED_UNORDERED_ACCESS_VIEW UAV_ATOMIC_ADD UAV_ATOMIC_BITWISE_OPS UAV_ATOMIC_COMPARE_STORE_OR_COMPARE_EXCHANGE UAV_ATOMIC_EXCHANGE UAV_ATOMIC_SIGNED_MIN_OR_MAX UAV_ATOMIC_UNSIGNED_MIN_OR_MAX UAV_TYPED_LOAD UAV_TYPED_STORE OUTPUT_MERGER_LOGIC_OP TILED SHAREABLE
    R32_SINT: BUFFER IA_VERTEX_BUFFER SO_BUFFER TEXTURE1D TEXTURE2D TEXTURE3D TEXTURECUBE SHADER_LOAD MIP RENDER_TARGET CPU_LOCKABLE CAST_WITHIN_BIT_LAYOUT MULTISAMPLE_RENDERTARGET MULTISAMPLE_LOAD TYPED_UNORDERED_ACCESS_VIEW UAV_ATOMIC_ADD UAV_ATOMIC_BITWISE_OPS UAV_ATOMIC_COMPARE_STORE_OR_COMPARE_EXCHANGE UAV_ATOMIC_EXCHANGE UAV_ATOMIC_SIGNED_MIN_OR_MAX UAV_ATOMIC_UNSIGNED_MIN_OR_MAX UAV_TYPED_LOAD UAV_TYPED_STORE TILED SHAREABLE
    R24G8_TYPELESS: TEXTURE1D TEXTURE2D TEXTURECUBE MIP CPU_LOCKABLE CAST_WITHIN_BIT_LAYOUT
    D24_UNORM_S8_UINT: TEXTURE1D TEXTURE2D TEXTURECUBE MIP DEPTH_STENCIL CPU_LOCKABLE CAST_WITHIN_BIT_LAYOUT MULTISAMPLE_RENDERTARGET
    R24_UNORM_X8_TYPELESS: TEXTURE1D TEXTURE2D TEXTURECUBE SHADER_LOAD SHADER_SAMPLE SHADER_SAMPLE_COMPARISON MIP CPU_LOCKABLE CAST_WITHIN_BIT_LAYOUT MULTISAMPLE_LOAD SHADER_GATHER SHADER_GATHER_COMPARISON
    X24_TYPELESS_G8_UINT: TEXTURE1D TEXTURE2D TEXTURECUBE SHADER_LOAD MIP CPU_LOCKABLE CAST_WITHIN_BIT_LAYOUT MULTISAMPLE_LOAD
    R8G8_TYPELESS: TEXTURE1D TEXTURE2D TEXTURE3D TEXTURECUBE MIP CPU_LOCKABLE CAST_WITHIN_BIT_LAYOUT TILED SHAREABLE
    R8G8_UNORM: BUFFER IA_VERTEX_BUFFER TEXTURE1D TEXTURE2D TEXTURE3D TEXTURECUBE SHADER_LOAD SHADER_SAMPLE MIP MIP_AUTOGEN RENDER_TARGET BLENDABLE CPU_LOCKABLE MULTISAMPLE_RESOLVE CAST_WITHIN_BIT_LAYOUT MULTISAMPLE_RENDERTARGET MULTISAMPLE_LOAD SHADER_GATHER TYPED_UNORDERED_ACCESS_VIEW UAV_TYPED_LOAD UAV_TYPED_STORE TILED SHAREABLE
    R8G8_UINT: BUFFER IA_VERTEX_BUFFER TEXTURE1D TEXTURE2D TEXTURE3D TEXTURECUBE SHADER_LOAD MIP RENDER_TARGET CPU_LOCKABLE CAST_WITHIN_BIT_LAYOUT MULTISAMPLE_RENDERTARGET MULTISAMPLE_LOAD TYPED_UNORDERED_ACCESS_VIEW UAV_TYPED_LOAD UAV_TYPED_STORE OUTPUT_MERGER_LOGIC_OP TILED SHAREABLE
    R8G8_SNORM: BUFFER IA_VERTEX_BUFFER TEXTURE1D TEXTURE2D TEXTURE3D TEXTURECUBE SHADER_LOAD SHADER_SAMPLE MIP MIP_AUTOGEN RENDER_TARGET BLENDABLE CPU_LOCKABLE MULTISAMPLE_RESOLVE CAST_WITHIN_BIT_LAYOUT MULTISAMPLE_RENDERTARGET MULTISAMPLE_LOAD SHADER_GATHER TYPED_UNORDERED_ACCESS_VIEW UAV_TYPED_LOAD UAV_TYPED_STORE TILED SHAREABLE
    R8G8_SINT: BUFFER IA_VERTEX_BUFFER TEXTURE1D TEXTURE2D TEXTURE3D TEXTURECUBE SHADER_LOAD MIP RENDER_TARGET CPU_LOCKABLE CAST_WITHIN_BIT_LAYOUT MULTISAMPLE_RENDERTARGET MULTISAMPLE_LOAD TYPED_UNORDERED_ACCESS_VIEW UAV_TYPED_LOAD UAV_TYPED_STORE TILED SHAREABLE
    R16_TYPELESS: TEXTURE1D TEXTURE2D TEXTURE3D TEXTURECUBE MIP CPU_LOCKABLE CAST_WITHIN_BIT_LAYOUT TILED SHAREABLE
    R16_FLOAT: BUFFER IA_VERTEX_BUFFER TEXTURE1D TEXTURE2D TEXTURE3D TEXTURECUBE SHADER_LOAD SHADER_SAMPLE MIP MIP_AUTOGEN RENDER_TARGET BLENDABLE CPU_LOCKABLE MULTISAMPLE_RESOLVE CAST_WITHIN_BIT_LAYOUT MULTISAMPLE_RENDERTARGET MULTISAMPLE_LOAD SHADER_GATHER TYPED_UNORDERED_ACCESS_VIEW UAV_TYPED_LOAD UAV_TYPED_STORE TILED SHAREABLE
    D16_UNORM: TEXTURE1D TEXTURE2D TEXTURECUBE MIP DEPTH_STENCIL CPU_LOCKABLE CAST_WITHIN_BIT_LAYOUT MULTISAMPLE_RENDERTARGET TILED SHAREABLE
    R16_UNORM: BUFFER IA_VERTEX_BUFFER TEXTURE1D TEXTURE2D TEXTURE3D TEXTURECUBE SHADER_LOAD SHADER_SAMPLE SHADER_SAMPLE_COMPARISON MIP MIP_AUTOGEN RENDER_TARGET BLENDABLE CPU_LOCKABLE MULTISAMPLE_RESOLVE CAST_WITHIN_BIT_LAYOUT MULTISAMPLE_RENDERTARGET MULTISAMPLE_LOAD SHADER_GATHER TYPED_UNORDERED_ACCESS_VIEW SHADER_GATHER_COMPARISON UAV_TYPED_LOAD UAV_TYPED_STORE TILED SHAREABLE
    R16_UINT: BUFFER IA_VERTEX_BUFFER IA_INDEX_BUFFER TEXTURE1D TEXTURE2D TEXTURE3D TEXTURECUBE SHADER_LOAD MIP RENDER_TARGET CPU_LOCKABLE CAST_WITHIN_BIT_LAYOUT MULTISAMPLE_RENDERTARGET MULTISAMPLE_LOAD TYPED_UNORDERED_ACCESS_VIEW UAV_TYPED_LOAD UAV_TYPED_STORE OUTPUT_MERGER_LOGIC_OP TILED SHAREABLE
    R16_SNORM: BUFFER IA_VERTEX_BUFFER TEXTURE1D TEXTURE2D TEXTURE3D TEXTURECUBE SHADER_LOAD SHADER_SAMPLE MIP MIP_AUTOGEN RENDER_TARGET BLENDABLE CPU_LOCKABLE MULTISAMPLE_RESOLVE CAST_WITHIN_BIT_LAYOUT MULTISAMPLE_RENDERTARGET MULTISAMPLE_LOAD SHADER_GATHER TYPED_UNORDERED_ACCESS_VIEW UAV_TYPED_LOAD UAV_TYPED_STORE TILED SHAREABLE
    R16_SINT: BUFFER IA_VERTEX_BUFFER TEXTURE1D TEXTURE2D TEXTURE3D TEXTURECUBE SHADER_LOAD MIP RENDER_TARGET CPU_LOCKABLE CAST_WITHIN_BIT_LAYOUT MULTISAMPLE_RENDERTARGET MULTISAMPLE_LOAD TYPED_UNORDERED_ACCESS_VIEW UAV_TYPED_LOAD UAV_TYPED_STORE TILED SHAREABLE
    R8_TYPELESS: TEXTURE1D TEXTURE2D TEXTURE3D TEXTURECUBE MIP CPU_LOCKABLE CAST_WITHIN_BIT_LAYOUT TILED SHAREABLE
    R8_UNORM: BUFFER IA_VERTEX_BUFFER TEXTURE1D TEXTURE2D TEXTURE3D TEXTURECUBE SHADER_LOAD SHADER_SAMPLE MIP MIP_AUTOGEN RENDER_TARGET BLENDABLE CPU_LOCKABLE MULTISAMPLE_RESOLVE CAST_WITHIN_BIT_LAYOUT MULTISAMPLE_RENDERTARGET MULTISAMPLE_LOAD SHADER_GATHER TYPED_UNORDERED_ACCESS_VIEW UAV_TYPED_LOAD UAV_TYPED_STORE TILED SHAREABLE
    R8_UINT: BUFFER IA_VERTEX_BUFFER TEXTURE1D TEXTURE2D TEXTURE3D TEXTURECUBE SHADER_LOAD MIP RENDER_TARGET CPU_LOCKABLE CAST_WITHIN_BIT_LAYOUT MULTISAMPLE_RENDERTARGET MULTISAMPLE_LOAD TYPED_UNORDERED_ACCESS_VIEW UAV_TYPED_LOAD UAV_TYPED_STORE OUTPUT_MERGER_LOGIC_OP TILED SHAREABLE
    R8_SNORM: BUFFER IA_VERTEX_BUFFER TEXTURE1D TEXTURE2D TEXTURE3D TEXTURECUBE SHADER_LOAD SHADER_SAMPLE MIP MIP_AUTOGEN RENDER_TARGET BLENDABLE CPU_LOCKABLE MULTISAMPLE_RESOLVE CAST_WITHIN_BIT_LAYOUT MULTISAMPLE_RENDERTARGET MULTISAMPLE_LOAD SHADER_GATHER TYPED_UNORDERED_ACCESS_VIEW UAV_TYPED_LOAD UAV_TYPED_STORE TILED SHAREABLE
    R8_SINT: BUFFER IA_VERTEX_BUFFER TEXTURE1D TEXTURE2D TEXTURE3D TEXTURECUBE SHADER_LOAD MIP RENDER_TARGET CPU_LOCKABLE CAST_WITHIN_BIT_LAYOUT MULTISAMPLE_RENDERTARGET MULTISAMPLE_LOAD TYPED_UNORDERED_ACCESS_VIEW UAV_TYPED_LOAD UAV_TYPED_STORE TILED SHAREABLE
    A8_UNORM: TEXTURE1D TEXTURE2D TEXTURE3D TEXTURECUBE SHADER_LOAD SHADER_SAMPLE MIP MIP_AUTOGEN RENDER_TARGET BLENDABLE CPU_LOCKABLE MULTISAMPLE_RESOLVE MULTISAMPLE_RENDERTARGET MULTISAMPLE_LOAD SHADER_GATHER TYPED_UNORDERED_ACCESS_VIEW UAV_TYPED_LOAD UAV_TYPED_STORE TILED SHAREABLE
    R1_UNORM:
    R9G9B9E5_SHAREDEXP: TEXTURE1D TEXTURE2D TEXTURE3D TEXTURECUBE SHADER_LOAD SHADER_SAMPLE MIP CPU_LOCKABLE SHADER_GATHER TILED SHAREABLE
    R8G8_B8G8_UNORM: TEXTURE1D TEXTURE2D TEXTURE3D TEXTURECUBE SHADER_LOAD SHADER_SAMPLE MIP CPU_LOCKABLE SHADER_GATHER
    G8R8_G8B8_UNORM: TEXTURE1D TEXTURE2D TEXTURE3D TEXTURECUBE SHADER_LOAD SHADER_SAMPLE MIP CPU_LOCKABLE SHADER_GATHER
    BC1_TYPELESS: TEXTURE2D TEXTURE3D TEXTURECUBE MIP CPU_LOCKABLE CAST_WITHIN_BIT_LAYOUT TILED SHAREABLE
    BC1_UNORM: TEXTURE2D TEXTURE3D TEXTURECUBE SHADER_LOAD SHADER_SAMPLE MIP CPU_LOCKABLE CAST_WITHIN_BIT_LAYOUT SHADER_GATHER TILED SHAREABLE
    BC1_UNORM_SRGB: TEXTURE2D TEXTURE3D TEXTURECUBE SHADER_LOAD SHADER_SAMPLE MIP CPU_LOCKABLE CAST_WITHIN_BIT_LAYOUT SHADER_GATHER TILED SHAREABLE
    BC2_TYPELESS: TEXTURE2D TEXTURE3D TEXTURECUBE MIP CPU_LOCKABLE CAST_WITHIN_BIT_LAYOUT TILED SHAREABLE
    BC2_UNORM: TEXTURE2D TEXTURE3D TEXTURECUBE SHADER_LOAD SHADER_SAMPLE MIP CPU_LOCKABLE CAST_WITHIN_BIT_LAYOUT SHADER_GATHER TILED SHAREABLE
    BC2_UNORM_SRGB: TEXTURE2D TEXTURE3D TEXTURECUBE SHADER_LOAD SHADER_SAMPLE MIP CPU_LOCKABLE CAST_WITHIN_BIT_LAYOUT SHADER_GATHER TILED SHAREABLE
    BC3_TYPELESS: TEXTURE2D TEXTURE3D TEXTURECUBE MIP CPU_LOCKABLE CAST_WITHIN_BIT_LAYOUT TILED SHAREABLE
    BC3_UNORM: TEXTURE2D TEXTURE3D TEXTURECUBE SHADER_LOAD SHADER_SAMPLE MIP CPU_LOCKABLE CAST_WITHIN_BIT_LAYOUT SHADER_GATHER TILED SHAREABLE
    BC3_UNORM_SRGB: TEXTURE2D TEXTURE3D TEXTURECUBE SHADER_LOAD SHADER_SAMPLE MIP CPU_LOCKABLE CAST_WITHIN_BIT_LAYOUT SHADER_GATHER TILED SHAREABLE
    BC4_TYPELESS: TEXTURE2D TEXTURE3D TEXTURECUBE MIP CPU_LOCKABLE CAST_WITHIN_BIT_LAYOUT TILED
    BC4_UNORM: TEXTURE2D TEXTURE3D TEXTURECUBE SHADER_LOAD SHADER_SAMPLE MIP CPU_LOCKABLE CAST_WITHIN_BIT_LAYOUT SHADER_GATHER TILED
    BC4_SNORM: TEXTURE2D TEXTURE3D TEXTURECUBE SHADER_LOAD SHADER_SAMPLE MIP CPU_LOCKABLE CAST_WITHIN_BIT_LAYOUT SHADER_GATHER TILED
    BC5_TYPELESS: TEXTURE2D TEXTURE3D TEXTURECUBE MIP CPU_LOCKABLE CAST_WITHIN_BIT_LAYOUT TILED
    BC5_UNORM: TEXTURE2D TEXTURE3D TEXTURECUBE SHADER_LOAD SHADER_SAMPLE MIP CPU_LOCKABLE CAST_WITHIN_BIT_LAYOUT SHADER_GATHER TILED
    BC5_SNORM: TEXTURE2D TEXTURE3D TEXTURECUBE SHADER_LOAD SHADER_SAMPLE MIP CPU_LOCKABLE CAST_WITHIN_BIT_LAYOUT SHADER_GATHER TILED
    B5G6R5_UNORM: BUFFER TEXTURE1D TEXTURE2D TEXTURE3D TEXTURECUBE SHADER_LOAD SHADER_SAMPLE MIP MIP_AUTOGEN RENDER_TARGET BLENDABLE CPU_LOCKABLE MULTISAMPLE_RESOLVE MULTISAMPLE_RENDERTARGET MULTISAMPLE_LOAD SHADER_GATHER TILED
    B5G5R5A1_UNORM: BUFFER TEXTURE1D TEXTURE2D TEXTURE3D TEXTURECUBE SHADER_LOAD SHADER_SAMPLE MIP MIP_AUTOGEN RENDER_TARGET BLENDABLE CPU_LOCKABLE MULTISAMPLE_RESOLVE MULTISAMPLE_RENDERTARGET MULTISAMPLE_LOAD SHADER_GATHER TILED
    B8G8R8A8_UNORM: BUFFER IA_VERTEX_BUFFER TEXTURE1D TEXTURE2D TEXTURE3D TEXTURECUBE SHADER_LOAD SHADER_SAMPLE MIP MIP_AUTOGEN RENDER_TARGET BLENDABLE CPU_LOCKABLE MULTISAMPLE_RESOLVE DISPLAY CAST_WITHIN_BIT_LAYOUT MULTISAMPLE_RENDERTARGET MULTISAMPLE_LOAD SHADER_GATHER BACK_BUFFER_CAST TYPED_UNORDERED_ACCESS_VIEW VIDEO_PROCESSOR_OUTPUT VIDEO_PROCESSOR_INPUT UAV_TYPED_LOAD UAV_TYPED_STORE TILED SHAREABLE DISPLAYABLE
    B8G8R8X8_UNORM: BUFFER IA_VERTEX_BUFFER TEXTURE1D TEXTURE2D TEXTURE3D TEXTURECUBE SHADER_LOAD SHADER_SAMPLE MIP MIP_AUTOGEN RENDER_TARGET BLENDABLE CPU_LOCKABLE MULTISAMPLE_RESOLVE CAST_WITHIN_BIT_LAYOUT MULTISAMPLE_RENDERTARGET MULTISAMPLE_LOAD SHADER_GATHER VIDEO_PROCESSOR_OUTPUT VIDEO_PROCESSOR_INPUT TILED SHAREABLE
    R10G10B10_XR_BIAS_A2_UNORM: TEXTURE2D CPU_LOCKABLE DISPLAY CAST_WITHIN_BIT_LAYOUT BACK_BUFFER_CAST VIDEO_PROCESSOR_OUTPUT TILED SHAREABLE
    B8G8R8A8_TYPELESS: TEXTURE1D TEXTURE2D TEXTURE3D TEXTURECUBE MIP CPU_LOCKABLE CAST_WITHIN_BIT_LAYOUT TILED SHAREABLE
    B8G8R8A8_UNORM_SRGB: TEXTURE1D TEXTURE2D TEXTURE3D TEXTURECUBE SHADER_LOAD SHADER_SAMPLE MIP MIP_AUTOGEN RENDER_TARGET BLENDABLE CPU_LOCKABLE MULTISAMPLE_RESOLVE DISPLAY CAST_WITHIN_BIT_LAYOUT MULTISAMPLE_RENDERTARGET MULTISAMPLE_LOAD SHADER_GATHER BACK_BUFFER_CAST VIDEO_PROCESSOR_OUTPUT TILED SHAREABLE
    B8G8R8X8_TYPELESS: TEXTURE1D TEXTURE2D TEXTURE3D TEXTURECUBE MIP CPU_LOCKABLE CAST_WITHIN_BIT_LAYOUT TILED SHAREABLE
    B8G8R8X8_UNORM_SRGB: TEXTURE1D TEXTURE2D TEXTURE3D TEXTURECUBE SHADER_LOAD SHADER_SAMPLE MIP MIP_AUTOGEN RENDER_TARGET BLENDABLE CPU_LOCKABLE MULTISAMPLE_RESOLVE CAST_WITHIN_BIT_LAYOUT MULTISAMPLE_RENDERTARGET MULTISAMPLE_LOAD SHADER_GATHER TILED SHAREABLE
    BC6H_TYPELESS: TEXTURE2D TEXTURE3D TEXTURECUBE MIP CPU_LOCKABLE CAST_WITHIN_BIT_LAYOUT TILED
    BC6H_UF16: TEXTURE2D TEXTURE3D TEXTURECUBE SHADER_LOAD SHADER_SAMPLE MIP CPU_LOCKABLE CAST_WITHIN_BIT_LAYOUT SHADER_GATHER TILED
    BC6H_SF16: TEXTURE2D TEXTURE3D TEXTURECUBE SHADER_LOAD SHADER_SAMPLE MIP CPU_LOCKABLE CAST_WITHIN_BIT_LAYOUT SHADER_GATHER TILED
    BC7_TYPELESS: TEXTURE2D TEXTURE3D TEXTURECUBE MIP CPU_LOCKABLE CAST_WITHIN_BIT_LAYOUT TILED
    BC7_UNORM: TEXTURE2D TEXTURE3D TEXTURECUBE SHADER_LOAD SHADER_SAMPLE MIP CPU_LOCKABLE CAST_WITHIN_BIT_LAYOUT SHADER_GATHER TILED
    BC7_UNORM_SRGB: TEXTURE2D TEXTURE3D TEXTURECUBE SHADER_LOAD SHADER_SAMPLE MIP CPU_LOCKABLE CAST_WITHIN_BIT_LAYOUT SHADER_GATHER TILED
    AYUV: TEXTURE2D SHADER_LOAD SHADER_SAMPLE MIP MIP_AUTOGEN RENDER_TARGET BLENDABLE CPU_LOCKABLE SHADER_GATHER TYPED_UNORDERED_ACCESS_VIEW DECODER_OUTPUT VIDEO_PROCESSOR_OUTPUT VIDEO_PROCESSOR_INPUT UAV_TYPED_STORE SHAREABLE
    Y410: TEXTURE2D SHADER_LOAD SHADER_SAMPLE CPU_LOCKABLE SHADER_GATHER TYPED_UNORDERED_ACCESS_VIEW DECODER_OUTPUT VIDEO_PROCESSOR_OUTPUT VIDEO_PROCESSOR_INPUT UAV_TYPED_STORE SHAREABLE
    Y416: TEXTURE2D SHADER_LOAD SHADER_SAMPLE MIP CPU_LOCKABLE SHADER_GATHER TYPED_UNORDERED_ACCESS_VIEW DECODER_OUTPUT VIDEO_PROCESSOR_OUTPUT VIDEO_PROCESSOR_INPUT UAV_TYPED_STORE SHAREABLE
    NV12: TEXTURE2D SHADER_LOAD SHADER_SAMPLE RENDER_TARGET BLENDABLE CPU_LOCKABLE SHADER_GATHER TYPED_UNORDERED_ACCESS_VIEW DECODER_OUTPUT VIDEO_PROCESSOR_OUTPUT VIDEO_PROCESSOR_INPUT VIDEO_ENCODER UAV_TYPED_STORE SHAREABLE MULTIPLANE_OVERLAY DISPLAYABLE
    P010: TEXTURE2D SHADER_LOAD SHADER_SAMPLE RENDER_TARGET BLENDABLE CPU_LOCKABLE SHADER_GATHER TYPED_UNORDERED_ACCESS_VIEW DECODER_OUTPUT VIDEO_PROCESSOR_OUTPUT VIDEO_PROCESSOR_INPUT VIDEO_ENCODER UAV_TYPED_STORE SHAREABLE
    P016: TEXTURE2D SHADER_LOAD SHADER_SAMPLE RENDER_TARGET BLENDABLE CPU_LOCKABLE SHADER_GATHER TYPED_UNORDERED_ACCESS_VIEW DECODER_OUTPUT VIDEO_PROCESSOR_OUTPUT VIDEO_PROCESSOR_INPUT UAV_TYPED_STORE SHAREABLE
    420_OPAQUE: TEXTURE2D DECODER_OUTPUT VIDEO_PROCESSOR_OUTPUT VIDEO_PROCESSOR_INPUT SHAREABLE
    YUY2: TEXTURE2D SHADER_LOAD SHADER_SAMPLE CPU_LOCKABLE SHADER_GATHER TYPED_UNORDERED_ACCESS_VIEW DECODER_OUTPUT VIDEO_PROCESSOR_OUTPUT VIDEO_PROCESSOR_INPUT UAV_TYPED_STORE SHAREABLE MULTIPLANE_OVERLAY DISPLAYABLE
    Y210: TEXTURE2D SHADER_LOAD SHADER_SAMPLE CPU_LOCKABLE SHADER_GATHER TYPED_UNORDERED_ACCESS_VIEW DECODER_OUTPUT VIDEO_PROCESSOR_OUTPUT VIDEO_PROCESSOR_INPUT UAV_TYPED_STORE SHAREABLE MULTIPLANE_OVERLAY
    Y216: TEXTURE2D SHADER_LOAD SHADER_SAMPLE CPU_LOCKABLE SHADER_GATHER TYPED_UNORDERED_ACCESS_VIEW DECODER_OUTPUT VIDEO_PROCESSOR_OUTPUT VIDEO_PROCESSOR_INPUT UAV_TYPED_STORE SHAREABLE MULTIPLANE_OVERLAY
    NV11:
    AI44: TEXTURE2D CPU_LOCKABLE VIDEO_PROCESSOR_INPUT
    IA44: TEXTURE2D CPU_LOCKABLE VIDEO_PROCESSOR_INPUT
    P8: TEXTURE2D CPU_LOCKABLE VIDEO_PROCESSOR_INPUT
    A8P8: TEXTURE2D CPU_LOCKABLE VIDEO_PROCESSOR_INPUT
    B4G4R4A4_UNORM: BUFFER TEXTURE1D TEXTURE2D TEXTURE3D TEXTURECUBE SHADER_LOAD SHADER_SAMPLE MIP MIP_AUTOGEN RENDER_TARGET BLENDABLE CPU_LOCKABLE MULTISAMPLE_RESOLVE MULTISAMPLE_RENDERTARGET MULTISAMPLE_LOAD SHADER_GATHER TILED
    P208:
    V208:
    V408:
    SAMPLER_FEEDBACK_MIN_MIP_OPAQUE:
    SAMPLER_FEEDBACK_MIP_REGION_USED_OPAQUE:
    A4B4G4R4_UNORM:
[2026-05-07 23:30:52] [I] [core] [GraphicsDevice] initialization complete
[2026-05-07 23:30:52] [I] [core] Graphics Device: Intel(R) Iris(R) Xe Graphics
    Direct Flip Support: true
    Independent Flip Support: true
    Present Allow Tearing: true
[2026-05-07 23:30:52] [I] [core] Display Output: Intel(R) Iris(R) Xe Graphics -> \\.\DISPLAY1
    Overlays Support: true
    Multi Plane Overlay:
        Support: true
        Max Planes: 3
        Max RGB Planes: 3
        Max YUV Planes: 2
        Overlay Capabilities:
            Rotation: true
            Rotation Without Independent Flip: false
            Vertical Flip: false
            Horizontal Flip: true
            Stretch RGB: true
            Stretch YUV: true
            Bilinear Filter: true
            High Filter: true
            Shared: false
            Immediate: true
            Plane 0 For Virtual Mode Only: false
            Version 3 DDI Support: true
        Max Stretch Factor: 21.00x
        Max Shrink Factor: 0.33x
    Hardware Composition:
        Fullscreen: true
        Windowed: true
        Cursor Stretched: false
[2026-05-07 23:30:52] [I] [core] [SwapChain] creating...
[2026-05-07 23:30:52] [I] [core] [SwapChain] created:
    Display Mode: 640x480
    Buffer Count: 3
    Swap Effect: FLIP_DISCARD
    Present Allow Tearing: true
    Frame Latency Waitable Object: true
[2026-05-07 23:30:52] [I] [core] [Renderer] initializing...
[2026-05-07 23:30:52] [I] [core] [Renderer] initialization complete
[2026-05-07 23:30:52] [I] [luastg] 成功创建了 0 个控制器
[2026-05-07 23:30:52] [I] [core] Display Output: Intel(R) Iris(R) Xe Graphics -> \\.\DISPLAY1
    Overlays Support: true
    Multi Plane Overlay:
        Support: true
        Max Planes: 3
        Max RGB Planes: 3
        Max YUV Planes: 2
        Overlay Capabilities:
            Rotation: true
            Rotation Without Independent Flip: false
            Vertical Flip: false
            Horizontal Flip: true
            Stretch RGB: true
            Stretch YUV: true
            Bilinear Filter: true
            High Filter: true
            Shared: false
            Immediate: true
            Plane 0 For Virtual Mode Only: false
            Version 3 DDI Support: true
        Max Stretch Factor: 21.00x
        Max Shrink Factor: 0.33x
    Hardware Composition:
        Fullscreen: true
        Windowed: true
        Cursor Stretched: false
[2026-05-07 23:30:52] [I] [core] [SwapChain] creating...
[2026-05-07 23:30:52] [I] [core] [SwapChain] created:
    Display Mode: 640x480
    Buffer Count: 3
    Swap Effect: FLIP_DISCARD
    Present Allow Tearing: true
    Frame Latency Waitable Object: true
[2026-05-07 23:30:52] [I] [luastg] loading main script
[2026-05-07 23:30:52] [I] [luastg] main script 'core.lua' loaded
[2026-05-07 23:30:52] [I] [luastg] 初始化完成
[2026-05-07 23:30:52] [I] [lua] [UnitTest] GameInit
[2026-05-07 23:30:52] [I] [lua] [UnitTest] created id=1 x=100.00 y=200.00
[2026-05-07 23:30:52] [I] Duration of initialization: 0.3549889s
[2026-05-07 23:30:52] [I] [luastg] 开始更新&渲染循环
[2026-05-07 23:30:52] [I] [lua] [UnitTest] id=1 timer=1 x=101.00 y=200.50 rot=1.00 count=1
[2026-05-07 23:30:52] [I] [lua] [UnitTest] id=1 timer=2 x=102.00 y=201.00 rot=2.00 count=1
[2026-05-07 23:30:52] [I] [lua] [UnitTest] id=1 timer=3 x=103.00 y=201.50 rot=3.00 count=1
[2026-05-07 23:30:52] [I] [lua] [UnitTest] id=1 timer=4 x=104.00 y=202.00 rot=4.00 count=1
[2026-05-07 23:30:52] [I] [lua] [UnitTest] id=1 timer=5 x=105.00 y=202.50 rot=5.00 count=1
[2026-05-07 23:30:53] [I] [lua] [UnitTest] id=1 timer=6 x=106.00 y=203.00 rot=6.00 count=1
[2026-05-07 23:30:53] [I] [lua] [UnitTest] id=1 timer=7 x=107.00 y=203.50 rot=7.00 count=1
[2026-05-07 23:30:53] [I] [lua] [UnitTest] id=1 timer=8 x=108.00 y=204.00 rot=8.00 count=1
[2026-05-07 23:30:53] [I] [lua] [UnitTest] id=1 timer=9 x=109.00 y=204.50 rot=9.00 count=1
[2026-05-07 23:30:53] [I] [lua] [UnitTest] id=1 timer=10 x=110.00 y=205.00 rot=10.00 count=1
[2026-05-07 23:30:53] [I] [lua] [UnitTest] id=1 timer=11 x=111.00 y=205.50 rot=11.00 count=1
[2026-05-07 23:30:53] [I] [lua] [UnitTest] id=1 timer=12 x=112.00 y=206.00 rot=12.00 count=1
[2026-05-07 23:30:53] [I] [lua] [UnitTest] id=1 timer=13 x=113.00 y=206.50 rot=13.00 count=1
[2026-05-07 23:30:53] [I] [lua] [UnitTest] id=1 timer=14 x=114.00 y=207.00 rot=14.00 count=1
[2026-05-07 23:30:53] [I] [lua] [UnitTest] id=1 timer=15 x=115.00 y=207.50 rot=15.00 count=1
[2026-05-07 23:30:53] [I] [lua] [UnitTest] id=1 timer=16 x=116.00 y=208.00 rot=16.00 count=1
[2026-05-07 23:30:53] [I] [lua] [UnitTest] id=1 timer=17 x=117.00 y=208.50 rot=17.00 count=1
[2026-05-07 23:30:53] [I] [lua] [UnitTest] id=1 timer=18 x=118.00 y=209.00 rot=18.00 count=1
[2026-05-07 23:30:53] [I] [lua] [UnitTest] id=1 timer=19 x=119.00 y=209.50 rot=19.00 count=1
[2026-05-07 23:30:53] [I] [lua] [UnitTest] id=1 timer=20 x=120.00 y=210.00 rot=20.00 count=1
[2026-05-07 23:30:53] [I] [lua] [UnitTest] id=1 timer=21 x=121.00 y=210.50 rot=21.00 count=1
[2026-05-07 23:30:53] [I] [lua] [UnitTest] id=1 timer=22 x=122.00 y=211.00 rot=22.00 count=1
[2026-05-07 23:30:53] [I] [lua] [UnitTest] id=1 timer=23 x=123.00 y=211.50 rot=23.00 count=1
[2026-05-07 23:30:53] [I] [lua] [UnitTest] id=1 timer=24 x=124.00 y=212.00 rot=24.00 count=1
[2026-05-07 23:30:53] [I] [lua] [UnitTest] id=1 timer=25 x=125.00 y=212.50 rot=25.00 count=1
[2026-05-07 23:30:53] [I] [lua] [UnitTest] id=1 timer=26 x=126.00 y=213.00 rot=26.00 count=1
[2026-05-07 23:30:53] [I] [lua] [UnitTest] id=1 timer=27 x=127.00 y=213.50 rot=27.00 count=1
[2026-05-07 23:30:53] [I] [lua] [UnitTest] id=1 timer=28 x=128.00 y=214.00 rot=28.00 count=1
[2026-05-07 23:30:53] [I] [lua] [UnitTest] id=1 timer=29 x=129.00 y=214.50 rot=29.00 count=1
[2026-05-07 23:30:53] [I] [lua] [UnitTest] id=1 timer=30 x=130.00 y=215.00 rot=30.00 count=1
[2026-05-07 23:30:53] [I] [lua] [UnitTest] id=1 timer=31 x=131.00 y=215.50 rot=31.00 count=1
[2026-05-07 23:30:53] [I] [lua] [UnitTest] id=1 timer=32 x=132.00 y=216.00 rot=32.00 count=1
[2026-05-07 23:30:53] [I] [lua] [UnitTest] id=1 timer=33 x=133.00 y=216.50 rot=33.00 count=1
[2026-05-07 23:30:53] [I] [lua] [UnitTest] id=1 timer=34 x=134.00 y=217.00 rot=34.00 count=1
[2026-05-07 23:30:53] [I] [lua] [UnitTest] id=1 timer=35 x=135.00 y=217.50 rot=35.00 count=1
[2026-05-07 23:30:53] [I] [lua] [UnitTest] id=1 timer=36 x=136.00 y=218.00 rot=36.00 count=1
[2026-05-07 23:30:53] [I] [lua] [UnitTest] id=1 timer=37 x=137.00 y=218.50 rot=37.00 count=1
[2026-05-07 23:30:53] [I] [lua] [UnitTest] id=1 timer=38 x=138.00 y=219.00 rot=38.00 count=1
[2026-05-07 23:30:53] [I] [lua] [UnitTest] id=1 timer=39 x=139.00 y=219.50 rot=39.00 count=1
[2026-05-07 23:30:53] [I] [lua] [UnitTest] id=1 timer=40 x=140.00 y=220.00 rot=40.00 count=1
[2026-05-07 23:30:53] [I] [lua] [UnitTest] id=1 timer=41 x=141.00 y=220.50 rot=41.00 count=1
[2026-05-07 23:30:53] [I] [lua] [UnitTest] id=1 timer=42 x=142.00 y=221.00 rot=42.00 count=1
[2026-05-07 23:30:53] [I] [lua] [UnitTest] id=1 timer=43 x=143.00 y=221.50 rot=43.00 count=1
[2026-05-07 23:30:53] [I] [lua] [UnitTest] id=1 timer=44 x=144.00 y=222.00 rot=44.00 count=1
[2026-05-07 23:30:53] [I] [lua] [UnitTest] id=1 timer=45 x=145.00 y=222.50 rot=45.00 count=1
[2026-05-07 23:30:53] [I] [lua] [UnitTest] id=1 timer=46 x=146.00 y=223.00 rot=46.00 count=1
[2026-05-07 23:30:53] [I] [lua] [UnitTest] id=1 timer=47 x=147.00 y=223.50 rot=47.00 count=1
[2026-05-07 23:30:53] [I] [lua] [UnitTest] id=1 timer=48 x=148.00 y=224.00 rot=48.00 count=1
[2026-05-07 23:30:53] [I] [lua] [UnitTest] id=1 timer=49 x=149.00 y=224.50 rot=49.00 count=1
[2026-05-07 23:30:53] [I] [lua] [UnitTest] id=1 timer=50 x=150.00 y=225.00 rot=50.00 count=1
[2026-05-07 23:30:53] [I] [lua] [UnitTest] id=1 timer=51 x=151.00 y=225.50 rot=51.00 count=1
[2026-05-07 23:30:53] [I] [lua] [UnitTest] id=1 timer=52 x=152.00 y=226.00 rot=52.00 count=1
[2026-05-07 23:30:53] [I] [lua] [UnitTest] id=1 timer=53 x=153.00 y=226.50 rot=53.00 count=1
[2026-05-07 23:30:53] [I] [lua] [UnitTest] id=1 timer=54 x=154.00 y=227.00 rot=54.00 count=1
[2026-05-07 23:30:53] [I] [lua] [UnitTest] id=1 timer=55 x=155.00 y=227.50 rot=55.00 count=1
[2026-05-07 23:30:53] [I] [lua] [UnitTest] id=1 timer=56 x=156.00 y=228.00 rot=56.00 count=1
[2026-05-07 23:30:53] [I] [lua] [UnitTest] id=1 timer=57 x=157.00 y=228.50 rot=57.00 count=1
[2026-05-07 23:30:53] [I] [lua] [UnitTest] id=1 timer=58 x=158.00 y=229.00 rot=58.00 count=1
[2026-05-07 23:30:53] [I] [lua] [UnitTest] id=1 timer=59 x=159.00 y=229.50 rot=59.00 count=1
[2026-05-07 23:30:53] [I] [lua] [UnitTest] id=1 timer=60 x=160.00 y=230.00 rot=60.00 count=1
[2026-05-07 23:30:53] [I] [lua] [UnitTest] id=1 timer=61 x=161.00 y=230.50 rot=61.00 count=1
[2026-05-07 23:30:53] [I] [lua] [UnitTest] id=1 timer=62 x=162.00 y=231.00 rot=62.00 count=1
[2026-05-07 23:30:53] [I] [lua] [UnitTest] id=1 timer=63 x=163.00 y=231.50 rot=63.00 count=1
[2026-05-07 23:30:53] [I] [lua] [UnitTest] id=1 timer=64 x=164.00 y=232.00 rot=64.00 count=1
[2026-05-07 23:30:53] [I] [lua] [UnitTest] id=1 timer=65 x=165.00 y=232.50 rot=65.00 count=1
[2026-05-07 23:30:54] [I] [lua] [UnitTest] id=1 timer=66 x=166.00 y=233.00 rot=66.00 count=1
[2026-05-07 23:30:54] [I] [lua] [UnitTest] id=1 timer=67 x=167.00 y=233.50 rot=67.00 count=1
[2026-05-07 23:30:54] [I] [lua] [UnitTest] id=1 timer=68 x=168.00 y=234.00 rot=68.00 count=1
[2026-05-07 23:30:54] [I] [lua] [UnitTest] id=1 timer=69 x=169.00 y=234.50 rot=69.00 count=1
[2026-05-07 23:30:54] [I] [lua] [UnitTest] id=1 timer=70 x=170.00 y=235.00 rot=70.00 count=1
[2026-05-07 23:30:54] [I] [lua] [UnitTest] id=1 timer=71 x=171.00 y=235.50 rot=71.00 count=1
[2026-05-07 23:30:54] [I] [lua] [UnitTest] id=1 timer=72 x=172.00 y=236.00 rot=72.00 count=1
[2026-05-07 23:30:54] [I] [lua] [UnitTest] id=1 timer=73 x=173.00 y=236.50 rot=73.00 count=1
[2026-05-07 23:30:54] [I] [lua] [UnitTest] id=1 timer=74 x=174.00 y=237.00 rot=74.00 count=1
[2026-05-07 23:30:54] [I] [lua] [UnitTest] id=1 timer=75 x=175.00 y=237.50 rot=75.00 count=1
[2026-05-07 23:30:54] [I] [lua] [UnitTest] id=1 timer=76 x=176.00 y=238.00 rot=76.00 count=1
[2026-05-07 23:30:54] [I] [lua] [UnitTest] id=1 timer=77 x=177.00 y=238.50 rot=77.00 count=1
[2026-05-07 23:30:54] [I] [lua] [UnitTest] id=1 timer=78 x=178.00 y=239.00 rot=78.00 count=1
[2026-05-07 23:30:54] [I] [lua] [UnitTest] id=1 timer=79 x=179.00 y=239.50 rot=79.00 count=1
[2026-05-07 23:30:54] [I] [lua] [UnitTest] id=1 timer=80 x=180.00 y=240.00 rot=80.00 count=1
[2026-05-07 23:30:54] [I] [lua] [UnitTest] id=1 timer=81 x=181.00 y=240.50 rot=81.00 count=1
[2026-05-07 23:30:54] [I] [lua] [UnitTest] id=1 timer=82 x=182.00 y=241.00 rot=82.00 count=1
[2026-05-07 23:30:54] [I] [lua] [UnitTest] id=1 timer=83 x=183.00 y=241.50 rot=83.00 count=1
[2026-05-07 23:30:54] [I] [lua] [UnitTest] id=1 timer=84 x=184.00 y=242.00 rot=84.00 count=1
[2026-05-07 23:30:54] [I] [lua] [UnitTest] id=1 timer=85 x=185.00 y=242.50 rot=85.00 count=1
[2026-05-07 23:30:54] [I] [lua] [UnitTest] id=1 timer=86 x=186.00 y=243.00 rot=86.00 count=1
[2026-05-07 23:30:54] [I] [lua] [UnitTest] id=1 timer=87 x=187.00 y=243.50 rot=87.00 count=1
[2026-05-07 23:30:54] [I] [lua] [UnitTest] id=1 timer=88 x=188.00 y=244.00 rot=88.00 count=1
[2026-05-07 23:30:54] [I] [lua] [UnitTest] id=1 timer=89 x=189.00 y=244.50 rot=89.00 count=1
[2026-05-07 23:30:54] [I] [lua] [UnitTest] id=1 timer=90 x=190.00 y=245.00 rot=90.00 count=1
[2026-05-07 23:30:54] [I] [lua] [UnitTest] id=1 timer=91 x=191.00 y=245.50 rot=91.00 count=1
[2026-05-07 23:30:54] [I] [lua] [UnitTest] id=1 timer=92 x=192.00 y=246.00 rot=92.00 count=1
[2026-05-07 23:30:54] [I] [lua] [UnitTest] id=1 timer=93 x=193.00 y=246.50 rot=93.00 count=1
[2026-05-07 23:30:54] [I] [lua] [UnitTest] id=1 timer=94 x=194.00 y=247.00 rot=94.00 count=1
[2026-05-07 23:30:54] [I] [lua] [UnitTest] id=1 timer=95 x=195.00 y=247.50 rot=95.00 count=1
[2026-05-07 23:30:54] [I] [lua] [UnitTest] id=1 timer=96 x=196.00 y=248.00 rot=96.00 count=1
[2026-05-07 23:30:54] [I] [lua] [UnitTest] id=1 timer=97 x=197.00 y=248.50 rot=97.00 count=1
[2026-05-07 23:30:54] [I] [lua] [UnitTest] id=1 timer=98 x=198.00 y=249.00 rot=98.00 count=1
[2026-05-07 23:30:54] [I] [lua] [UnitTest] id=1 timer=99 x=199.00 y=249.50 rot=99.00 count=1
[2026-05-07 23:30:54] [I] [lua] [UnitTest] id=1 timer=100 x=200.00 y=250.00 rot=100.00 count=1
[2026-05-07 23:30:54] [I] [lua] [UnitTest] id=1 timer=101 x=201.00 y=250.50 rot=101.00 count=1
[2026-05-07 23:30:54] [I] [lua] [UnitTest] id=1 timer=102 x=202.00 y=251.00 rot=102.00 count=1
[2026-05-07 23:30:54] [I] [lua] [UnitTest] id=1 timer=103 x=203.00 y=251.50 rot=103.00 count=1
[2026-05-07 23:30:54] [I] [lua] [UnitTest] id=1 timer=104 x=204.00 y=252.00 rot=104.00 count=1
[2026-05-07 23:30:54] [I] [lua] [UnitTest] id=1 timer=105 x=205.00 y=252.50 rot=105.00 count=1
[2026-05-07 23:30:54] [I] [lua] [UnitTest] id=1 timer=106 x=206.00 y=253.00 rot=106.00 count=1
[2026-05-07 23:30:54] [I] [lua] [UnitTest] id=1 timer=107 x=207.00 y=253.50 rot=107.00 count=1
[2026-05-07 23:30:54] [I] [lua] [UnitTest] id=1 timer=108 x=208.00 y=254.00 rot=108.00 count=1
[2026-05-07 23:30:54] [I] [lua] [UnitTest] id=1 timer=109 x=209.00 y=254.50 rot=109.00 count=1
[2026-05-07 23:30:54] [I] [lua] [UnitTest] id=1 timer=110 x=210.00 y=255.00 rot=110.00 count=1
[2026-05-07 23:30:54] [I] [lua] [UnitTest] id=1 timer=111 x=211.00 y=255.50 rot=111.00 count=1
[2026-05-07 23:30:55] [I] [lua] [UnitTest] id=1 timer=112 x=212.00 y=256.00 rot=112.00 count=1
[2026-05-07 23:30:55] [I] [lua] [UnitTest] id=1 timer=113 x=213.00 y=256.50 rot=113.00 count=1
[2026-05-07 23:30:55] [I] [lua] [UnitTest] id=1 timer=114 x=214.00 y=257.00 rot=114.00 count=1
[2026-05-07 23:30:55] [I] [lua] [UnitTest] id=1 timer=115 x=215.00 y=257.50 rot=115.00 count=1
[2026-05-07 23:30:55] [I] [lua] [UnitTest] id=1 timer=116 x=216.00 y=258.00 rot=116.00 count=1
[2026-05-07 23:30:55] [I] [lua] [UnitTest] id=1 timer=117 x=217.00 y=258.50 rot=117.00 count=1
[2026-05-07 23:30:55] [I] [lua] [UnitTest] id=1 timer=118 x=218.00 y=259.00 rot=118.00 count=1
[2026-05-07 23:30:55] [I] [lua] [UnitTest] id=1 timer=119 x=219.00 y=259.50 rot=119.00 count=1
[2026-05-07 23:30:55] [I] [lua] [UnitTest] id=1 timer=120 x=220.00 y=260.00 rot=120.00 count=1
[2026-05-07 23:30:55] [I] [lua] [UnitTest] id=1 timer=121 x=221.00 y=260.50 rot=121.00 count=1
[2026-05-07 23:30:55] [I] [lua] [UnitTest] id=1 timer=122 x=222.00 y=261.00 rot=122.00 count=1
[2026-05-07 23:30:55] [I] [lua] [UnitTest] id=1 timer=123 x=223.00 y=261.50 rot=123.00 count=1
[2026-05-07 23:30:55] [I] [lua] [UnitTest] id=1 timer=124 x=224.00 y=262.00 rot=124.00 count=1
[2026-05-07 23:30:55] [I] [lua] [UnitTest] id=1 timer=125 x=225.00 y=262.50 rot=125.00 count=1
[2026-05-07 23:30:55] [I] [lua] [UnitTest] id=1 timer=126 x=226.00 y=263.00 rot=126.00 count=1
[2026-05-07 23:30:55] [I] [lua] [UnitTest] id=1 timer=127 x=227.00 y=263.50 rot=127.00 count=1
[2026-05-07 23:30:55] [I] [lua] [UnitTest] id=1 timer=128 x=228.00 y=264.00 rot=128.00 count=1
[2026-05-07 23:30:55] [I] [lua] [UnitTest] id=1 timer=129 x=229.00 y=264.50 rot=129.00 count=1
[2026-05-07 23:30:55] [I] [lua] [UnitTest] id=1 timer=130 x=230.00 y=265.00 rot=130.00 count=1
[2026-05-07 23:30:55] [I] [lua] [UnitTest] id=1 timer=131 x=231.00 y=265.50 rot=131.00 count=1
[2026-05-07 23:30:55] [I] [lua] [UnitTest] id=1 timer=132 x=232.00 y=266.00 rot=132.00 count=1
[2026-05-07 23:30:55] [I] [lua] [UnitTest] id=1 timer=133 x=233.00 y=266.50 rot=133.00 count=1
[2026-05-07 23:30:55] [I] [lua] [UnitTest] id=1 timer=134 x=234.00 y=267.00 rot=134.00 count=1
[2026-05-07 23:30:55] [I] [lua] [UnitTest] id=1 timer=135 x=235.00 y=267.50 rot=135.00 count=1
[2026-05-07 23:30:55] [I] [lua] [UnitTest] id=1 timer=136 x=236.00 y=268.00 rot=136.00 count=1
[2026-05-07 23:30:55] [I] [lua] [UnitTest] id=1 timer=137 x=237.00 y=268.50 rot=137.00 count=1
[2026-05-07 23:30:55] [I] [lua] [UnitTest] id=1 timer=138 x=238.00 y=269.00 rot=138.00 count=1
[2026-05-07 23:30:55] [I] [lua] [UnitTest] id=1 timer=139 x=239.00 y=269.50 rot=139.00 count=1
[2026-05-07 23:30:55] [I] [lua] [UnitTest] id=1 timer=140 x=240.00 y=270.00 rot=140.00 count=1
[2026-05-07 23:30:55] [I] [lua] [UnitTest] id=1 timer=141 x=241.00 y=270.50 rot=141.00 count=1
[2026-05-07 23:30:55] [I] [lua] [UnitTest] id=1 timer=142 x=242.00 y=271.00 rot=142.00 count=1
[2026-05-07 23:30:55] [I] [lua] [UnitTest] id=1 timer=143 x=243.00 y=271.50 rot=143.00 count=1
[2026-05-07 23:30:55] [I] [lua] [UnitTest] id=1 timer=144 x=244.00 y=272.00 rot=144.00 count=1
[2026-05-07 23:30:55] [I] [lua] [UnitTest] id=1 timer=145 x=245.00 y=272.50 rot=145.00 count=1
[2026-05-07 23:30:55] [I] [lua] [UnitTest] id=1 timer=146 x=246.00 y=273.00 rot=146.00 count=1
[2026-05-07 23:30:55] [I] [lua] [UnitTest] id=1 timer=147 x=247.00 y=273.50 rot=147.00 count=1
[2026-05-07 23:30:55] [I] [lua] [UnitTest] id=1 timer=148 x=248.00 y=274.00 rot=148.00 count=1
[2026-05-07 23:30:55] [I] [lua] [UnitTest] id=1 timer=149 x=249.00 y=274.50 rot=149.00 count=1
[2026-05-07 23:30:55] [I] [lua] [UnitTest] id=1 timer=150 x=250.00 y=275.00 rot=150.00 count=1
[2026-05-07 23:30:55] [I] [lua] [UnitTest] id=1 timer=151 x=251.00 y=275.50 rot=151.00 count=1
[2026-05-07 23:30:55] [I] [lua] [UnitTest] id=1 timer=152 x=252.00 y=276.00 rot=152.00 count=1
[2026-05-07 23:30:55] [I] [lua] [UnitTest] id=1 timer=153 x=253.00 y=276.50 rot=153.00 count=1
[2026-05-07 23:30:55] [I] [lua] [UnitTest] id=1 timer=154 x=254.00 y=277.00 rot=154.00 count=1
[2026-05-07 23:30:55] [I] [lua] [UnitTest] id=1 timer=155 x=255.00 y=277.50 rot=155.00 count=1
[2026-05-07 23:30:55] [I] [lua] [UnitTest] id=1 timer=156 x=256.00 y=278.00 rot=156.00 count=1
[2026-05-07 23:30:55] [I] [lua] [UnitTest] id=1 timer=157 x=257.00 y=278.50 rot=157.00 count=1
[2026-05-07 23:30:55] [I] [lua] [UnitTest] id=1 timer=158 x=258.00 y=279.00 rot=158.00 count=1
[2026-05-07 23:30:55] [I] [lua] [UnitTest] id=1 timer=159 x=259.00 y=279.50 rot=159.00 count=1
[2026-05-07 23:30:55] [I] [lua] [UnitTest] id=1 timer=160 x=260.00 y=280.00 rot=160.00 count=1
[2026-05-07 23:30:55] [I] [lua] [UnitTest] id=1 timer=161 x=261.00 y=280.50 rot=161.00 count=1
[2026-05-07 23:30:55] [I] [lua] [UnitTest] id=1 timer=162 x=262.00 y=281.00 rot=162.00 count=1
[2026-05-07 23:30:55] [I] [lua] [UnitTest] id=1 timer=163 x=263.00 y=281.50 rot=163.00 count=1
[2026-05-07 23:30:55] [I] [lua] [UnitTest] id=1 timer=164 x=264.00 y=282.00 rot=164.00 count=1
[2026-05-07 23:30:55] [I] [lua] [UnitTest] id=1 timer=165 x=265.00 y=282.50 rot=165.00 count=1
[2026-05-07 23:30:55] [I] [lua] [UnitTest] id=1 timer=166 x=266.00 y=283.00 rot=166.00 count=1
[2026-05-07 23:30:55] [I] [lua] [UnitTest] id=1 timer=167 x=267.00 y=283.50 rot=167.00 count=1
[2026-05-07 23:30:55] [I] [lua] [UnitTest] id=1 timer=168 x=268.00 y=284.00 rot=168.00 count=1
[2026-05-07 23:30:55] [I] [lua] [UnitTest] id=1 timer=169 x=269.00 y=284.50 rot=169.00 count=1
[2026-05-07 23:30:55] [I] [lua] [UnitTest] id=1 timer=170 x=270.00 y=285.00 rot=170.00 count=1
[2026-05-07 23:30:55] [I] [lua] [UnitTest] id=1 timer=171 x=271.00 y=285.50 rot=171.00 count=1
[2026-05-07 23:30:56] [I] [lua] [UnitTest] id=1 timer=172 x=272.00 y=286.00 rot=172.00 count=1
[2026-05-07 23:30:56] [I] [lua] [UnitTest] id=1 timer=173 x=273.00 y=286.50 rot=173.00 count=1
[2026-05-07 23:30:56] [I] [lua] [UnitTest] id=1 timer=174 x=274.00 y=287.00 rot=174.00 count=1
[2026-05-07 23:30:56] [I] [lua] [UnitTest] id=1 timer=175 x=275.00 y=287.50 rot=175.00 count=1
[2026-05-07 23:30:56] [I] [lua] [UnitTest] id=1 timer=176 x=276.00 y=288.00 rot=176.00 count=1
[2026-05-07 23:30:56] [I] [lua] [UnitTest] id=1 timer=177 x=277.00 y=288.50 rot=177.00 count=1
[2026-05-07 23:30:56] [I] [lua] [UnitTest] id=1 timer=178 x=278.00 y=289.00 rot=178.00 count=1
[2026-05-07 23:30:56] [I] [lua] [UnitTest] id=1 timer=179 x=279.00 y=289.50 rot=179.00 count=1
[2026-05-07 23:30:56] [I] [lua] [UnitTest] id=1 timer=180 x=280.00 y=290.00 rot=180.00 count=1
[2026-05-07 23:30:56] [I] [lua] [UnitTest] id=1 timer=181 x=281.00 y=290.50 rot=181.00 count=1
[2026-05-07 23:30:56] [I] [lua] [UnitTest] id=1 timer=182 x=282.00 y=291.00 rot=182.00 count=1
[2026-05-07 23:30:56] [I] [lua] [UnitTest] id=1 timer=183 x=283.00 y=291.50 rot=183.00 count=1
[2026-05-07 23:30:56] [I] [lua] [UnitTest] id=1 timer=184 x=284.00 y=292.00 rot=184.00 count=1
[2026-05-07 23:30:56] [I] [lua] [UnitTest] id=1 timer=185 x=285.00 y=292.50 rot=185.00 count=1
[2026-05-07 23:30:56] [I] [lua] [UnitTest] id=1 timer=186 x=286.00 y=293.00 rot=186.00 count=1
[2026-05-07 23:30:56] [I] [lua] [UnitTest] id=1 timer=187 x=287.00 y=293.50 rot=187.00 count=1
[2026-05-07 23:30:56] [I] [lua] [UnitTest] id=1 timer=188 x=288.00 y=294.00 rot=188.00 count=1
[2026-05-07 23:30:56] [I] [lua] [UnitTest] id=1 timer=189 x=289.00 y=294.50 rot=189.00 count=1
[2026-05-07 23:30:56] [I] [lua] [UnitTest] id=1 timer=190 x=290.00 y=295.00 rot=190.00 count=1
[2026-05-07 23:30:56] [I] [lua] [UnitTest] id=1 timer=191 x=291.00 y=295.50 rot=191.00 count=1
[2026-05-07 23:30:56] [I] [lua] [UnitTest] id=1 timer=192 x=292.00 y=296.00 rot=192.00 count=1
[2026-05-07 23:30:56] [I] [lua] [UnitTest] id=1 timer=193 x=293.00 y=296.50 rot=193.00 count=1
[2026-05-07 23:30:56] [I] [lua] [UnitTest] id=1 timer=194 x=294.00 y=297.00 rot=194.00 count=1
[2026-05-07 23:30:56] [I] [lua] [UnitTest] id=1 timer=195 x=295.00 y=297.50 rot=195.00 count=1
[2026-05-07 23:30:56] [I] [lua] [UnitTest] id=1 timer=196 x=296.00 y=298.00 rot=196.00 count=1
[2026-05-07 23:30:56] [I] [lua] [UnitTest] id=1 timer=197 x=297.00 y=298.50 rot=197.00 count=1
[2026-05-07 23:30:56] [I] [lua] [UnitTest] id=1 timer=198 x=298.00 y=299.00 rot=198.00 count=1
[2026-05-07 23:30:56] [I] [lua] [UnitTest] id=1 timer=199 x=299.00 y=299.50 rot=199.00 count=1
[2026-05-07 23:30:56] [I] [lua] [UnitTest] id=1 timer=200 x=300.00 y=300.00 rot=200.00 count=1
[2026-05-07 23:30:56] [I] [lua] [UnitTest] id=1 timer=201 x=301.00 y=300.50 rot=201.00 count=1
[2026-05-07 23:30:56] [I] [lua] [UnitTest] id=1 timer=202 x=302.00 y=301.00 rot=202.00 count=1
[2026-05-07 23:30:56] [I] [lua] [UnitTest] id=1 timer=203 x=303.00 y=301.50 rot=203.00 count=1
[2026-05-07 23:30:56] [I] [lua] [UnitTest] id=1 timer=204 x=304.00 y=302.00 rot=204.00 count=1
[2026-05-07 23:30:56] [I] [lua] [UnitTest] id=1 timer=205 x=305.00 y=302.50 rot=205.00 count=1
[2026-05-07 23:30:56] [I] [lua] [UnitTest] id=1 timer=206 x=306.00 y=303.00 rot=206.00 count=1
[2026-05-07 23:30:56] [I] [lua] [UnitTest] id=1 timer=207 x=307.00 y=303.50 rot=207.00 count=1
[2026-05-07 23:30:56] [I] [lua] [UnitTest] id=1 timer=208 x=308.00 y=304.00 rot=208.00 count=1
[2026-05-07 23:30:56] [I] [lua] [UnitTest] id=1 timer=209 x=309.00 y=304.50 rot=209.00 count=1
[2026-05-07 23:30:56] [I] [lua] [UnitTest] id=1 timer=210 x=310.00 y=305.00 rot=210.00 count=1
[2026-05-07 23:30:56] [I] [lua] [UnitTest] id=1 timer=211 x=311.00 y=305.50 rot=211.00 count=1
[2026-05-07 23:30:56] [I] [lua] [UnitTest] id=1 timer=212 x=312.00 y=306.00 rot=212.00 count=1
[2026-05-07 23:30:56] [I] [lua] [UnitTest] id=1 timer=213 x=313.00 y=306.50 rot=213.00 count=1
[2026-05-07 23:30:56] [I] [lua] [UnitTest] id=1 timer=214 x=314.00 y=307.00 rot=214.00 count=1
[2026-05-07 23:30:56] [I] [lua] [UnitTest] id=1 timer=215 x=315.00 y=307.50 rot=215.00 count=1
[2026-05-07 23:30:56] [I] [lua] [UnitTest] id=1 timer=216 x=316.00 y=308.00 rot=216.00 count=1
[2026-05-07 23:30:56] [I] [lua] [UnitTest] id=1 timer=217 x=317.00 y=308.50 rot=217.00 count=1
[2026-05-07 23:30:56] [I] [lua] [UnitTest] id=1 timer=218 x=318.00 y=309.00 rot=218.00 count=1
[2026-05-07 23:30:56] [I] [lua] [UnitTest] id=1 timer=219 x=319.00 y=309.50 rot=219.00 count=1
[2026-05-07 23:30:56] [I] [lua] [UnitTest] id=1 timer=220 x=320.00 y=310.00 rot=220.00 count=1
[2026-05-07 23:30:56] [I] [lua] [UnitTest] id=1 timer=221 x=321.00 y=310.50 rot=221.00 count=1
[2026-05-07 23:30:56] [I] [lua] [UnitTest] id=1 timer=222 x=322.00 y=311.00 rot=222.00 count=1
[2026-05-07 23:30:56] [I] [lua] [UnitTest] id=1 timer=223 x=323.00 y=311.50 rot=223.00 count=1
[2026-05-07 23:30:56] [I] [lua] [UnitTest] id=1 timer=224 x=324.00 y=312.00 rot=224.00 count=1
[2026-05-07 23:30:56] [I] [lua] [UnitTest] id=1 timer=225 x=325.00 y=312.50 rot=225.00 count=1
[2026-05-07 23:30:56] [I] [lua] [UnitTest] id=1 timer=226 x=326.00 y=313.00 rot=226.00 count=1
[2026-05-07 23:30:56] [I] [lua] [UnitTest] id=1 timer=227 x=327.00 y=313.50 rot=227.00 count=1
[2026-05-07 23:30:56] [I] [lua] [UnitTest] id=1 timer=228 x=328.00 y=314.00 rot=228.00 count=1
[2026-05-07 23:30:56] [I] [lua] [UnitTest] id=1 timer=229 x=329.00 y=314.50 rot=229.00 count=1
[2026-05-07 23:30:56] [I] [lua] [UnitTest] id=1 timer=230 x=330.00 y=315.00 rot=230.00 count=1
[2026-05-07 23:30:56] [I] [lua] [UnitTest] id=1 timer=231 x=331.00 y=315.50 rot=231.00 count=1
[2026-05-07 23:30:57] [I] [lua] [UnitTest] id=1 timer=232 x=332.00 y=316.00 rot=232.00 count=1
[2026-05-07 23:30:57] [I] [lua] [UnitTest] id=1 timer=233 x=333.00 y=316.50 rot=233.00 count=1
[2026-05-07 23:30:57] [I] [lua] [UnitTest] id=1 timer=234 x=334.00 y=317.00 rot=234.00 count=1
[2026-05-07 23:30:57] [I] [lua] [UnitTest] id=1 timer=235 x=335.00 y=317.50 rot=235.00 count=1
[2026-05-07 23:30:57] [I] [lua] [UnitTest] id=1 timer=236 x=336.00 y=318.00 rot=236.00 count=1
[2026-05-07 23:30:57] [I] [lua] [UnitTest] id=1 timer=237 x=337.00 y=318.50 rot=237.00 count=1
[2026-05-07 23:30:57] [I] [lua] [UnitTest] id=1 timer=238 x=338.00 y=319.00 rot=238.00 count=1
[2026-05-07 23:30:57] [I] [lua] [UnitTest] id=1 timer=239 x=339.00 y=319.50 rot=239.00 count=1
[2026-05-07 23:30:57] [I] [lua] [UnitTest] id=1 timer=240 x=340.00 y=320.00 rot=240.00 count=1
[2026-05-07 23:30:57] [I] [lua] [UnitTest] id=1 timer=241 x=341.00 y=320.50 rot=241.00 count=1
[2026-05-07 23:30:57] [I] [lua] [UnitTest] id=1 timer=242 x=342.00 y=321.00 rot=242.00 count=1
[2026-05-07 23:30:57] [I] [lua] [UnitTest] id=1 timer=243 x=343.00 y=321.50 rot=243.00 count=1
[2026-05-07 23:30:57] [I] [lua] [UnitTest] id=1 timer=244 x=344.00 y=322.00 rot=244.00 count=1
[2026-05-07 23:30:57] [I] [lua] [UnitTest] id=1 timer=245 x=345.00 y=322.50 rot=245.00 count=1
[2026-05-07 23:30:57] [I] [lua] [UnitTest] id=1 timer=246 x=346.00 y=323.00 rot=246.00 count=1
[2026-05-07 23:30:57] [I] [lua] [UnitTest] id=1 timer=247 x=347.00 y=323.50 rot=247.00 count=1
[2026-05-07 23:30:57] [I] [lua] [UnitTest] id=1 timer=248 x=348.00 y=324.00 rot=248.00 count=1
[2026-05-07 23:30:57] [I] [lua] [UnitTest] id=1 timer=249 x=349.00 y=324.50 rot=249.00 count=1
[2026-05-07 23:30:57] [I] [lua] [UnitTest] id=1 timer=250 x=350.00 y=325.00 rot=250.00 count=1
[2026-05-07 23:30:57] [I] [lua] [UnitTest] id=1 timer=251 x=351.00 y=325.50 rot=251.00 count=1
[2026-05-07 23:30:57] [I] [lua] [UnitTest] id=1 timer=252 x=352.00 y=326.00 rot=252.00 count=1
[2026-05-07 23:30:57] [I] [lua] [UnitTest] id=1 timer=253 x=353.00 y=326.50 rot=253.00 count=1
[2026-05-07 23:30:57] [I] [lua] [UnitTest] id=1 timer=254 x=354.00 y=327.00 rot=254.00 count=1
[2026-05-07 23:30:57] [I] [lua] [UnitTest] id=1 timer=255 x=355.00 y=327.50 rot=255.00 count=1
[2026-05-07 23:30:57] [I] [lua] [UnitTest] id=1 timer=256 x=356.00 y=328.00 rot=256.00 count=1
[2026-05-07 23:30:57] [I] [lua] [UnitTest] id=1 timer=257 x=357.00 y=328.50 rot=257.00 count=1
[2026-05-07 23:30:57] [I] [lua] [UnitTest] id=1 timer=258 x=358.00 y=329.00 rot=258.00 count=1
[2026-05-07 23:30:57] [I] [lua] [UnitTest] id=1 timer=259 x=359.00 y=329.50 rot=259.00 count=1
[2026-05-07 23:30:57] [I] [lua] [UnitTest] id=1 timer=260 x=360.00 y=330.00 rot=260.00 count=1
[2026-05-07 23:30:57] [I] [lua] [UnitTest] id=1 timer=261 x=361.00 y=330.50 rot=261.00 count=1
[2026-05-07 23:30:57] [I] [lua] [UnitTest] id=1 timer=262 x=362.00 y=331.00 rot=262.00 count=1
[2026-05-07 23:30:57] [I] [lua] [UnitTest] id=1 timer=263 x=363.00 y=331.50 rot=263.00 count=1
[2026-05-07 23:30:57] [I] [lua] [UnitTest] id=1 timer=264 x=364.00 y=332.00 rot=264.00 count=1
[2026-05-07 23:30:57] [I] [lua] [UnitTest] id=1 timer=265 x=365.00 y=332.50 rot=265.00 count=1
[2026-05-07 23:30:57] [I] [lua] [UnitTest] id=1 timer=266 x=366.00 y=333.00 rot=266.00 count=1
[2026-05-07 23:30:57] [I] [lua] [UnitTest] id=1 timer=267 x=367.00 y=333.50 rot=267.00 count=1
[2026-05-07 23:30:57] [I] [lua] [UnitTest] id=1 timer=268 x=368.00 y=334.00 rot=268.00 count=1
[2026-05-07 23:30:57] [I] [lua] [UnitTest] id=1 timer=269 x=369.00 y=334.50 rot=269.00 count=1
[2026-05-07 23:30:57] [I] [lua] [UnitTest] id=1 timer=270 x=370.00 y=335.00 rot=270.00 count=1
[2026-05-07 23:30:57] [I] [lua] [UnitTest] id=1 timer=271 x=371.00 y=335.50 rot=271.00 count=1
[2026-05-07 23:30:57] [I] [lua] [UnitTest] id=1 timer=272 x=372.00 y=336.00 rot=272.00 count=1
[2026-05-07 23:30:57] [I] [lua] [UnitTest] id=1 timer=273 x=373.00 y=336.50 rot=273.00 count=1
[2026-05-07 23:30:57] [I] [lua] [UnitTest] id=1 timer=274 x=374.00 y=337.00 rot=274.00 count=1
[2026-05-07 23:30:57] [I] [lua] [UnitTest] id=1 timer=275 x=375.00 y=337.50 rot=275.00 count=1
[2026-05-07 23:30:57] [I] [lua] [UnitTest] id=1 timer=276 x=376.00 y=338.00 rot=276.00 count=1
[2026-05-07 23:30:57] [I] [lua] [UnitTest] id=1 timer=277 x=377.00 y=338.50 rot=277.00 count=1
[2026-05-07 23:30:57] [I] [lua] [UnitTest] id=1 timer=278 x=378.00 y=339.00 rot=278.00 count=1
[2026-05-07 23:30:57] [I] [lua] [UnitTest] id=1 timer=279 x=379.00 y=339.50 rot=279.00 count=1
[2026-05-07 23:30:57] [I] [lua] [UnitTest] id=1 timer=280 x=380.00 y=340.00 rot=280.00 count=1
[2026-05-07 23:30:57] [I] [lua] [UnitTest] id=1 timer=281 x=381.00 y=340.50 rot=281.00 count=1
[2026-05-07 23:30:57] [I] [lua] [UnitTest] id=1 timer=282 x=382.00 y=341.00 rot=282.00 count=1
[2026-05-07 23:30:57] [I] [lua] [UnitTest] id=1 timer=283 x=383.00 y=341.50 rot=283.00 count=1
[2026-05-07 23:30:57] [I] [lua] [UnitTest] id=1 timer=284 x=384.00 y=342.00 rot=284.00 count=1
[2026-05-07 23:30:57] [I] [lua] [UnitTest] id=1 timer=285 x=385.00 y=342.50 rot=285.00 count=1
[2026-05-07 23:30:57] [I] [lua] [UnitTest] id=1 timer=286 x=386.00 y=343.00 rot=286.00 count=1
[2026-05-07 23:30:57] [I] [lua] [UnitTest] id=1 timer=287 x=387.00 y=343.50 rot=287.00 count=1
[2026-05-07 23:30:57] [I] [lua] [UnitTest] id=1 timer=288 x=388.00 y=344.00 rot=288.00 count=1
[2026-05-07 23:30:57] [I] [lua] [UnitTest] id=1 timer=289 x=389.00 y=344.50 rot=289.00 count=1
[2026-05-07 23:30:57] [I] [lua] [UnitTest] id=1 timer=290 x=390.00 y=345.00 rot=290.00 count=1
[2026-05-07 23:30:57] [I] [lua] [UnitTest] id=1 timer=291 x=391.00 y=345.50 rot=291.00 count=1
[2026-05-07 23:30:58] [I] [lua] [UnitTest] id=1 timer=292 x=392.00 y=346.00 rot=292.00 count=1
[2026-05-07 23:30:58] [I] [lua] [UnitTest] id=1 timer=293 x=393.00 y=346.50 rot=293.00 count=1
[2026-05-07 23:30:58] [I] [lua] [UnitTest] id=1 timer=294 x=394.00 y=347.00 rot=294.00 count=1
[2026-05-07 23:30:58] [I] [lua] [UnitTest] id=1 timer=295 x=395.00 y=347.50 rot=295.00 count=1
[2026-05-07 23:30:58] [I] [lua] [UnitTest] id=1 timer=296 x=396.00 y=348.00 rot=296.00 count=1
[2026-05-07 23:30:58] [I] [lua] [UnitTest] id=1 timer=297 x=397.00 y=348.50 rot=297.00 count=1
[2026-05-07 23:30:58] [I] [lua] [UnitTest] id=1 timer=298 x=398.00 y=349.00 rot=298.00 count=1
[2026-05-07 23:30:58] [I] [lua] [UnitTest] id=1 timer=299 x=399.00 y=349.50 rot=299.00 count=1
[2026-05-07 23:30:58] [I] [lua] [UnitTest] id=1 timer=300 x=400.00 y=350.00 rot=300.00 count=1
[2026-05-07 23:30:58] [I] [lua] [UnitTest] id=1 timer=301 x=401.00 y=350.50 rot=301.00 count=1
[2026-05-07 23:30:58] [I] [lua] [UnitTest] id=1 timer=302 x=402.00 y=351.00 rot=302.00 count=1
[2026-05-07 23:30:58] [I] [luastg] 结束更新&渲染循环
[2026-05-07 23:30:58] [I] [lua] [UnitTest] GameExit
[2026-05-07 23:30:58] [I] [luastg] 清空对象池
[2026-05-07 23:30:58] [I] [luastg] 关闭luajit引擎
[2026-05-07 23:30:58] [I] [luastg] 已清空资源池 'global'
[2026-05-07 23:30:58] [I] [luastg] 已清空资源池 'stage'
[2026-05-07 23:30:58] [I] [luastg] 清空所有游戏资源
[2026-05-07 23:30:58] [I] [luastg] 卸载所有资源包
[2026-05-07 23:30:58] [I] [luastg] 引擎关闭
