[2026-05-07 22:51:45] [I] Duration before logging system: 0.0228957s
[2026-05-07 22:51:45] [I] LuaSTG Nexus v0.21.130
[2026-05-07 22:51:45] [I] [luastg] 初始化引擎
[2026-05-07 22:51:45] [I] [luastg] 初始化对象池，容量32768
[2026-05-07 22:51:45] [I] [luastg] 初始化luajit引擎
[2026-05-07 22:51:45] [I] [luajit] LuaJIT 2.1.1778074285
[2026-05-07 22:51:45] [I] [luajit] 注册标准库与内置包
[2026-05-07 22:51:45] [I] [luajit] [0] E:\STG\LuaSTG-Future\LuaSTG-Data\LuaSTG-Nex_Data\LuaSTGSub.exe
[2026-05-07 22:51:45] [I] [luastg] 加载脚本'lib/Lapi.lua'
[2026-05-07 22:51:45] [E] [luastg] 无法加载文件'lib/Lapi.lua'
[2026-05-07 22:51:45] [E] [luajit] 运行'launch'时出错：[string "launch"]:58: can't load file 'lib/Lapi.lua'
stack traceback:
	[C]: in function 'DoFile'
	[string "launch"]:58: in main chunk
[2026-05-07 22:51:51] [E] [luastg] failed to load configuration from script 'launch'
[2026-05-07 22:51:53] [I] [luastg] 清空对象池
[2026-05-07 22:51:53] [I] [luastg] 关闭luajit引擎
[2026-05-07 22:51:53] [I] [luastg] 已清空资源池 'global'
[2026-05-07 22:51:53] [I] [luastg] 已清空资源池 'stage'
[2026-05-07 22:51:53] [I] [luastg] 清空所有游戏资源
